116,235 116,234 115,233 114,234 114,235 115,236
52,133 51,132 50,131 49,130 48,129 47,128 46,129 45,130 45,131 45,132 45,133 45,134 45,135 45,136 46,137 47,138 48,138 49,138 50,139 51,138 52,137 52,136 52,135 52,134
230,7 229,6 228,6 227,6 226,6 225,7 224,7 223,7 222,7 221,6 220,6 219,5 218,5 217,5 216,6 216,7 217,8 217,9 218,10 219,10 220,10 221,11 222,11 223,12 224,12 225,12 226,13 227,12 228,12 229,11 229,10 230,9 230,8
73,150 74,149 75,149 76,148 77,148 78,147 79,147 80,146 81,146 82,145 83,145 84,144 85,143 86,142 87,141 87,140 88,139 89,138 89,137 88,136 87,135 86,134 85,133 85,132 85,131 85,130 86,129 85,128 84,127 83,127 82,128 81,129 81,130 80,131 80,132 81,133 81,134 82,135 83,136 83,137 83,138 83,139 82,140 81,141 80,141 79,140 79,139 78,138 78,137 77,136 76,135 76,134 75,133 75,132 74,131 73,131 72,130 71,131 70,131 69,132 68,133 67,134 67,135 66,136 66,137 65,138 64,138 63,139 64,140 65,141 66,142 67,141 68,141 69,140 70,139 71,138 72,138 73,138 74,139 74,140 75,141 75,142 74,143 74,144 73,145 72,145 71,145 70,145 69,145 68,146 68,147 68,148 68,149 68,150 69,151 70,152 71,153 72,152 73,151
222,68 221,67 220,67 219,66 218,66 217,67 216,68 215,69 215,70 214,71 213,71 212,71 211,71 210,72 210,73 210,74 211,75 212,76 213,77 214,76 215,76 216,75 216,74 217,74 218,74 219,74 220,74 221,74 222,73 223,72 224,71 224,70 223,69
122,27 121,26 120,27 121,28
79,103 79,102 79,101 79,100 79,99 79,98 79,97 78,96 79,95 78,94 78,93 78,92 78,91 77,90 76,89 75,89 74,89 73,90 73,91 74,92 74,93 75,94 75,95 75,96 75,97 75,98 75,99 74,100 73,100 72,101 71,101 70,102 69,103 69,104 68,105 67,106 66,107 65,107 64,108 63,109 64,110 65,111 65,112 66,113 67,112 68,111 69,110 70,109 71,108 72,108 73,107 74,107 75,107 76,107 77,108 78,108 79,108 80,109 81,108 82,107 82,106 81,105 80,104
81,245 80,244 79,243 79,242 78,241 77,241 76,241 75,241 74,242 73,243 73,244 73,245 73,246 72,247 71,248 72,249 73,249 74,249 75,249 76,249 77,249 78,249 79,249 80,249 81,248 81,247 81,246
245,163 245,162 244,161 243,160 242,160 241,161 240,161 239,160 239,159 238,158 238,157 237,156 237,155 237,154 238,153 239,152 239,151 240,150 240,149 240,148 239,147 239,146 238,145 238,144 237,143 236,142 235,142 234,141 233,141 232,142 231,142 230,143 229,144 228,145 228,146 229,147 230,147 231,147 232,147 233,147 234,147 234,148 235,149 235,150 234,151 233,152 232,151 231,151 230,151 229,152 228,153 227,154 227,155 227,156 226,157 226,158 225,159 225,160 224,161 223,161 222,161 221,161 220,162 219,163 219,164 220,165 221,165 222,166 223,166 224,165 225,164 226,163 227,162 228,161 229,160 229,159 230,158 230,157 231,157 232,157 233,157 234,158 234,159 234,160 235,161 235,162 235,163 235,164 235,165 236,166 237,167 238,168 239,169 240,169 241,169 242,168 242,167 243,166 243,165 244,164
221,171 220,170 219,170 218,170 217,170 216,170 215,171 214,172 213,173 212,173 211,173 210,173 209,174 208,174 207,174 206,175 206,176 206,177 207,178 208,179 209,179 210,180 211,180 212,180 213,180 214,180 215,179 216,178 217,177 218,176 219,176 220,176 221,175 222,174 223,173 222,172
237,188 238,187 239,186 240,186 241,185 241,184 241,183 241,182 240,181 239,180 239,179 238,178 237,178 236,178 235,178 234,179 234,180 235,181 235,182 235,183 235,184 235,185 235,186 234,187 233,188 233,189 232,190 231,191 230,192 231,193 232,194 233,194 234,195 234,196 235,197 236,198 237,198 237,199 237,200 237,201 237,202 238,203 239,204 240,205 241,204 242,203 243,202 243,201 244,201 245,201 245,202 246,203 247,203 248,204 249,203 249,202 249,201 249,200 249,199 249,198 248,197 247,196 246,196 245,195 244,194 243,193 242,193 241,193 240,193 239,193 238,193 237,192 236,192 235,191 235,190 236,189
235,235 236,235 237,234 236,233 236,232 236,231 236,230 235,229 234,228 234,227 233,226 232,225 231,225 230,225 229,225 228,225 227,226 227,227 228,228 229,229 229,230 230,231 229,232 229,233 228,233 227,234 226,234 225,235 225,236 225,237 226,238 227,239 228,239 229,238 230,237 231,237 232,236 233,236 234,236
151,183 151,182 150,181 149,180 148,179 147,178 146,178 145,179 144,179 143,180 143,181 142,182 141,183 141,184 140,185 141,186 141,187 141,188 141,189 142,190 143,191 144,192 145,192 146,192 147,192 148,191 149,190 149,189 149,188 149,187 149,186 149,185 150,184
136,89 136,88 136,87 135,86 134,85 133,85 132,85 131,86 130,86 129,87 128,88 127,89 127,90 126,91 127,92 128,92 129,93 130,94 131,95 132,96 133,97 134,96 135,95 136,94 136,93 136,92 136,91 136,90
232,177 231,176 230,176 229,175 228,176 227,177 227,178 227,179 226,180 227,181 228,181 229,182 230,181 231,181 232,180 233,179 233,178
9,123 8,122 7,121 8,120 7,119 7,118 6,117 5,118 5,119 5,120 5,121 4,122 3,122 2,123 1,122 0,123 0,124 0,125 1,126 2,126 3,127 4,128 5,129 6,128 7,127 8,127 9,126 10,125 10,124
226,120 226,119 226,118 226,117 226,116 226,115 226,114 226,113 225,112 224,112 223,111 222,111 221,111 220,110 219,110 218,109 217,110 217,111 217,112 216,113 216,114 216,115 215,116 215,117 215,118 216,119 217,119 218,119 219,119 220,119 221,119 222,120 221,121 222,122 222,123 222,124 223,125 224,125 225,124 226,123 226,122 226,121
46,152 45,151 44,150 43,150 42,151 41,152 41,153 40,154 40,155 41,156 42,157 43,157 44,158 45,158 46,158 47,158 48,158 49,159 50,160 50,161 51,162 52,161 52,160 53,160 54,160 55,159 55,158 55,157 56,156 57,155 57,154 56,153 55,153 54,153 53,153 52,154 51,154 50,155 49,155 48,155 48,154 47,153
4,50 3,49 2,50 3,51
93,80 92,79 91,79 90,79 89,79 88,80 87,81 87,82 87,83 88,84 89,84 90,84 91,83 91,82 92,81
216,60 215,59 215,58 214,57 213,58 212,58 211,59 210,60 210,61 210,62 211,63 212,64 213,64 214,63 215,63 216,62 217,62 218,62 219,62 220,61 219,60 218,60 217,60
72,169 73,168 73,167 72,166 71,165 70,165 69,165 68,165 67,166 67,167 66,168 67,169 68,169 69,169 70,170 71,170
90,61 90,60 89,59 88,60 87,59 86,58 85,58 84,57 84,56 84,55 85,54 85,53 85,52 85,51 86,50 87,49 87,48 86,47 85,46 84,47 84,48 83,49 83,50 82,50 81,51 80,51 79,51 78,51 77,51 76,50 75,51 75,52 74,53 74,54 73,55 73,56 74,57 75,57 76,57 77,57 78,56 79,56 80,56 81,57 81,58 81,59 81,60 81,61 81,62 82,63 83,64 84,64 85,64 86,64 87,64 88,64 89,64 90,64 91,64 92,64 93,63 92,62 91,61
69,95 68,94 67,93 66,92 65,93 64,93 63,94 63,95 63,96 64,97 65,98 66,98 67,97 68,96
228,49 228,48 228,47 228,46 227,45 226,44 225,44 224,44 223,44 223,43 222,42 221,41 220,41 219,40 218,41 217,42 217,43 218,44 219,45 220,46 221,46 222,46 223,46 223,47 223,48 224,49 224,50 225,51 226,51 227,50
117,75 117,74 116,73 116,72 116,71 116,70 117,69 118,69 119,69 120,68 121,68 122,67 121,66 120,65 119,64 118,64 117,64 116,65 115,65 114,66 113,66 112,67 111,68 110,69 110,70 110,71 111,72 111,73 110,74 110,75 109,76 109,77 109,78 110,79 110,80 110,81 110,82 109,83 108,83 107,83 106,83 105,82 105,81 104,80 104,79 103,78 102,77 101,77 100,78 101,79 100,80 100,81 100,82 100,83 100,84 101,85 102,86 103,87 104,88 105,88 106,89 107,89 108,88 108,87 109,86 110,86 111,86 112,85 113,84 112,83 113,82 112,81 112,80 113,79 114,78 115,77 116,76
29,225 28,224 27,223 27,222 27,221 28,220 29,219 29,218 29,217 29,216 28,215 27,214 27,213 27,212 27,211 27,210 28,210 29,210 30,210 31,209 32,209 33,208 33,207 32,206 31,206 30,206 29,206 28,206 27,207 26,208 25,208 24,209 23,210 22,211 21,212 21,213 21,214 21,215 21,216 21,217 21,218 21,219 21,220 21,221 21,222 21,223 21,224 22,225 23,226 23,227 24,228 23,229 23,230 22,231 22,232 21,233 21,234 22,235 23,235 24,235 25,236 26,235 26,234 27,234 28,234 27,235 27,236 27,237 26,238 26,239 27,240 28,240 29,241 30,240 30,239 31,239 32,238 32,237 31,236 30,235 30,234 31,233 32,232 33,231 33,230 33,229 32,228 31,227 30,226 29,226
11,247 10,246 10,245 10,244 9,243 8,243 7,242 6,241 6,240 5,239 5,238 6,239 7,239 8,240 9,240 10,240 11,240 12,239 12,238 12,237 12,236 12,235 11,234 11,233 10,232 9,231 8,231 7,230 6,230 5,230 4,231 3,231 2,232 1,233 0,234 1,235 1,236 2,237 3,237 3,238 2,239 1,239 0,240 0,241 0,242 0,243 0,244 0,245 1,246 1,247 2,248 3,249 4,249 5,249 6,249 7,249 8,249 9,249 10,249 11,249 12,248
131,44 132,43 132,42 132,41 132,40 132,39 132,38 132,37 132,36 133,36 134,36 135,35 136,35 137,35 138,34 139,33 138,32 137,31 136,30 135,29 134,29 133,30 132,30 131,31 130,31 129,32 128,32 127,32 126,32 125,32 124,33 124,34 124,35 123,36 124,37 124,38 123,39 123,40 122,40 121,41 120,41 119,42 119,43 119,44 120,45 119,46 119,47 118,48 117,49 116,50 115,51 115,52 115,53 116,54 117,55 118,55 119,55 120,54 120,53 121,52 121,51 122,50 122,49 123,48 124,48 125,49 126,50 127,51 128,51 129,50 130,49 130,48 130,47 131,46 131,45
197,177 197,176 196,175 195,174 195,173 194,172 194,171 193,170 192,170 191,170 190,171 189,172 188,172 187,173 186,174 185,175 184,176 183,176 182,176 181,176 180,175 179,175 178,176 178,177 179,178 180,179 181,180 182,181 183,181 184,181 185,181 186,180 187,180 188,179 189,179 190,178 191,178 192,178 193,179 194,180 195,180 196,179 197,178
168,30 168,29 168,28 169,27 168,26 167,25 166,24 165,24 164,24 163,24 162,25 161,25 160,25 159,26 159,27 158,28 158,29 157,30 157,31 157,32 158,33 158,34 157,34 156,35 155,35 154,35 153,35 153,34 152,33 152,32 151,31 150,31 149,31 148,31 147,32 147,33 148,34 148,35 148,36 148,37 148,38 148,39 149,40 150,41 151,41 152,41 153,40 154,40 155,40 156,41 157,41 158,41 159,41 160,41 161,42 162,42 163,43 164,43 165,44 164,45 163,46 162,46 161,47 160,48 159,49 160,50 161,51 161,52 161,53 161,54 160,54 159,55 158,56 158,57 158,58 159,59 160,60 161,61 162,60 163,59 163,58 163,57 163,56 163,55 164,55 165,55 166,56 167,56 168,57 169,58 169,59 170,60 170,61 171,62 172,63 173,64 174,64 175,64 176,63 177,63 178,62 179,61 180,60 180,59 180,58 180,57 179,56 178,56 177,55 176,54 175,54 174,55 173,55 172,56 171,55 170,55 169,54 168,53 167,52 168,51 168,50 168,49 169,48 169,47 170,46 169,45 169,44 169,43 169,42 169,41 169,40 170,39 169,38 168,37 167,37 166,37 165,37 164,36 164,35 164,34 164,33 165,32 166,31 167,31
199,82 200,81 200,80 199,79 198,78 197,77 196,76 195,77 195,78 195,79 195,80 195,81 195,82 196,83 197,83 198,84 199,83
42,197 43,196 43,195 43,194 42,193 41,193 40,192 39,193 38,194 38,195 38,196 37,197 36,197 35,197 34,197 33,197 32,197 31,198 31,199 31,200 32,201 33,202 34,203 35,204 36,204 37,203 38,202 39,201 40,200 40,199 41,198
75,2 76,2 77,1 76,0 75,0 74,0 73,0 72,0 71,0 70,0 69,0 68,0 67,0 66,0 65,0 64,0 63,1 64,2 64,3 64,4 64,5 64,6 64,7 65,8 66,9 67,9 68,9 69,8 70,7 70,6 71,5 71,4 72,3 73,3 74,3
143,151 143,150 143,149 142,148 141,147 140,148 139,148 138,148 137,149 136,149 135,150 135,151 135,152 135,153 136,154 137,155 138,155 139,155 140,154 141,154 142,153 142,152
102,128 102,127 102,126 101,125 100,125 99,125 98,125 97,126 96,127 96,128 95,129 95,130 96,131 96,132 97,133 98,134 99,135 100,135 101,135 102,135 103,134 102,133 102,132 102,131 102,130 102,129
129,237 130,236 129,235 128,235 127,235 126,235 125,235 124,236 123,235 122,236 121,236 120,236 119,235 120,234 119,233 119,232 120,231 120,230 120,229 120,228 119,227 118,227 117,227 116,227 115,227 114,227 113,227 112,226 111,226 110,226 109,227 109,228 109,229 109,230 110,231 111,230 112,231 113,231 114,231 115,232 115,233 116,234 116,235 116,236 117,237 118,238 119,239 120,239 121,240 122,240 123,240 124,241 125,241 126,241 127,240 128,239 128,238
155,70 154,69 153,70 154,71
187,115 187,114 187,113 187,112 186,111 185,110 184,111 183,111 182,112 181,112 180,113 179,114 178,115 177,116 176,117 176,118 175,119 176,120 177,120 178,120 179,120 180,119 181,119 182,118 183,118 184,118 185,118 185,119 185,120 185,121 184,122 184,123 183,124 182,125 181,126 180,126 179,126 178,127 177,127 176,128 175,127 174,126 174,125 174,124 174,123 173,122 172,121 171,120 171,119 170,118 169,117 168,118 167,119 166,120 166,121 166,122 166,123 167,124 168,125 169,126 170,127 170,128 170,129 170,130 170,131 170,132 170,133 169,134 168,134 167,135 167,136 168,137 169,138 170,138 171,139 172,139 173,139 174,140 175,139 176,140 177,141 178,142 179,143 180,144 181,143 182,142 183,141 183,140 183,139 182,138 182,137 181,136 180,136 179,135 179,134 180,134 181,134 182,134 183,134 184,134 185,134 186,134 187,133 186,132 186,131 187,130 186,129 187,128 187,127 188,126 188,125 188,124 189,123 189,122 190,121 191,120 191,119 192,119 193,119 194,119 195,118 196,117 196,116 196,115 195,114 194,113 193,114 192,115 191,116 190,116 189,116 188,116 187,116
30,167 30,166 30,165 31,164 32,164 33,163 34,163 35,162 36,161 36,160 35,159 34,159 33,159 32,159 31,159 30,160 29,161 28,162 27,162 26,163 25,164 24,165 24,166 24,167 24,168 25,169 26,169 27,170 28,170 29,170 30,169 30,168
167,104 168,103 169,102 169,101 169,100 169,99 169,98 168,97 167,97 166,98 166,99 165,100 164,101 163,101 162,102 161,103 160,104 161,105 161,106 162,107 162,108 161,109 161,110 160,111 159,112 159,113 159,114 158,115 158,116 157,117 156,118 156,117 155,116 154,117 153,117 152,118 151,119 151,120 151,121 151,122 151,123 152,124 153,124 154,123 155,123 156,122 157,122 158,122 159,121 160,122 161,121 161,120 162,119 162,118 162,117 162,116 163,115 164,114 165,114 166,113 167,112 168,111 167,110 167,109 167,108 166,107 166,106 167,105
81,186 80,185 79,186 80,187
130,180 129,179 128,178 127,177 126,177 125,176 125,175 124,174 124,173 123,172 122,172 121,171 120,170 119,169 118,168 117,169 117,170 117,171 117,172 117,173 118,174 118,175 119,176 119,177 119,178 120,179 121,180 122,181 123,182 124,183 125,183 126,184 127,184 128,185 129,185 130,186 131,187 132,187 133,187 134,187 135,186 136,185 135,184 135,183 134,182 133,181 132,181 131,180
141,134 142,133 141,132 140,131 139,130 138,130 137,129 136,129 135,128 134,128 133,128 132,129 131,130 131,131 130,132 130,133 130,134 129,135 129,136 129,137 130,138 130,139 131,140 132,141 133,141 134,140 135,139 135,138 135,137 135,136 136,135 137,135 138,135 139,135 140,135
156,148 155,147 154,146 153,146 152,145 151,144 151,143 151,142 151,141 150,140 149,139 148,140 148,141 148,142 148,143 148,144 148,145 148,146 147,147 148,148 149,149 150,150 151,150 152,150 153,150 154,151 155,151 156,150 156,149
32,8 31,7 30,6 30,5 29,4 29,3 29,2 29,1 28,0 27,0 26,0 25,0 24,1 23,2 24,3 24,4 24,5 23,5 22,5 21,5 20,5 19,5 18,6 17,7 17,8 18,9 19,9 20,10 21,10 22,10 23,10 24,10 25,11 26,11 27,12 28,12 29,13 29,14 30,15 29,16 30,17 31,17 31,18 30,19 29,20 28,21 28,22 28,23 29,24 30,25 31,25 32,24 33,24 34,23 33,22 33,21 33,20 33,19 34,18 35,17 36,16 36,15 36,14 36,13 35,12 34,11 33,10 32,9
180,34 181,33 181,32 180,31 179,30 178,29 177,28 176,28 175,28 174,28 173,29 173,30 172,31 172,32 172,33 172,34 173,35 174,36 175,36 176,36 177,36 178,35 179,35
19,141 19,140 18,139 17,138 16,137 15,137 14,137 13,138 12,139 11,140 10,141 9,142 9,143 9,144 10,145 11,144 12,144 13,143 14,143 15,142 16,142 17,142 18,142
83,225 83,224 83,223 82,222 81,221 80,220 79,220 78,220 77,220 76,219 75,218 74,218 73,217 72,217 71,217 70,216 70,215 69,214 68,213 67,213 66,212 65,212 64,213 63,214 63,215 63,216 64,217 65,217 66,218 67,218 68,218 69,218 69,219 69,220 70,221 71,222 72,222 73,222 74,223 75,223 75,224 76,225 76,226 77,227 78,228 79,229 79,230 80,231 79,232 78,233 77,233 76,233 75,234 74,235 74,236 75,237 76,238 77,238 78,238 79,237 80,237 81,236 82,236 83,236 84,236 85,236 86,236 87,236 88,235 89,235 90,235 91,234 92,233 92,232 92,231 92,230 92,229 92,228 92,227 91,226 92,225 92,224 91,223 90,223 89,224 88,224 87,225 87,226 88,227 87,228 87,229 86,230 85,230 84,230 83,229 83,228 83,227 83,226
111,41 110,40 109,40 108,40 107,39 106,39 105,39 104,39 103,39 102,40 102,41 101,42 101,43 101,44 102,45 103,45 104,45 105,45 106,44 107,44 108,44 109,44 110,45 111,45 112,45 113,44 113,43 112,42
166,93 167,92 167,91 166,90 165,90 164,90 163,90 162,90 161,91 160,91 159,92 158,93 157,94 157,95 157,96 158,97 159,97 160,97 161,96 162,96 163,96 164,95 165,96 166,95 166,94
192,186 193,186 194,185 194,184 193,183 192,182 191,182 190,183 189,183 188,183 187,183 186,184 185,184 184,185 183,185 182,185 181,186 180,186 179,187 179,188 178,189 178,190 179,191 180,191 181,191 182,190 182,191 183,192 184,191 184,190 185,190 186,190 187,190 188,189 189,188 190,187 191,187
148,93 149,93 150,92 150,91 149,90 148,89 149,88 148,87 147,87 147,86 147,85 147,84 147,83 146,82 145,82 144,83 144,84 144,85 144,86 143,87 142,88 141,89 141,90 141,91 141,92 142,93 143,94 144,94 145,94 146,94 147,94
39,108 39,107 38,106 39,105 39,104 40,103 41,103 42,102 43,101 44,100 43,99 42,98 41,98 40,98 39,99 38,100 37,101 36,102 35,102 34,103 33,104 33,105 33,106 33,107 33,108 33,109 32,110 33,111 32,112 32,113 31,114 30,115 29,116 28,117 29,118 30,119 31,120 32,120 33,119 34,118 34,117 34,116 35,115 36,115 37,115 38,115 39,115 39,116 39,117 38,118 38,119 38,120 39,121 40,121 41,121 42,120 43,120 44,120 45,120 46,120 47,121 48,122 49,122 50,122 51,121 52,121 53,121 54,122 55,122 56,123 56,124 57,125 58,125 59,126 60,125 61,124 61,123 60,122 60,121 59,120 60,119 59,118 58,117 57,118 56,117 55,117 55,116 55,115 55,114 55,113 55,112 54,111 53,111 52,111 51,111 50,110 49,111 49,112 49,113 49,114 49,115 49,116 48,116 47,115 46,116 45,115 44,115 43,115 42,114 41,114 40,113 40,112 40,111 40,110 39,109
2,6 2,5 3,4 3,3 4,2 3,1 2,0 1,0 0,1 0,2 0,3 0,4 0,5 0,6 1,7
114,244 113,243 112,242 111,241 110,240 109,239 108,239 107,239 106,240 105,240 104,240 103,241 103,242 104,243 105,244 106,245 107,245 108,245 109,245 110,245 111,245 112,245 113,245
32,191 32,190 33,189 33,188 34,188 35,189 36,188 36,187 37,187 38,186 39,185 39,184 38,183 37,183 36,183 35,183 34,183 33,184 33,185 32,186 31,186 30,186 29,187 28,187 27,188 27,189 26,190 26,191 27,192 28,192 29,193 30,193 31,192
180,146 179,145 178,146 177,147 176,148 175,148 174,149 173,149 172,150 171,151 170,152 169,153 169,154 169,155 170,156 170,157 170,158 170,159 171,160 171,161 172,162 172,163 172,164 171,165 171,166 171,167 171,168 172,169 173,169 174,169 175,170 176,170 177,171 178,171 179,171 180,171 181,171 182,171 183,171 184,170 184,169 183,168 182,167 181,167 180,166 179,165 178,164 177,164 176,163 175,163 174,162 174,161 175,161 176,160 175,159 176,159 177,158 178,158 179,158 180,158 181,157 181,156 180,155 179,154 178,153 178,152 179,151 179,150 180,149 181,148 181,147
67,83 66,82 65,83 66,84
246,235 247,234 247,233 247,232 247,231 248,230 248,229 249,228 249,227 248,226 247,225 246,226 246,227 245,228 244,229 243,229 242,230 241,231 241,232 241,233 240,234 240,235 241,236 242,237 243,237 244,236 245,236
26,242 25,241 24,241 23,241 22,241 21,242 20,243 20,244 21,245 21,246 22,247 23,246 24,247 24,248 25,249 26,249 27,249 28,248 29,247 29,246 28,245 27,244 27,243
145,221 146,220 147,220 148,220 149,220 150,219 151,219 152,218 153,219 154,219 155,219 156,220 157,220 158,221 159,221 160,221 161,222 162,222 163,222 164,222 165,221 165,220 166,219 166,218 166,217 167,216 167,215 166,214 165,213 164,213 163,213 162,214 161,214 160,214 159,214 158,214 157,214 156,214 155,214 154,214 153,214 152,214 152,213 151,212 150,211 149,210 148,209 147,208 146,208 145,208 144,209 143,210 143,211 142,212 142,213 142,214 142,215 142,216 142,217 142,218 141,219 141,220 141,221 141,222 141,223 140,224 139,224 138,225 139,226 139,227 139,228 138,229 139,230 140,231 141,230 142,229 143,228 144,227 143,226 143,225 143,224 143,223 144,222
225,194 225,193 224,192 223,192 222,191 221,191 220,191 219,191 218,192 218,193 217,194 217,195 217,196 216,197 217,198 218,199 219,199 220,199 221,200 222,200 223,200 224,201 225,201 226,202 227,202 227,203 228,204 229,203 230,203 231,202 231,201 231,200 230,199 229,199 228,198 227,198 226,197 225,197 225,196 225,195
135,200 134,199 133,199 132,200 131,201 131,202 131,203 132,204 133,203 134,203 135,203 136,202 136,201
120,214 121,213 120,212 119,212 118,212 117,213 117,214 116,215 116,216 117,217 118,216 119,215
217,37 216,36 215,35 214,34 214,33 213,32 212,31 211,31 210,30 209,30 208,30 207,30 206,29 205,29 204,28 203,29 203,30 203,31 203,32 203,33 203,34 204,35 205,34 206,34 207,34 208,34 209,35 210,35 211,36 210,37 210,38 209,37 208,38 208,39 208,40 207,41 207,42 208,43 209,42 210,41 211,40 212,40 213,39 214,39 215,39 216,39 217,38
101,193 101,192 100,191 100,190 100,189 100,188 101,187 102,187 103,187 104,187 105,187 106,186 107,185 107,184 106,183 105,182 104,183 103,183 102,183 101,184 100,184 99,185 98,186 97,187 97,188 96,189 95,190 94,191 93,192 92,193 91,194 91,195 92,196 93,196 94,197 95,197 96,197 97,197 98,197 99,198 100,198 101,199 102,199 103,198 103,197 103,196 102,195 102,194
95,65 94,64 93,64 92,64 91,65 92,66 92,67 91,68 92,69 93,70 94,70 95,70 96,71 96,72 96,73 96,74 97,75 98,75 99,75 100,76 101,76 102,77 103,76 103,75 103,74 104,73 103,72 103,71 102,70 101,69 100,68 99,68 98,67 97,66 96,65
192,30 191,29 190,30 191,31
196,233 195,232 195,231 194,230 193,229 192,228 191,229 190,230 190,231 190,232 190,233 190,234 191,235 192,236 193,235 194,235 195,234
202,137 203,136 203,135 203,134 203,133 202,132 201,131 200,131 199,130 198,130 197,129 196,129 195,129 194,130 194,131 194,132 194,133 195,134 196,135 196,136 196,137 197,138 198,139 199,140 200,141 201,140 202,139 202,138
55,46 54,45 53,46 54,47
114,179 113,178 112,178 111,177 110,176 109,175 109,174 109,173 109,172 109,171 109,170 109,169 109,168 109,167 109,166 108,165 107,165 106,165 105,166 105,167 105,168 105,169 105,170 105,171 104,172 104,173 104,174 104,175 104,176 104,177 105,178 105,179 106,180 107,180 108,181 109,181 110,182 111,183 112,184 113,184 114,185 115,186 116,187 117,187 118,187 119,188 120,187 121,186 121,185 120,184 119,184 118,184 117,184 116,184 116,183 115,182 115,181 115,180
190,202 190,201 189,200 189,199 188,198 187,197 186,197 185,196 184,197 184,198 183,199 183,200 182,200 181,201 182,202 182,203 182,204 183,205 183,206 183,207 182,208 181,209 181,210 180,211 179,212 179,213 179,214 180,215 181,215 182,214 183,214 184,213 185,212 185,211 185,210 185,209 185,208 185,207 186,206 187,206 188,205 189,205 190,204 190,203
60,78 61,77 62,76 62,75 61,74 60,74 59,74 58,73 57,74 56,75 55,76 55,77 55,78 54,79 53,80 52,80 51,80 50,79 49,79 48,79 47,79 46,79 45,79 44,79 43,79 42,79 41,80 40,81 39,82 40,83 41,84 42,84 43,84 44,83 45,83 46,83 47,83 48,83 49,83 50,83 51,83 51,84 52,85 52,86 53,87 54,87 54,88 54,89 54,90 54,91 55,92 55,93 55,94 55,95 54,96 53,97 53,98 54,99 54,100 55,101 56,101 57,101 58,100 58,99 58,98 58,97 58,96 58,95 59,94 59,93 59,92 60,91 60,90 59,89 59,88 59,87 59,86 59,85 60,84 60,83 60,82 60,81 59,80 60,79
168,147 167,146 166,146 165,145 164,146 164,147 164,148 165,149 166,149 167,148
27,176 26,175 25,176 26,177
185,46 184,45 183,44 182,45 181,46 181,47 181,48 182,49 182,50 183,51 184,52 185,53 185,54 185,55 185,56 185,57 185,58 185,59 184,60 185,61 186,61 187,62 188,62 189,61 190,60 190,59 190,58 190,57 190,56 191,55 192,54 193,53 192,52 191,51 190,51 189,50 188,50 187,49 186,49 185,48 185,47
157,64 156,63 155,62 154,62 153,61 152,61 151,60 150,60 149,60 148,61 147,62 146,63 146,64 146,65 145,66 144,67 143,68 144,69 145,70 144,71 143,71 142,71 141,71 140,70 139,70 138,70 137,70 136,70 135,71 134,71 133,71 132,71 131,71 130,72 129,72 128,72 129,71 128,70 128,69 127,68 126,67 125,67 124,68 123,69 122,70 122,71 121,72 121,73 121,74 121,75 122,76 123,76 124,76 125,76 126,75 126,76 127,77 127,78 128,79 129,80 130,80 131,80 132,80 133,80 134,79 135,78 135,77 135,76 135,75 136,74 137,75 138,75 139,75 140,76 141,76 142,76 143,76 144,76 145,75 146,74 147,73 147,72 147,71 148,70 149,69 149,68 150,67 151,67 152,67 152,68 153,69 154,69 155,70 156,70 157,71 158,72 159,73 160,74 161,73 162,72 163,71 163,70 163,69 162,68 161,67 160,68 159,68 158,68 157,68 157,67 158,66 157,65
246,220 246,219 247,218 248,217 248,216 249,215 249,214 248,213 247,213 246,213 245,213 244,212 243,213 243,214 243,215 242,216 241,217 240,217 239,218 238,218 237,219 236,220 236,221 235,222 235,223 235,224 234,225 235,226 236,227 237,228 238,227 239,226 239,225 240,224 241,223 242,223 243,223 244,223 244,224 245,225 246,224 246,223 246,222 246,221
134,221 134,220 135,219 135,218 135,217 135,216 134,215 133,216 132,215 131,215 131,214 130,213 130,212 129,211 128,210 127,211 126,210 125,211 125,212 125,213 124,214 124,215 124,216 124,217 125,218 126,219 127,219 127,220 128,221 128,222 129,223 129,224 129,225 128,226 127,227 126,228 127,229 128,230 129,230 130,229 131,229 132,228 132,227 132,226 132,225 132,224 133,223 134,222
125,160 124,159 123,160 124,161
82,33 82,32 82,31 81,30 80,29 79,29 78,29 77,30 76,31 76,32 76,33 76,34 77,35 77,36 77,37 78,38 79,39 80,39 81,38 82,37 82,36 82,35 82,34
120,106 119,105 120,105 121,105 122,105 123,104 124,103 124,102 125,101 124,100 123,100 122,100 121,100 120,100 119,99 118,99 117,98 116,98 116,97 115,96 114,96 113,95 112,94 112,93 112,92 111,91 111,90 110,89 109,89 108,88 107,89 107,90 107,91 107,92 107,93 107,94 107,95 108,96 108,97 109,98 110,99 111,100 112,100 113,101 114,102 114,103 114,104 113,104 112,105 111,105 110,106 109,105 108,106 108,107 107,108 107,109 107,110 107,111 108,112 109,112 110,112 111,112 112,111 113,111 112,112 111,113 111,114 111,115 112,116 112,117 113,118 114,118 115,118 115,119 116,120 117,119 118,119 119,118 119,117 118,116 118,115 118,114 117,113 117,112 117,111 118,110 119,110 120,111 121,110 122,110 123,111 124,112 125,112 126,113 127,113 128,113 129,112 129,111 129,110 128,109 127,109 126,108 125,108 124,107 123,106 122,107 121,106
193,138 193,137 192,136 191,136 190,136 189,136 188,136 187,137 187,138 187,139 188,140 189,141 190,140 191,139 192,139
249,20 249,19 249,18 248,17 247,17 246,18 245,19 245,20 245,21 245,22 245,23 244,24 244,25 244,26 244,27 245,28 246,29 247,29 248,29 249,28 249,27 249,26 249,25 249,24 249,23 249,22 249,21
246,2 245,1 244,2 245,3
174,144 173,143 172,144 173,145
121,227 120,226 119,227 120,228
249,183 249,182 248,181 247,181 246,182 245,182 244,183 243,184 243,185 243,186 244,187 245,187 246,187 247,187 248,186 249,185 249,184
188,8 189,7 189,6 189,5 188,4 187,3 186,2 186,1 185,0 184,0 183,0 182,0 181,0 180,1 180,2 180,3 180,4 181,5 182,6 183,7 184,8 185,9 186,9 187,9
107,210 108,209 108,208 108,207 108,206 108,205 108,204 108,203 109,202 110,202 111,201 112,200 113,199 114,199 115,199 116,200 117,201 118,202 118,203 118,204 119,205 120,206 121,206 122,206 123,205 124,204 123,203 122,202 121,201 120,200 120,199 120,198 120,197 120,196 119,195 118,194 117,194 116,194 115,195 114,196 113,197 112,196 111,196 110,196 109,197 108,198 107,199 107,200 106,201 105,201 104,202 103,203 103,204 102,204 101,205 102,206 102,207 102,208 102,209 101,209 100,209 99,208 98,208 97,207 96,207 95,206 94,206 93,206 92,207 91,208 91,209 91,210 90,211 90,212 91,213 92,214 93,215 93,216 94,217 95,218 96,217 97,217 98,216 99,215 100,215 101,215 102,215 103,214 103,213 104,212 105,211 106,211
195,138 194,137 193,138 194,139
85,89 85,88 84,87 83,87 82,87 81,87 80,88 79,89 78,90 79,91 80,92 81,92 82,92 83,92 84,92 85,91 85,90
243,68 242,67 241,67 240,68 240,69 241,70 242,69
68,78 67,77 66,78 66,79 67,80 68,79
155,244 155,243 155,242 155,241 154,240 153,240 152,240 151,240 150,240 149,241 148,241 147,242 146,243 146,244 146,245 147,246 147,247 148,248 149,249 150,249 151,249 152,249 153,249 154,249 155,249 156,248 157,247 156,246 156,245
85,2 84,1 83,1 82,0 81,1 80,1 79,2 78,3 78,4 77,5 77,6 76,6 75,7 74,7 73,8 72,9 71,10 71,11 71,12 72,13 73,14 74,15 74,16 75,17 75,18 75,19 76,20 77,21 78,21 79,20 80,19 81,18 81,17 80,16 80,15 79,14 79,13 79,12 79,11 79,10 80,9 80,8 81,7 82,7 83,6 84,6 85,5 85,4 85,3
118,137 118,136 118,135 118,134 117,133 116,132 116,131 115,130 114,129 113,130 112,130 111,130 110,131 109,131 108,132 107,133 106,134 105,135 105,136 106,137 107,137 108,137 109,137 110,136 111,136 112,137 113,138 114,138 115,138 116,138 117,138
4,219 3,218 3,217 2,216 1,216 0,217 0,218 0,219 0,220 0,221 0,222 0,223 0,224 0,225 1,226 2,225 2,224 3,223 4,222 4,221 4,220
