153,143 152,142 151,141 150,140 149,141 148,142 147,143 147,144 148,145 149,146 150,147 151,146 152,146 153,145 153,144
229,16 228,15 227,15 226,15 225,16 224,17 223,18 222,19 221,20 220,21 219,22 219,23 218,24 217,25 217,26 217,27 217,28 218,29 219,30 220,30 221,31 222,30 223,30 224,29 225,28 226,27 227,26 228,25 229,24 230,23 231,22 232,21 231,20 230,19 230,18 230,17
170,4 171,3 171,2 172,1 171,0 170,0 169,0 168,0 167,1 167,2 168,3 169,4
204,96 203,96 202,95 201,96 200,96 199,96 198,97 197,98 198,99 199,100 200,100 201,101 202,100 203,100 204,100 205,99 206,98 207,97 206,96 205,96
144,193 143,194 142,195 142,196 142,197 142,198 143,199 144,200 145,200 146,199 147,199 148,198 149,197 150,196 151,195 150,194 149,193 148,193 147,192 146,192 145,192
67,126 66,127 65,128 64,129 64,130 63,131 64,132 65,133 66,134 67,135 68,136 69,136 70,137 71,136 72,136 73,135 74,135 75,134 75,133 75,132 74,131 74,130 73,129 72,128 71,127 70,126 69,126 68,126
141,245 140,246 139,247 139,248 140,249 141,249 142,249 143,249 144,249 145,249 146,248 145,247 144,246 143,245 142,244
101,80 100,81 99,81 98,82 97,83 96,84 95,85 94,86 93,87 92,88 91,89 90,90 89,91 88,92 88,93 88,94 88,95 89,96 90,97 91,98 92,99 93,99 94,100 95,101 96,102 97,103 98,104 99,105 100,105 101,106 102,107 103,106 104,105 105,104 106,105 107,104 108,103 109,102 110,101 111,100 110,99 111,98 112,97 111,96 110,95 109,94 110,93 109,92 109,91 110,90 111,89 111,88 110,87 109,86 109,85 109,84 108,83 107,82 106,81 105,81 104,80 103,79 102,79
66,71 65,72 66,73 67,74 66,75 67,76 67,77 68,78 69,79 70,80 71,81 72,82 73,81 74,81 75,80 76,80 77,79 78,78 79,77 80,76 81,75 82,74 81,73 80,72 79,71 78,70 77,69 76,69 75,69 74,70 73,71 72,72 71,71 70,70 69,69 68,70 67,71
56,37 56,36 55,35 54,34 53,33 52,32 51,31 50,30 49,29 48,30 47,31 46,32 45,33 45,34 44,35 44,36 45,37 46,38 46,39 47,40 48,41 49,41 50,41 51,40 52,40 53,40 54,39 55,38
239,209 240,210 241,209 240,208
240,179 239,180 240,181 241,182 241,183 242,184 243,185 244,186 245,187 246,186 247,186 248,185 249,184 249,183 249,182 249,181 249,180 248,179 247,178 246,177 245,178 244,177 243,177 242,177 241,178
101,199 100,200 99,201 100,202 101,203 102,204 103,204 104,203 105,202 106,201 105,200 104,199 103,198 102,198
62,158 63,157 63,156 62,155 62,154 62,153 61,152 61,151 60,150 60,149 59,148 58,147 57,146 56,145 55,145 54,144 53,145 52,146 51,147 50,148 51,149 52,150 53,151 54,152 55,153 56,154 57,155 58,156 59,157 60,158 61,159
113,232 112,233 113,234 114,233
103,172 104,173 104,174 104,175 105,176 105,177 104,178 105,179 105,180 106,181 107,182 108,183 109,184 110,185 111,186 112,187 113,188 113,189 114,190 115,191 116,190 117,189 118,188 119,187 120,187 121,187 122,186 123,187 124,187 125,186 126,186 127,185 128,184 127,183 127,182 128,181 129,180 129,179 128,178 129,177 129,176 128,175 127,174 126,173 125,172 124,171 123,170 122,169 121,168 120,167 119,166 118,165 117,164 116,163 115,162 114,161 113,160 112,159 111,158 110,157 109,158 108,159 107,160 106,161 105,162 104,163 105,164 104,165 103,166 104,167 104,168 104,169 103,170 104,171
67,53 67,52 68,51 67,50 66,49 65,48 64,47 63,48 62,49 61,50 61,51 61,52 62,53 62,54 63,55 64,56 65,55 66,54
26,91 26,90 27,89 26,88 26,87 25,86 24,85 23,85 22,84 21,83 20,83 19,82 18,81 17,82 16,81 15,80 14,81 13,81 12,81 11,82 10,83 9,83 8,84 7,85 6,86 5,87 4,88 3,88 2,89 1,90 0,91 0,92 0,93 0,94 0,95 0,96 0,97 0,98 0,99 0,100 1,101 0,102 0,103 0,104 0,105 0,106 0,107 0,108 0,109 1,110 0,111 0,112 1,113 2,114 3,114 4,114 5,113 6,112 7,111 8,110 9,109 9,108 10,107 11,106 12,105 13,104 14,103 15,102 16,101 17,100 18,99 19,98 20,97 21,96 22,95 23,94 24,93 25,92
134,133 134,134 135,135 136,136 136,137 135,138 136,139 135,140 136,141 137,142 138,143 139,144 140,145 141,144 142,143 143,142 144,142 145,142 146,141 147,142 148,141 149,140 149,139 148,138 148,137 147,136 148,135 148,134 147,133 148,132 148,131 147,130 148,129 149,128 148,127 147,126 148,125 147,124 146,123 145,122 144,121 143,121 142,121 141,121 140,122 139,122 138,122 137,123 136,124 135,125 134,126 133,127 134,128 133,129 134,130 134,131 135,132
244,232 245,233 246,234 247,235 248,235 249,234 249,233 249,232 249,231 249,230 249,229 248,228 247,228 246,229 246,230 245,231
179,211 180,210 181,211 182,210 183,209 184,208 184,207 185,206 184,205 183,204 182,203 181,202 180,201 179,200 178,200 177,200 176,200 175,199 174,200 173,201 172,200 171,199 170,200 169,201 168,202 167,203 167,204 166,205 167,206 167,207 167,208 168,209 169,210 170,211 171,212 172,213 173,213 174,213 175,214 176,213 177,213 178,212
72,156 71,157 70,158 69,159 68,159 67,159 66,160 65,161 64,162 63,162 62,162 61,162 60,162 59,162 58,163 57,163 56,163 55,164 54,165 53,166 52,167 51,168 50,169 49,169 48,170 47,169 46,170 45,170 44,170 43,170 42,170 41,171 40,172 40,173 41,174 42,175 43,176 44,177 45,178 46,178 47,179 48,180 49,181 50,180 51,181 52,182 53,182 54,183 55,184 56,184 57,183 58,182 59,181 60,180 61,179 62,178 63,177 64,176 65,175 66,176 67,175 68,176 69,177 70,178 71,179 72,180 73,181 74,180 75,181 76,182 77,183 78,182 79,183 80,183 81,182 82,181 83,180 84,179 85,178 85,177 85,176 86,175 86,174 85,173 84,172 84,171 85,170 86,169 85,168 84,167 83,166 82,165 81,164 81,163 80,162 81,161 82,160 83,159 83,158 84,157 84,156 83,155 83,154 83,153 83,152 83,151 83,150 82,149 81,148 80,148 79,149 78,150 77,151 76,152 75,153 74,154 73,155
206,230 207,230 208,229 209,228 210,229 211,228 212,229 213,229 214,229 215,228 216,227 217,226 218,226 219,225 220,224 221,223 222,222 222,221 223,220 224,219 223,218 222,217 221,216 220,215 219,214 218,213 217,212 216,211 215,210 214,211 213,210 212,211 211,210 210,210 209,210 208,211 207,212 206,213 205,214 204,215 204,216 203,217 202,218 201,219 200,220 199,221 198,222 197,223 196,224 196,225 195,226 196,227 196,228 195,229 196,230 196,231 197,232 198,233 199,234 200,234 201,235 202,234 203,233 204,232 205,231
87,22 86,21 85,22 84,23 83,24 82,25 83,26 84,27 85,28 86,29 87,29 88,29 89,29 90,30 91,31 92,32 93,31 94,32 95,32 96,31 97,30 98,29 99,28 100,27 99,26 98,25 97,24 96,23 95,22 94,21 93,21 92,20 91,21 90,22 89,22 88,23
45,135 46,134 46,133 45,132 44,131 43,130 42,131 41,132 40,133 40,134 41,135 42,136 43,136 44,136
149,173 149,174 148,175 147,176 148,177 147,178 148,179 147,180 148,181 147,182 146,183 146,184 147,185 148,186 147,187 148,188 148,189 149,190 150,191 151,192 151,193 152,194 153,195 154,194 155,195 156,194 157,193 157,192 156,191 157,190 158,189 158,188 159,187 160,186 160,185 161,184 160,183 161,182 162,181 161,180 161,179 160,178 160,177 160,176 161,175 162,174 162,173 161,172 160,171 160,170 159,169 159,168 158,167 157,166 156,167 155,168 154,168 153,169 152,170 151,171 150,172
109,220 110,221 111,222 112,223 113,224 114,225 115,224 116,223 117,223 118,224 119,224 120,224 121,223 122,223 123,222 124,223 125,222 126,222 127,221 126,220 127,219 127,218 126,217 125,216 125,215 124,214 125,213 125,212 126,211 125,210 124,209 123,209 122,208 121,209 120,208 119,209 118,210 117,209 116,210 115,209 114,210 113,211 112,212 111,213 111,214 110,215 109,216 110,217 110,218 109,219
199,123 199,122 198,121 197,121 196,120 195,119 194,120 193,120 192,121 191,122 190,123 189,124 188,125 187,126 187,127 187,128 188,129 188,130 187,131 188,132 187,133 188,134 188,135 189,136 190,137 190,138 191,139 191,140 192,141 193,142 194,141 194,140 195,139 196,138 197,137 198,136 198,135 197,134 198,133 199,132 200,131 201,130 201,129 201,128 200,127 200,126 201,125 200,124
69,230 68,230 67,230 66,231 65,232 64,231 63,232 62,233 61,233 60,234 59,235 58,236 59,237 60,238 61,239 62,239 63,240 64,241 65,242 66,243 67,244 68,245 69,246 70,247 71,248 72,249 73,248 74,249 75,249 76,248 77,247 77,246 78,245 78,244 77,243 78,242 78,241 79,240 80,239 81,238 82,237 81,236 80,235 79,234 78,233 77,232 76,231 75,230 74,229 73,230 72,231 71,230 70,231
203,7 204,6 204,5 203,4 203,3 202,2 201,1 200,1 199,1 198,0 197,1 196,2 195,3 194,4 193,5 192,6 191,7 190,8 191,9 192,10 193,11 193,12 194,13 195,13 196,12 197,11 198,11 199,11 200,10 201,9 202,8
241,168 241,167 241,166 242,165 241,164 242,163 243,162 242,161 241,160 240,159 239,158 238,158 237,158 236,157 235,156 234,157 233,157 232,158 231,159 230,160 230,161 230,162 230,163 231,164 232,165 232,166 233,167 234,168 235,169 236,170 237,171 238,172 239,171 240,170 241,169
61,67 62,66 61,65 60,64 59,63 60,62 59,61 59,60 60,59 59,58 59,57 58,56 57,55 56,54 55,53 54,52 53,52 52,52 51,53 50,54 50,55 49,56 50,57 50,58 49,59 49,60 50,61 51,62 52,63 53,64 54,65 54,66 55,67 56,68 57,69 58,69 59,69 60,68
98,57 99,56 98,55 97,56
116,82 117,81 118,80 117,79 116,78 115,77 114,76 113,77 112,77 111,78 110,79 109,80 110,81 110,82 110,83 111,84 112,85 113,85 114,84 115,83
135,234 136,234 137,233 138,232 138,231 139,230 138,229 138,228 139,227 140,226 140,225 141,224 141,223 142,222 141,221 140,220 139,220 138,219 137,218 136,219 135,219 134,220 133,221 132,222 131,223 130,222 129,223 128,224 127,225 126,226 126,227 125,228 126,229 127,230 128,231 129,232 130,233 131,234 132,234 133,235 134,234
201,173 200,172 199,173 199,174 200,175 201,174
180,97 179,98 179,99 178,100 177,101 176,102 175,103 174,104 174,105 175,106 176,106 177,107 178,107 179,108 180,108 181,107 182,106 183,107 184,108 185,107 186,106 187,105 186,104 187,103 187,102 186,101 187,100 187,99 186,98 187,97 187,96 188,95 189,94 188,93 187,92 186,92 185,93 184,94 183,95 182,95 181,96
112,39 111,40 110,41 109,41 108,42 107,43 106,42 105,43 104,44 103,45 102,46 103,47 104,48 105,49 106,50 107,49 108,50 109,49 110,50 111,49 112,48 113,47 114,46 114,45 115,44 116,43 115,42 114,41 113,40
22,214 23,214 24,213 25,212 26,211 27,210 28,209 29,209 30,210 31,210 32,209 33,208 34,207 33,206 33,205 32,204 31,203 30,202 29,201 28,200 29,199 28,198 27,197 26,196 25,195 24,194 23,193 22,192 21,191 20,190 19,189 18,188 17,187 16,186 15,185 14,184 13,183 12,182 11,181 10,180 9,179 8,180 7,181 6,182 5,183 4,184 3,185 3,186 2,187 3,188 4,189 3,190 4,191 4,192 3,193 4,194 4,195 4,196 5,197 6,198 7,199 8,200 9,201 10,202 11,203 12,204 13,205 14,206 15,207 16,208 17,209 18,210 19,211 20,212 21,213
176,36 175,37 174,38 173,37 172,38 171,39 171,40 170,41 170,42 170,43 171,44 172,45 173,46 174,47 175,46 176,45 177,45 178,44 179,43 180,42 181,41 181,40 182,39 181,38 180,38 179,37 178,36 177,37
171,191 170,190 169,189 168,190 167,190 166,191 165,192 166,193 167,194 168,195 169,196 170,197 171,198 172,197 173,196 174,195 175,194 174,193 173,192 172,191
11,161 10,162 9,163 9,164 8,165 7,166 8,167 9,168 10,169 11,170 12,171 13,170 14,171 15,170 16,169 17,168 18,169 19,168 20,168 21,167 22,166 23,165 24,164 25,163 24,162 23,161 22,160 21,159 20,159 19,159 18,160 17,161 16,160 15,161 14,161 13,161 12,162
46,82 45,81 44,82 45,83
246,143 246,142 247,141 246,140 245,139 244,138 243,138 242,139 241,140 241,141 240,142 241,143 242,144 243,145 244,145 245,144
92,201 91,200 91,199 91,198 90,197 90,196 89,195 89,194 89,193 90,192 90,191 89,190 88,190 87,190 86,191 85,192 84,193 83,194 82,195 81,196 80,196 79,197 78,198 77,199 77,200 76,201 77,202 78,203 79,204 80,205 81,206 82,207 83,208 84,209 85,210 86,211 87,212 88,213 89,214 90,215 91,216 92,217 93,218 94,219 95,220 96,221 97,222 98,223 99,224 100,225 101,224 102,223 103,222 104,221 104,220 105,219 104,218 103,217 102,216 101,215 100,214 100,213 100,212 100,211 100,210 99,209 99,208 98,207 97,206 96,205 95,204 94,203 93,202
150,151 150,150 149,149 149,148 148,147 147,148 146,149 146,150 146,151 147,152 148,153 149,152
96,246 97,247 98,246 97,245
238,228 239,227 239,226 239,225 238,224 237,223 236,222 235,223 234,223 233,224 232,225 232,226 231,227 232,228 233,229 234,230 235,230 236,230 237,230 238,229
222,48 222,47 221,46 220,46 219,46 218,46 217,47 216,48 217,49 218,50 219,51 220,50 221,49
144,41 145,42 146,43 147,43 148,42 149,41 150,40 149,39 148,38 147,37 146,36 145,36 144,37 143,38 142,39 143,40
72,201 71,200 71,199 72,198 71,197 71,196 71,195 72,194 71,193 72,192 72,191 71,190 71,189 72,188 71,187 72,186 71,185 70,184 69,183 68,182 67,182 66,181 65,180 64,181 63,180 62,181 61,182 60,183 59,184 58,185 57,186 58,187 58,188 59,189 60,190 61,191 62,192 63,193 62,194 61,195 60,196 60,197 59,198 58,199 57,200 56,201 56,202 55,203 54,204 55,205 56,206 57,207 58,208 58,209 59,210 60,211 60,212 61,213 62,214 63,215 64,215 65,215 66,214 67,213 68,212 69,211 70,210 71,209 72,208 72,207 71,206 71,205 72,204 72,203 71,202
232,45 232,46 233,47 234,48 235,49 236,48 237,47 238,46 239,45 240,44 241,44 242,43 242,42 241,41 240,40 240,39 239,38 238,37 237,36 236,35 236,34 236,33 235,32 234,31 233,32 232,33 231,34 230,35 229,36 228,37 229,38 229,39 230,40 231,41 232,42 231,43 231,44
47,228 48,229 49,228 50,228 51,227 52,226 51,225 50,224 49,224 48,223 47,224 46,225 45,226 46,227
167,17 168,18 169,18 170,18 171,17 172,16 173,15 172,14 172,13 172,12 171,11 170,10 169,10 168,9 167,8 166,7 165,8 164,8 163,9 162,10 161,11 162,12 163,13 164,14 165,15 166,16
44,231 43,230 42,229 41,230 40,231 39,232 38,233 37,233 36,234 35,235 34,236 33,237 32,238 31,239 30,240 29,241 29,242 28,243 28,244 28,245 27,246 28,247 28,248 29,249 30,249 31,249 32,249 33,249 34,249 35,249 36,249 37,248 38,247 39,246 38,245 38,244 39,243 38,242 39,241 39,240 40,239 41,238 42,237 42,236 43,235 44,234 44,233 44,232
0,239 1,240 2,241 3,241 4,242 5,243 6,244 7,245 8,244 9,243 10,242 11,241 11,240 10,239 9,239 8,238 7,237 6,236 5,235 4,234 3,233 2,234 1,234 0,235 0,236 0,237 0,238
7,17 8,18 9,17 8,16
90,151 91,152 92,152 93,153 94,152 95,153 96,152 97,151 98,150 97,149 97,148 97,147 96,146 96,145 95,144 94,143 93,142 92,142 91,141 90,141 89,141 88,141 87,142 86,142 85,142 84,142 83,143 83,144 84,145 85,146 86,147 87,148 88,149 89,150
150,116 151,115 150,114 149,113 149,112 148,111 147,110 146,109 145,108 144,107 143,106 142,105 141,104 140,103 139,104 138,105 137,106 137,107 137,108 136,109 137,110 137,111 138,112 138,113 139,114 140,115 141,116 142,117 143,118 144,119 145,118 146,119 147,119 148,118 149,117
191,57 192,56 192,55 193,54 192,53 192,52 193,51 192,50 192,49 193,48 193,47 194,46 193,45 194,44 193,43 192,42 192,41 192,40 192,39 191,38 190,37 189,36 188,36 187,36 186,37 185,38 184,39 184,40 183,41 182,42 181,43 181,44 180,45 181,46 182,47 181,48 182,49 181,50 180,51 180,52 179,53 179,54 180,55 181,56 180,57 180,58 181,59 180,60 180,61 179,62 180,63 181,64 182,65 183,64 184,63 185,62 186,61 187,62 188,61 189,60 190,59 191,58
202,194 201,195 200,196 199,197 199,198 199,199 200,200 200,201 201,202 201,203 202,204 203,205 203,206 202,207 203,208 203,209 204,210 205,211 206,212 207,212 208,211 209,210 210,209 211,208 212,207 213,206 214,205 213,204 213,203 212,202 212,201 211,200 210,199 210,198 211,197 210,196 209,195 208,194 207,193 206,192 205,191 204,192 203,193
225,247 224,248 225,249 226,248
162,42 163,41 164,40 165,39 164,38 163,37 162,36 161,35 161,34 160,33 161,32 162,31 162,30 162,29 161,28 160,27 159,27 158,28 157,29 156,30 155,31 154,32 154,33 155,34 156,35 156,36 155,37 156,38 156,39 157,40 157,41 158,42 159,42 160,42 161,43
75,115 76,114 75,113 74,112 73,111 72,110 71,109 70,108 69,107 68,106 68,105 67,104 66,103 66,102 65,101 64,101 63,101 62,101 61,102 60,103 60,104 59,105 59,106 60,107 60,108 61,109 61,110 61,111 62,112 63,113 64,114 65,115 66,116 67,117 68,118 69,117 70,116 71,117 72,118 73,117 74,116
188,227 187,226 186,225 185,224 184,223 183,222 182,221 181,220 180,219 179,219 178,218 177,217 176,216 175,216 174,216 173,216 172,215 171,216 170,217 169,218 170,219 171,220 170,221 169,222 170,223 170,224 171,225 171,226 172,227 173,228 174,229 175,230 176,231 176,232 177,233 178,234 179,235 180,236 181,237 182,238 183,239 184,240 185,241 186,241 187,240 188,239 189,238 189,237 190,236 190,235 189,234 190,233 190,232 189,231 189,230 190,229 189,228
171,63 172,62 173,61 173,60 174,59 173,58 172,58 171,57 170,56 169,57 168,56 167,56 166,57 165,57 164,57 163,57 162,58 161,59 162,60 163,61 164,62 165,63 166,64 167,65 168,64 169,63 170,64
230,207 229,206 228,205 227,206 226,207 225,208 224,209 224,210 225,211 225,212 226,213 227,214 228,215 229,216 230,216 231,215 232,214 233,213 234,212 234,211 233,210 233,209 232,208 231,208
133,161 132,161 131,161 130,162 129,163 128,164 128,165 128,166 128,167 129,168 130,169 131,170 132,170 133,169 134,168 135,167 136,166 135,165 136,164 135,163 134,162
177,18 177,19 178,20 179,21 180,22 181,23 182,23 183,23 184,22 185,23 186,24 187,23 188,22 189,21 190,20 190,19 190,18 189,17 188,16 187,16 186,15 185,14 184,13 183,14 182,14 181,15 180,15 179,16 178,17
232,50 233,49 232,48 231,49
15,74 14,73 13,72 12,71 11,71 10,70 9,70 8,71 7,72 6,73 5,74 5,75 6,76 5,77 6,78 7,79 8,80 9,80 10,81 11,80 12,79 13,78 14,78 15,77 16,76 16,75
100,143 101,144 102,145 103,146 104,145 105,144 106,143 105,142 105,141 104,140 103,140 102,140 101,140 100,141 99,142
165,132 166,133 167,134 168,135 169,136 170,135 171,134 172,133 172,132 172,131 171,130 170,129 169,130 168,130 167,130 166,130 165,131
142,170 143,170 144,171 145,170 146,169 147,170 148,169 149,168 150,168 151,168 152,167 153,166 154,165 155,164 155,163 154,162 154,161 153,160 152,159 151,158 150,157 149,158 148,159 147,158 146,157 145,158 144,158 143,158 142,159 141,160 140,161 139,162 138,163 137,164 138,165 139,166 139,167 140,168 141,169
61,137 61,136 60,135 59,134 59,133 58,132 58,131 57,130 57,129 57,128 57,127 56,126 55,125 54,124 53,123 52,122 52,121 53,120 52,119 53,118 52,117 51,116 50,115 49,116 48,116 47,116 46,116 45,117 44,118 43,119 42,118 41,117 40,118 39,119 38,120 37,121 37,122 36,123 36,124 35,125 36,126 37,127 38,128 39,128 40,129 41,130 42,130 43,130 44,131 45,132 46,133 47,134 48,135 49,136 50,137 51,138 52,139 53,140 54,141 55,142 56,143 57,142 58,141 59,140 59,139 60,138
67,12 68,13 69,13 70,14 71,15 72,14 73,14 74,13 75,12 76,11 76,10 75,9 74,8 73,7 72,8 71,7 70,8 69,9 68,10 67,11
81,219 80,220 79,219 78,220 77,221 76,220 75,219 74,220 73,221 72,222 71,223 72,224 73,225 74,226 74,227 75,228 75,229 76,230 77,231 78,232 79,232 80,232 81,233 82,233 83,232 84,233 85,232 86,233 87,232 88,231 89,231 90,230 91,229 92,228 92,227 91,226 90,225 90,224 91,223 90,222 90,221 91,220 90,219 89,218 88,218 87,217 86,218 85,219 84,218 83,219 82,218
127,137 128,136 129,137 130,137 131,136 132,135 133,134 133,133 132,132 132,131 132,130 132,129 131,128 131,127 130,126 130,125 129,124 128,123 127,123 126,122 125,121 124,120 123,121 122,122 121,121 120,122 119,121 118,121 117,122 116,123 115,124 115,125 115,126 116,127 117,128 118,129 119,130 120,130 121,131 122,132 123,133 124,134 125,135 126,136
20,15 19,14 18,13 17,13 16,12 15,11 14,10 13,10 12,10 11,11 10,11 9,12 8,13 7,14 7,15 8,16 9,17 10,18 11,19 12,20 13,21 14,22 15,21 16,20 17,19 18,18 19,17 20,16
15,51 14,52 15,53 16,53 17,52 17,51 16,50
90,39 89,38 88,37 87,36 86,35 86,34 85,33 84,32 84,31 83,30 82,29 81,28 80,27 79,28 78,29 77,30 76,31 76,32 77,33 78,34 78,35 79,36 78,37 79,38 79,39 80,40 81,41 81,42 82,43 83,43 84,43 85,43 86,44 87,43 88,44 89,43 90,42 90,41 91,40
15,5 16,5 17,4 18,3 18,2 17,1 16,0 15,0 14,1 13,2 12,3 13,4 14,5
21,9 20,10 19,11 18,12 18,13 19,14 20,15 21,16 22,15 23,16 24,17 25,16 26,17 27,16 28,15 29,14 30,15 31,16 32,15 33,14 34,13 34,12 34,11 33,10 32,9 31,8 30,8 29,7 28,6 27,7 26,7 25,6 24,6 23,6 22,7 22,8
3,42 4,41 3,40 2,39 1,38 0,39 0,40 0,41 0,42 0,43 0,44 0,45 0,46 0,47 1,48 2,49 3,48 4,47 5,46 5,45 4,44 3,43
106,3 107,4 108,3 107,2
66,145 67,146 68,145 69,144 70,145 71,144 72,143 71,142 70,141 69,140 68,139 67,139 66,139 65,140 64,139 63,138 62,139 61,140 60,141 59,142 59,143 58,144 59,145 60,146 61,147 62,148 63,147 64,146 65,146
226,134 227,133 228,134 229,134 230,133 231,132 230,131 229,131 228,130 227,129 226,128 225,129 224,130 223,131 223,132 224,133 225,134
174,87 175,88 175,89 175,90 176,91 177,92 178,91 179,91 180,90 181,89 182,90 183,90 184,89 185,90 186,91 187,92 188,92 189,93 190,92 191,91 192,90 193,89 193,88 192,87 192,86 193,85 192,84 192,83 191,82 190,81 189,80 188,79 189,78 188,77 188,76 189,75 190,74 190,73 189,72 188,71 187,71 186,70 185,71 184,71 183,72 182,72 181,73 181,74 180,75 180,76 179,77 178,78 178,79 177,80 177,81 176,82 175,83 174,84 175,85 175,86
167,233 166,233 165,234 165,235 165,236 166,237 165,238 165,239 165,240 166,241 166,242 165,243 166,244 166,245 165,246 166,247 167,248 168,249 169,249 170,249 171,249 172,249 173,249 174,248 175,247 176,246 177,245 178,245 179,244 180,243 180,242 179,241 178,240 177,239 177,238 176,237 176,236 175,235 174,234 173,233 172,233 171,232 170,233 169,233 168,233
176,123 177,122 178,121 179,120 179,119 180,118 181,117 180,116 179,115 179,114 178,113 177,112 176,111 175,110 174,110 173,111 172,112 171,113 170,114 170,115 169,116 168,117 167,118 166,119 167,120 168,121 169,122 170,123 171,123 172,123 173,122 174,123 175,123
79,242 79,243 80,244 81,243 81,242 80,241
231,70 230,71 231,72 232,71
230,198 231,197 232,196 232,195 231,194 230,193 230,192 229,191 229,190 228,189 229,188 228,187 229,186 228,185 227,184 227,183 226,182 226,181 225,180 224,180 223,179 222,180 221,181 220,182 219,183 218,184 217,185 217,186 217,187 218,188 219,189 218,190 218,191 218,192 219,193 220,194 220,195 221,196 222,197 223,198 224,198 225,199 226,198 227,197 228,198 229,199
103,76 104,77 105,76 106,75 107,75 108,74 109,74 110,73 110,72 109,71 108,70 107,69 106,69 105,69 104,70 103,70 102,71 101,71 100,72 99,73 99,74 100,75 101,76 102,77
86,246 87,247 88,246 89,245 90,246 91,245 92,244 93,243 93,242 92,241 91,240 90,239 89,238 88,237 87,238 86,239 85,239 84,239 83,240 83,241 82,242 83,243 84,244 85,245
127,53 127,52 127,51 126,50 127,49 127,48 128,47 128,46 127,45 127,44 126,43 125,42 124,42 123,42 122,43 121,44 120,45 119,46 118,47 117,48 116,49 115,50 116,51 116,52 117,53 118,54 118,55 117,56 118,57 119,58 120,59 121,60 122,61 123,62 124,63 125,64 126,65 127,64 128,64 129,63 130,62 130,61 129,60 128,59 127,58 127,57 126,56 126,55 127,54
124,14 125,15 126,14 125,13
157,75 156,76 155,77 154,78 155,79 156,80 157,80 158,81 159,82 160,83 161,84 162,85 163,84 164,84 165,84 166,85 167,85 168,86 169,85 170,84 171,84 172,84 173,85 174,84 175,83 176,82 177,81 178,80 179,79 178,78 179,77 179,76 178,75 178,74 177,73 176,72 175,71 174,70 173,69 172,68 171,67 170,68 169,69 168,68 167,69 166,68 165,69 164,69 163,69 162,70 161,71 160,72 159,73 158,74
68,57 67,58 66,59 65,60 65,61 66,62 66,63 67,64 68,65 69,64 70,63 71,62 71,61 71,60 70,59 69,58
42,198 43,197 42,196 41,195 40,194 39,194 38,195 37,196 36,197 36,198 37,199 38,200 39,201 40,200 41,199
