102,97 101,98 100,99 101,100 102,101 103,102 103,103 103,104 104,105 105,106 105,107 105,108 105,109 105,110 105,111 106,112 105,113 104,114 103,115 102,116 101,117 101,118 100,119 99,120 98,121 97,122 98,123 97,124 98,125 97,126 97,127 97,128 97,129 98,130 99,131 100,132 101,133 102,134 103,134 104,135 105,136 106,135 107,134 108,133 109,132 109,131 110,130 111,129 112,128 113,127 114,126 115,125 116,124 117,123 118,122 119,121 119,120 118,119 119,118 118,117 119,116 118,115 119,114 118,113 117,112 116,111 115,110 114,109 113,108 113,107 112,106 113,105 113,104 112,103 112,102 111,101 110,100 109,99 108,98 107,97 106,96 105,95 104,96 103,97
16,100 15,99 14,98 13,98 12,99 11,100 10,101 11,102 11,103 11,104 12,105 13,106 14,106 15,105 15,104 16,103 17,102 17,101
230,135 231,134 232,135 233,134 234,133 234,132 233,131 232,130 231,130 230,129 229,130 228,131 227,132 227,133 228,134 229,135
57,199 58,200 59,201 60,202 61,203 62,203 63,203 64,203 65,204 66,203 67,202 68,203 69,202 70,201 71,200 72,200 73,199 73,198 73,197 73,196 72,195 71,194 70,193 69,192 68,191 69,190 69,189 68,188 69,187 68,186 67,185 66,184 65,185 64,185 63,185 62,185 61,186 60,187 59,188 58,189 57,190 56,191 55,192 56,193 55,194 54,195 54,196 55,197 56,198
141,75 142,74 143,73 142,72 141,71 140,70 139,70 138,69 137,68 136,69 135,69 134,70 133,71 132,72 131,73 132,74 133,75 134,76 135,77 136,78 137,77 138,76 139,75 140,75
219,110 220,109 221,108 220,107 219,106 218,105 217,105 216,105 215,105 214,106 213,107 212,108 211,109 212,110 211,111 212,112 213,113 213,114 214,115 215,116 216,115 217,114 218,113 219,112 220,111
10,164 11,165 12,166 13,167 14,168 15,169 16,170 17,171 18,172 19,171 20,171 21,171 22,170 23,169 23,168 24,167 25,166 24,165 23,164 22,163 21,162 21,161 20,160 19,159 18,158 17,157 16,157 15,156 14,155 13,154 12,155 11,155 10,155 9,154 8,155 7,154 6,155 5,156 4,157 4,158 5,159 6,160 7,161 8,162 9,163
111,218 111,217 110,216 109,215 108,214 107,213 106,212 105,211 104,210 104,209 104,208 103,207 102,206 101,205 100,205 99,205 98,206 97,207 97,208 97,209 98,210 98,211 99,212 99,213 100,214 99,215 99,216 98,217 99,218 99,219 98,220 99,221 99,222 100,223 101,224 102,224 103,225 104,224 105,223 106,223 107,222 108,221 109,220 110,219
137,118 136,117 135,117 134,117 133,117 132,118 133,119 133,120 133,121 134,122 135,123 136,124 137,123 138,122 138,121 139,120 139,119 138,118
175,151 175,150 175,149 174,148 173,147 172,146 171,145 170,145 169,145 168,146 167,147 166,148 165,149 164,149 163,149 162,150 161,151 161,152 161,153 161,154 162,155 163,156 164,157 165,158 166,158 167,157 168,156 169,156 170,155 171,155 172,154 173,153 174,152
25,210 25,211 25,212 26,213 25,214 25,215 24,216 23,217 22,218 21,219 22,220 23,221 24,222 25,223 25,224 24,225 25,226 26,227 27,227 28,228 29,227 30,228 31,227 32,226 33,225 34,224 35,223 36,222 37,221 38,220 39,219 40,218 41,219 42,218 43,217 44,218 45,217 46,218 47,217 48,216 49,215 50,215 51,215 52,214 52,213 53,212 52,211 51,210 50,209 49,208 48,207 47,206 46,205 45,204 44,203 43,202 42,201 41,201 40,200 39,199 38,199 37,198 36,199 35,199 34,200 33,201 32,202 31,203 30,204 29,205 28,206 27,207 26,208 25,209
186,109 187,110 188,111 189,112 190,113 191,112 192,112 193,111 194,111 195,110 196,109 197,110 198,109 199,108 200,107 200,106 200,105 199,104 198,103 197,102 196,101 195,100 194,99 193,100 192,100 191,100 190,101 189,101 188,102 187,103 186,104 187,105 187,106 186,107 185,108
152,184 151,185 151,186 150,187 151,188 152,189 153,190 154,190 155,190 156,190 157,189 158,189 159,188 159,187 160,186 160,185 161,184 160,183 160,182 160,181 159,180 158,180 157,180 156,180 155,181 154,182 153,183
68,87 67,88 67,89 68,90 69,91 70,91 71,91 72,90 73,89 74,88 75,87 76,86 77,85 78,84 79,83 80,82 81,81 80,80 79,79 78,78 77,78 76,79 75,78 74,79 73,78 72,79 71,80 70,81 69,82 68,83 68,84 67,85 67,86
155,211 156,212 157,213 158,214 158,215 158,216 159,217 160,218 161,219 162,220 163,221 164,222 165,222 166,223 167,222 168,223 169,222 170,221 171,222 172,222 173,222 174,221 175,221 176,220 176,219 176,218 175,217 176,216 176,215 175,214 175,213 174,212 173,211 172,210 171,209 170,208 169,207 169,206 168,205 167,205 166,204 165,203 164,204 163,203 162,204 161,205 160,205 159,206 158,207 157,208 156,209 156,210
98,73 99,74 100,74 101,73 102,72 101,71 100,70 99,70 98,71 97,72
49,205 50,206 51,207 52,206 53,207 54,207 55,206 56,205 57,204 57,203 56,202 55,201 54,200 53,199 52,198 51,198 50,197 49,196 48,197 47,197 46,198 45,199 44,200 44,201 45,202 46,203 47,204 48,204
7,232 8,232 9,231 10,230 11,229 12,228 13,227 14,226 15,225 14,224 13,223 12,222 11,221 10,220 9,219 8,219 7,220 7,221 6,222 5,223 4,224 4,225 3,226 4,227 4,228 4,229 5,230 6,231
239,216 238,216 237,217 236,218 236,219 236,220 237,221 238,222 239,223 240,222 241,221 242,220 242,219 242,218 242,217 241,216 240,215
32,105 31,105 30,105 29,106 28,107 27,108 26,109 26,110 27,111 26,112 27,113 28,114 29,115 30,116 31,116 32,116 33,115 34,116 35,115 36,114 37,115 38,114 39,114 40,113 40,112 40,111 40,110 39,109 38,108 37,107 36,106 35,105 34,104 33,105
119,40 120,41 121,40 120,39
230,245 230,244 231,243 232,242 233,241 234,240 235,239 236,238 236,237 236,236 237,235 237,234 236,233 235,232 234,231 233,230 232,230 231,230 230,230 229,231 228,232 227,233 226,234 226,235 225,236 224,237 224,238 223,239 222,240 221,241 221,242 220,243 219,244 220,245 221,246 222,247 223,248 224,247 225,248 226,248 227,248 228,247 229,246
196,29 197,29 198,28 199,27 200,26 201,26 202,25 203,24 203,23 203,22 204,21 203,20 203,19 203,18 202,17 201,16 200,16 199,17 198,18 197,19 196,20 195,21 194,22 194,23 193,24 192,25 192,26 193,27 192,28 193,29 194,29 195,30
37,0 36,0 35,0 34,0 33,0 32,0 31,0 30,1 29,2 29,3 30,4 31,5 32,6 33,7 34,8 35,8 36,8 37,9 38,10 39,11 40,10 41,9 42,8 43,9 44,8 45,9 46,8 47,7 47,6 48,5 48,4 47,3 47,2 46,1 45,1 44,0 43,0 42,1 41,0 40,1 39,0 38,0
101,33 101,34 102,35 103,36 104,35 105,36 106,35 107,34 108,33 109,32 109,31 109,30 110,29 110,28 111,27 110,26 111,25 110,24 110,23 111,22 111,21 111,20 110,19 109,18 108,17 108,16 107,15 106,14 106,13 106,12 105,11 104,10 103,11 102,10 101,11 100,12 99,13 98,14 98,15 97,16 97,17 96,18 95,19 95,20 94,21 95,22 95,23 95,24 94,25 95,26 96,27 97,28 98,29 99,30 100,31 101,32
58,154 57,153 56,152 55,151 54,150 53,149 52,148 51,147 50,146 49,146 48,145 47,144 46,143 45,144 44,145 43,145 42,145 41,145 40,145 39,145 38,145 37,146 37,147 36,148 37,149 38,150 39,151 40,151 41,152 42,153 43,154 44,155 45,156 46,157 47,158 48,159 49,160 50,160 51,161 52,162 53,163 54,164 55,165 56,166 57,165 58,165 59,164 60,165 61,164 62,165 63,164 64,163 65,162 65,161 64,160 63,159 62,158 61,157 60,156 59,155
92,124 93,123 94,122 93,121 92,121 91,120 90,119 89,120 88,120 87,121 86,122 85,123 84,124 83,125 82,126 81,127 80,128 79,129 78,129 77,130 76,131 75,130 74,130 73,131 72,131 71,131 70,131 69,132 68,132 67,132 66,132 65,132 64,133 65,134 66,135 66,136 67,137 67,138 66,139 65,140 66,141 66,142 67,143 67,144 68,145 68,146 67,147 68,148 68,149 68,150 69,151 70,152 71,153 72,154 73,155 74,156 75,157 76,158 77,159 78,160 79,161 80,162 81,163 82,164 83,165 84,166 85,167 86,168 87,167 88,166 89,165 89,164 90,163 91,162 90,161 90,160 89,159 90,158 91,157 90,156 91,155 90,154 90,153 89,152 90,151 89,150 90,149 90,148 91,147 92,146 92,145 93,144 94,143 94,142 93,141 92,140 92,139 93,138 92,137 92,136 91,135 92,134 92,133 93,132 94,131 94,130 93,129 94,128 93,127 94,126 93,125
129,154 128,155 127,156 128,157 127,158 128,159 129,160 130,161 131,160 132,159 133,158 134,157 133,156 132,155 133,154 132,153 131,152 130,153
181,43 181,44 180,45 181,46 182,47 183,48 184,47 185,46 186,45 186,44 185,43 184,42 183,42 182,42
136,18 135,18 134,19 133,20 132,21 131,22 130,23 129,24 128,25 128,26 127,27 128,28 128,29 127,30 128,31 129,32 130,33 131,34 132,33 133,33 134,32 135,31 136,30 137,29 138,29 139,28 140,27 141,26 142,25 142,24 143,23 144,22 144,21 145,20 144,19 143,18 142,18 141,17 140,17 139,17 138,16 137,17
24,36 25,37 25,38 26,39 27,40 28,41 29,41 30,42 31,41 32,40 33,39 34,40 35,39 36,38 37,37 38,36 38,35 37,34 36,33 35,32 34,31 33,30 32,29 31,28 30,27 29,27 28,27 27,28 26,29 25,30 25,31 25,32 24,33 25,34 25,35
90,60 91,59 92,60 93,59 94,58 94,57 94,56 93,55 92,55 91,54 90,54 89,55 88,54 87,55 86,56 85,57 86,58 87,59 88,60 89,61
248,93 247,93 246,93 245,94 244,95 243,96 243,97 244,98 245,99 246,100 247,101 248,100 249,99 249,98 249,97 249,96 249,95 249,94
210,151 209,151 208,151 207,152 206,153 207,154 208,155 209,155 210,155 211,154 212,153 211,152
58,247 59,246 59,245 59,244 58,243 58,242 59,241 59,240 60,239 59,238 58,237 57,236 56,235 55,236 54,235 53,236 52,237 51,238 50,239 49,240 48,241 47,242 46,243 45,242 44,242 43,243 43,244 44,245 44,246 45,247 46,248 47,249 48,249 49,249 50,249 51,249 52,249 53,249 54,249 55,249 56,249 57,248
103,173 103,172 102,171 101,170 100,170 99,170 98,171 97,170 96,171 95,172 94,173 93,174 92,175 91,176 90,177 89,178 88,179 87,180 86,181 87,182 87,183 86,184 86,185 85,186 86,187 87,188 88,189 89,190 90,191 90,192 91,193 91,194 92,195 93,196 94,195 95,194 96,193 97,192 97,191 96,190 95,189 94,188 95,187 96,186 97,185 97,184 98,183 99,182 99,181 100,180 101,179 102,178 102,177 101,176 102,175 102,174
18,209 19,209 20,208 19,207 18,206 17,206 16,205 15,204 14,204 13,205 12,204 11,203 10,204 9,205 8,206 7,207 7,208 7,209 7,210 8,211 9,212 10,213 11,212 12,211 13,212 14,211 15,210 16,211 17,210
196,225 195,225 194,224 193,225 192,225 191,225 190,226 189,227 188,228 189,229 190,230 191,231 192,232 193,233 194,234 195,235 196,234 197,233 198,232 199,231 199,230 199,229 199,228 198,227 197,226
35,136 34,135 34,134 33,133 32,132 31,132 30,133 29,133 28,134 28,135 28,136 28,137 27,138 26,139 27,140 28,141 29,142 30,142 31,141 32,140 33,139 34,138 34,137
155,109 155,108 154,107 153,106 152,105 151,104 150,105 149,105 148,106 147,107 146,108 146,109 146,110 147,111 148,112 149,113 150,113 151,113 152,114 153,113 154,112 155,111 156,110
63,45 62,44 61,43 60,42 59,43 58,44 57,45 56,46 55,47 54,48 54,49 54,50 55,51 56,52 57,51 58,50 59,49 60,48 61,47 62,46
178,64 177,64 176,65 175,66 175,67 175,68 176,69 177,70 178,71 179,71 180,70 181,70 182,69 182,68 182,67 182,66 181,65 180,64 179,64
239,183 240,184 240,185 241,186 242,187 242,188 243,189 242,190 242,191 241,192 241,193 241,194 242,195 243,196 243,197 244,198 245,198 246,199 247,198 248,197 249,196 249,195 249,194 249,193 249,192 249,191 249,190 249,189 249,188 249,187 249,186 249,185 249,184 249,183 248,182 247,181 248,180 247,179 246,178 245,177 244,178 243,179 242,179 241,180 240,181 239,182
119,169 120,168 121,167 122,166 123,165 123,164 123,163 123,162 122,161 121,160 120,159 121,158 121,157 122,156 121,155 121,154 122,153 121,152 120,151 119,150 118,149 117,148 116,148 115,147 114,146 113,147 112,148 111,149 110,150 109,151 108,152 107,153 106,154 105,155 105,156 106,157 106,158 107,159 108,160 109,161 110,162 111,163 112,164 113,165 114,166 115,167 116,168 117,169 118,168
67,41 68,42 69,43 70,44 71,43 72,42 73,41 74,40 75,39 76,40 77,41 78,40 79,40 80,39 81,38 81,37 80,36 79,35 78,34 78,33 77,32 76,31 77,30 78,29 77,28 77,27 76,26 75,25 76,24 77,23 78,22 78,21 79,20 80,19 80,18 79,17 79,16 78,15 77,14 78,13 78,12 77,11 77,10 76,9 75,8 74,8 73,7 72,8 71,9 70,10 69,11 68,12 67,13 66,14 65,15 64,16 64,17 63,18 63,19 62,20 63,21 63,22 62,23 63,24 63,25 62,26 63,27 64,28 64,29 65,30 65,31 64,32 65,33 66,34 66,35 66,36 65,37 66,38 66,39 67,40
181,85 182,84 182,83 182,82 181,81 180,82 179,82 178,83 179,84 180,85
177,134 178,135 179,135 180,135 181,135 182,136 183,135 184,134 185,133 186,134 187,133 188,134 189,133 190,132 191,131 191,130 190,129 191,128 190,127 189,126 188,125 187,124 186,123 185,122 184,121 183,120 182,119 181,120 180,121 179,122 178,123 177,124 176,125 175,126 175,127 174,128 174,129 174,130 175,131 175,132 176,133
125,136 124,135 125,134 124,133 123,132 123,131 123,130 123,129 122,128 121,127 120,126 119,127 118,128 117,129 116,130 115,131 115,132 114,133 115,134 115,135 116,136 116,137 117,138 117,139 117,140 118,141 119,142 120,143 121,144 122,145 123,146 124,147 125,146 126,147 127,146 128,145 129,145 130,144 131,143 131,142 130,141 129,140 128,139 127,138 126,137
21,231 22,230 23,229 24,228 23,227 22,226 21,226 20,226 19,227 18,228 17,229 16,230 15,231 14,232 14,233 13,234 12,235 13,236 14,237 15,238 16,237 17,236 18,235 19,234 20,233 21,232
144,60 143,59 142,59 141,60 140,61 139,62 140,63 141,64 142,65 143,66 144,65 145,64 146,63 146,62 145,61
11,198 11,197 10,196 9,195 8,194 7,193 6,192 6,191 5,190 4,189 3,190 2,191 1,192 0,193 1,194 1,195 0,196 0,197 0,198 0,199 0,200 0,201 0,202 1,203 2,203 3,203 4,202 5,201 6,201 7,202 8,201 9,200 10,199
75,237 74,236 74,235 73,234 72,233 71,232 70,232 69,233 68,234 67,235 68,236 69,237 70,238 71,239 72,239 73,239 74,238
61,226 62,225 61,224 60,225
208,73 209,74 210,75 211,75 212,75 213,76 214,77 215,76 216,75 217,76 218,75 219,75 220,74 221,73 221,72 221,71 220,70 219,70 218,69 217,68 216,67 215,66 214,65 213,64 213,63 212,62 211,61 210,60 209,61 208,62 207,63 208,64 208,65 209,66 208,67 208,68 207,69 206,70 206,71 207,72
121,243 122,244 123,245 124,245 125,244 126,243 127,242 128,241 129,240 130,239 131,238 132,237 131,236 130,235 129,234 128,233 127,234 126,235 125,235 124,236 123,237 122,237 121,238 121,239 120,240 120,241 120,242
219,91 220,90 219,89 219,88 218,87 217,86 216,86 215,86 214,87 214,88 214,89 213,90 213,91 214,92 215,93 216,94 217,93 218,92
181,1 180,0 179,0 178,0 177,0 176,0 175,0 174,0 173,0 172,1 171,2 171,3 170,4 171,5 171,6 170,7 170,8 171,9 170,10 171,11 171,12 172,13 173,14 174,15 173,16 173,17 174,18 175,19 174,20 175,21 175,22 176,23 177,24 177,25 178,26 178,27 179,28 180,29 181,30 182,31 183,31 184,30 185,29 185,28 186,27 185,26 185,25 186,24 185,23 185,22 186,21 185,20 186,19 187,18 188,17 188,16 188,15 187,14 187,13 186,12 185,11 184,10 183,9 182,8 183,7 182,6 182,5 183,4 183,3 182,2
115,42 114,41 113,40 112,39 111,38 110,37 109,36 108,35 107,34 106,35 105,36 104,36 103,37 102,38 101,39 100,40 101,41 102,42 103,43 104,44 103,45 104,46 104,47 105,48 105,49 106,50 107,51 106,52 105,53 104,54 103,55 102,56 103,57 104,58 104,59 105,60 105,61 104,62 105,63 105,64 106,65 106,66 107,67 107,68 108,69 109,70 110,70 111,69 112,69 113,69 114,69 115,69 116,68 116,67 116,66 115,65 115,64 115,63 114,62 113,61 114,60 115,59 116,58 116,57 117,56 118,55 118,54 117,53 118,52 118,51 117,50 118,49 118,48 119,47 118,46 118,45 117,44 116,43
43,128 44,127 45,126 46,125 45,124 44,123 43,122 42,121 42,120 42,119 41,118 40,117 39,117 38,116 37,115 36,114 35,115 34,116 33,115 32,116 31,116 30,117 29,118 28,119 29,120 30,121 30,122 31,123 31,124 32,125 33,126 34,127 35,128 36,129 36,130 35,131 36,132 36,133 37,134 36,135 35,136 34,137 35,138 36,139 37,140 38,141 39,140 40,139 41,139 42,138 43,137 43,136 42,135 43,134 42,133 42,132 43,131 43,130 44,129
227,86 228,87 229,88 230,89 231,90 232,91 233,91 234,92 235,92 236,93 237,94 238,93 239,94 240,93 241,92 242,91 243,91 244,91 245,92 246,91 247,90 248,90 249,89 249,88 249,87 249,86 249,85 249,84 249,83 249,82 249,81 249,80 249,79 249,78 249,77 249,76 248,75 247,74 246,73 245,72 244,71 243,70 242,69 241,68 240,69 239,70 238,71 237,70 236,71 235,71 234,71 233,70 232,71 231,71 230,71 229,72 228,73 227,74 226,75 225,75 224,76 223,76 222,77 221,78 221,79 221,80 220,81 221,82 221,83 222,84 223,85 224,85 225,84 226,85
199,89 198,89 197,89 196,90 196,91 197,92 197,93 198,94 197,95 198,96 199,97 199,98 200,99 201,100 202,101 203,102 204,103 205,104 206,104 207,104 208,104 209,103 210,104 211,103 212,104 213,103 214,102 215,103 216,102 217,101 217,100 216,99 215,98 214,97 213,97 212,96 211,95 210,95 209,95 208,94 207,93 206,92 205,91 204,90 203,89 202,88 201,87 200,88
168,108 167,109 166,110 166,111 167,112 168,113 169,114 170,113 171,113 172,113 173,112 174,111 174,110 173,109 172,108 171,107 170,107 169,108
90,222 89,223 88,222 87,222 86,221 85,222 84,223 83,223 82,224 81,225 80,226 79,227 78,228 78,229 77,230 78,231 79,232 80,233 81,234 82,235 83,235 84,236 85,237 86,236 87,237 88,236 89,235 90,235 91,234 92,233 92,232 92,231 93,230 93,229 92,228 92,227 93,226 93,225 92,224 91,223
140,10 141,9 142,8 143,8 144,7 145,6 145,5 146,4 146,3 145,2 144,1 143,0 142,0 141,0 140,0 139,1 138,0 137,0 136,0 135,0 134,0 133,1 132,2 132,3 131,4 132,5 133,6 134,7 135,8 136,9 137,10 138,11 139,11
150,225 149,224 148,223 149,222 149,221 149,220 148,219 147,219 146,219 145,220 145,221 144,222 143,223 142,224 141,225 140,226 139,227 140,228 141,229 142,230 143,231 144,232 145,233 146,233 147,234 148,233 149,232 150,233 151,232 152,233 153,232 154,231 155,230 154,229 153,228 152,227 151,226
200,7 199,8 200,9 201,10 202,10 203,9 203,8 203,7 202,6 201,6
248,135 247,135 246,135 245,136 244,137 243,138 242,139 241,140 241,141 242,142 243,143 244,144 245,144 246,144 247,143 248,142 249,141 249,140 249,139 249,138 249,137 249,136
40,81 39,80 38,79 37,80 36,81 35,81 34,80 33,81 32,81 31,81 30,81 29,82 28,83 28,84 28,85 28,86 29,87 30,88 31,89 31,90 32,91 31,92 30,93 31,94 32,95 33,96 33,97 33,98 34,99 35,100 36,101 37,101 38,102 39,103 40,104 41,103 42,102 43,101 44,100 45,99 46,98 47,97 48,96 47,95 48,94 48,93 49,92 49,91 49,90 49,89 48,88 49,87 48,86 47,85 46,84 45,83 44,83 43,82 42,81 41,81
209,1 208,0 207,0 206,0 205,0 204,0 203,0 202,1 201,2 202,3 203,4 204,4 205,5 206,4 207,4 208,3 209,2
227,13 228,12 229,11 230,10 231,9 232,8 233,7 234,6 235,5 236,4 237,3 238,2 239,1 238,0 237,0 236,0 235,0 234,0 233,0 232,0 231,0 230,1 229,2 228,2 227,1 226,0 225,0 224,0 223,1 222,2 221,3 220,3 219,4 218,5 217,6 216,7 215,8 215,9 215,10 216,11 216,12 217,13 218,14 219,15 220,14 221,13 222,13 223,13 224,13 225,13 226,13
130,199 129,198 129,197 128,196 129,195 129,194 128,193 127,192 126,192 125,192 124,191 123,192 122,192 121,192 120,193 119,193 118,194 117,195 116,196 115,197 114,198 113,199 112,200 112,201 113,202 114,203 115,204 116,205 117,206 118,207 119,208 120,208 121,209 122,208 123,208 124,209 125,210 126,211 127,212 128,213 129,214 130,215 131,216 132,215 133,214 133,213 134,212 135,211 136,210 136,209 135,208 136,207 136,206 135,205 134,204 133,203 132,202 131,201 131,200
74,104 74,103 73,102 72,101 71,101 70,100 69,101 68,102 67,103 66,103 65,103 64,103 63,103 62,104 61,105 62,106 63,107 64,108 65,109 65,110 66,111 67,112 68,112 69,111 70,110 71,109 72,108 73,107 74,106 75,105
142,196 143,195 143,194 142,193 141,192 140,191 139,190 138,189 137,190 136,191 135,191 134,192 133,192 132,192 131,193 131,194 132,195 133,196 134,197 135,198 136,198 137,199 138,200 139,200 140,199 141,198 142,197
129,125 128,124 127,125 126,126 125,127 125,128 125,129 126,130 127,131 128,132 129,133 130,134 131,134 132,135 133,134 134,133 135,132 134,131 134,130 133,129 132,128 131,127 130,126
95,86 94,87 94,88 94,89 95,90 96,91 97,90 98,89 99,88 100,87 101,86 101,85 100,84 99,83 98,83 97,84 96,84 95,85
62,113 63,114 64,113 64,112 63,111 62,112
216,215 216,216 217,217 218,218 219,219 220,219 221,220 222,219 223,219 224,219 225,218 226,217 227,216 228,215 227,214 228,213 227,212 226,211 225,210 224,209 223,208 222,207 221,206 220,207 219,208 218,209 217,210 217,211 216,212 215,213 216,214
182,216 183,215 184,214 185,215 186,214 187,213 188,214 189,213 190,212 191,211 191,210 190,209 189,208 188,207 187,206 186,205 185,204 184,203 183,202 182,201 182,200 181,199 180,198 180,197 179,196 179,195 178,194 177,193 177,192 177,191 176,190 175,189 174,188 173,188 172,189 171,190 170,191 169,192 169,193 168,194 169,195 170,196 171,197 171,198 172,199 172,200 171,201 170,202 170,203 169,204 170,205 171,206 172,207 173,208 174,209 175,210 176,211 177,212 178,213 179,214 180,215 181,216
138,113 139,113 140,112 141,111 141,110 140,109 139,109 138,109 137,109 136,110 135,111 136,112 137,113
8,238 9,237 10,236 9,235 8,234 7,233 7,232 6,231 5,230 4,230 3,231 2,231 1,232 0,233 0,234 0,235 1,236 2,237 3,238 4,238 5,238 6,237 7,238
219,49 220,48 221,49 222,48 223,47 224,46 224,45 225,44 224,43 223,42 222,41 221,40 220,39 219,39 218,38 217,37 216,38 215,38 214,38 213,39 212,40 211,41 211,42 212,43 213,44 214,45 215,46 216,47 217,48 218,49
242,32 241,31 240,30 239,29 238,28 237,27 236,28 235,27 234,28 233,27 232,26 231,25 230,24 229,23 228,23 227,22 226,21 225,22 224,22 223,23 222,24 221,25 222,26 222,27 221,28 220,29 220,30 221,31 222,32 222,33 223,34 224,35 225,36 226,37 227,38 228,39 229,40 230,41 231,42 232,43 233,42 234,41 235,41 236,40 237,39 238,38 239,37 240,36 241,35 242,34 243,33
29,193 28,192 27,193 26,193 25,193 24,194 23,195 22,196 22,197 23,198 24,199 25,200 26,201 27,202 28,203 29,203 30,204 31,203 32,202 33,201 34,200 35,199 34,198 33,197 32,196 31,195 30,194
221,52 220,53 221,54 222,53
192,172 191,173 190,172 189,173 188,173 187,174 187,175 186,176 186,177 187,178 187,179 186,180 185,181 186,182 187,183 187,184 187,185 188,186 189,187 190,188 191,189 192,189 193,188 194,187 195,187 196,186 197,185 198,184 199,184 200,185 201,184 202,185 203,184 204,183 205,182 206,181 207,180 208,179 209,178 209,177 210,176 211,175 212,174 213,173 214,172 215,171 216,170 216,169 215,168 214,167 213,166 212,165 211,164 210,163 209,163 208,162 207,163 206,162 205,163 204,163 203,164 202,165 201,166 200,167 199,168 198,169 197,170 196,170 195,171 194,171 193,172
131,79 130,78 129,79 130,80
185,72 186,73 187,74 188,74 189,75 190,76 191,77 192,78 193,77 194,76 194,75 194,74 194,73 193,72 192,71 191,70 190,69 189,68 188,67 187,66 186,67 185,68 184,69 183,70 184,71
104,148 105,149 106,149 107,148 108,147 109,146 110,145 111,146 112,145 113,144 114,143 114,142 113,141 112,140 111,139 110,139 109,138 108,137 107,136 106,135 105,136 104,137 103,137 102,138 101,139 100,139 99,139 98,140 97,141 96,142 97,143 98,144 99,145 100,146 101,146 102,147 103,148
180,165 181,166 182,166 183,165 184,164 184,163 185,162 184,161 184,160 183,159 183,158 182,157 182,156 182,155 181,154 180,154 179,154 178,155 177,156 176,157 176,158 176,159 177,160 178,161 178,162 178,163 179,164
33,4 32,5 33,6 34,5
118,28 119,29 120,30 121,31 122,30 123,29 124,28 125,27 125,26 124,25 125,24 125,23 126,22 127,21 127,20 127,19 126,18 126,17 126,16 127,15 127,14 126,13 125,12 124,12 123,11 122,12 121,11 120,10 119,11 118,12 117,13 116,12 115,13 114,13 113,14 112,15 111,16 112,17 113,18 113,19 114,20 114,21 115,22 115,23 115,24 116,25 117,26 118,27
150,130 151,131 152,130 153,129 154,128 153,127 152,126 153,125 153,124 153,123 152,122 151,121 150,120 149,120 148,120 147,120 146,120 145,121 144,120 143,121 142,122 141,123 140,124 139,125 138,126 137,127 138,128 139,129 140,130 141,131 142,132 143,133 144,132 145,132 146,132 147,132 148,132 149,131
219,28 219,27 218,26 217,25 216,24 215,23 214,22 213,22 212,23 211,24 210,25 211,26 211,27 212,28 213,29 214,30 215,31 216,32 217,31 218,30 218,29
50,199 51,198 50,197 49,198
21,35 22,34 23,33 22,32 23,31 22,30 22,29 21,28 21,27 20,26 19,25 18,25 17,26 16,27 15,28 14,29 13,30 12,31 12,32 13,33 14,34 15,35 16,36 17,36 18,37 19,36 20,36
72,109 73,110 74,109 73,108
12,189 12,190 11,191 12,192 12,193 13,194 12,195 12,196 13,197 14,198 14,199 15,200 16,201 17,202 18,201 19,200 20,199 19,198 20,197 21,196 20,195 19,194 20,193 19,192 20,191 19,190 18,189 17,188 16,187 15,187 14,187 13,188
27,56 28,55 29,56 30,55 31,56 32,55 33,54 33,53 33,52 33,51 32,50 31,49 30,48 29,47 28,46 27,45 26,44 25,43 24,42 23,43 22,44 21,43 20,44 19,45 18,46 17,47 16,48 16,49 17,50 18,51 19,52 20,53 21,54 22,55 23,55 24,55 25,56 26,57
4,167 3,167 2,167 1,167 0,168 0,169 0,170 0,171 0,172 1,173 2,174 3,174 4,173 5,172 6,172 7,172 8,171 9,170 10,169 11,168 11,167 10,166 9,165 8,165 7,166 6,166 5,166
27,63 26,64 27,65 28,64
