58,68 59,69 60,70 61,70 62,69 62,68 63,67 62.0,66 62.0,65 62.0,64 61.0,63 61.0,62 60.0,61 60,60 59,59 58,58 57,58 56,59 56.0,60 56.0,61 56.0,62 56.0,63 56.0,64 57.0,65 57.0,66 57.0,67
87,49 88,50 89,49 88,48
14,2 13,2 12,2 11,3 11,4 11,5 11,6 11,7 13,9 12,10 12.0,11 11.0,12 11.0,13 11,14 12,15 13,16 14,16.0 15,17.0 16,17 17,16 17,15 17,14 17,13 17,12 19,10 20,10 21,9 22,8 22,7 21,6 20,6.0 19,6.0 18,5.0 16,3 15,2
10,65 11,66 12,66 13,66 14,65 15,64 16,63 15,62 14,61 13,61.0 12,61.0 11,62.0 10,62 9,63 9,64
72,20.0 71,20.0 70,20.0 69,20.0 68,20.0 67,20.0 65,18 64,17 63,16.0 62,16.0 61,16.0 60,15 59,14 58,14 57,13.0 55,12 55.0,11 54,10 53,9 52,9 51,10 50,11 49.0,12 49.0,13 48.0,14 48,15 49,16 50,17 52,19 52,20 52,21 53,22 54,23 55,23.0 56,23.0 57,22.0 58,22.0 59,22.0 60,22 61,23 62,24.0 63,24.0 64,25.0 65,25.0 66,25.0 67,25.0 68,25.0 69,25.0 70,25.0 71,26.0 72,27.0 73,27.0 74,27.0 75,27.0 76,27 77,26 78,25 78,24 77,23 78.0,22 78.0,21 79.0,20 79.0,19 81,17 82,16 83,15 84,14 84,13 84,12 83,11 82,10.0 81,9.0 80,9.0 79,9 78,10 77.0,11 76.0,12 75.0,13 74.0,14 74.0,15 74.0,16 74.0,17 74.0,18 73,20
51,33 50,32 49,33 50,34
0.0,56 0.0,57 0.0,58 0.0,59 0.0,60 0.0,61 1,62 2,63 3,63 4,63 5,62 6,61 8,59 9,59.0 10,59.0 11,59.0 12,59.0 13,59.0 14,58.0 15,58.0 16,57.0 17,57.0 18,57.0 19,56 20,55 20,54 20,53 20,52 19,51 18,50 17,49.0 16,49.0 15,48.0 14,48.0 13,48.0 12,48 11,49 10,50 10,51 8,53 7,53.0 6,53.0 4,52 3,51 2,51.0 1,50 0,51 0.0,52 0.0,53 0.0,54 0.0,55
90,90 90,89 90,88 90,87 90,86 89,85 88,85.0 87,86.0 86,86.0 85,86.0 84,86.0 82,84 81,83 80,83 79,83 78,82 77,83 76,84 75,85 75.0,86 75.0,87 76.0,88 77,89 78,90 79,91 80,91.0 81,92.0 82,92.0 83,92.0 84,92.0 85,92.0 86,93.0 87,93 88,92 89,91
81,2 80,1 79,0 78,0 77,0 76,0 75,0 74,0 73,0 72,0 71,0 70,0 69,0 68,0 67,0 66,0 65,0 64,0 63,1 64,2 65,3 66,4 67,4.0 68,5.0 69,5.0 70,6.0 71,6.0 72,6.0 73,6.0 74,6.0 75,6.0 76,6.0 77,5.0 78,5.0 79,5 80,4 81,3
57,13 58,14 59,14 60,15 61,15.0 62,15.0 63,15.0 64,15.0 65,15.0 66,15.0 67,15.0 68,15.0 69,14 70,13 71,12 71,11 71,10 71,9 71,8 70,7 69,6 68,6.0 67,5.0 66,5.0 65,5.0 64,5.0 63,5.0 62,5.0 61,5 60,6 59,7 59.0,8 58.0,9 58.0,10 58.0,11 57.0,12
8,78 9,79 10,80 11,80 12,80 13,79 13.0,78 14.0,77 14,76 13,75 12,74 11,73 10,73 9,74 8,75 7,76 7,77
39,72.0 40,72.0 41,72.0 42,73.0 43,73.0 44,73.0 45,73.0 46,74.0 47,74.0 48,74 49,73 50,72 50.0,71 50.0,70 49,69 48,68 47,68.0 46,67.0 45,67.0 44,67.0 43,67.0 42,66.0 41,66.0 40,66.0 39,65.0 38,65.0 37,65.0 35,63 34,62 33,62.0 32,61.0 31,60.0 30,60.0 29,60.0 28,60.0 27,59.0 26,59.0 25,59.0 24,59 23,60 23,61 23,62 24,63 25,64 26,65 27,65.0 28,65.0 29,65.0 30,65.0 31,66.0 32,68 33,69 34,70 35,71 36,71.0 37,71.0 38,71.0
69,57 68,57 67,57 66,57 65,58 65.0,59 65.0,60 65.0,61 65.0,62 65.0,63 65.0,64 65.0,65 65.0,66 66.0,67 67.0,68 68.0,69 69,70 70,71 71,71.0 72,72.0 73,72.0 74,72 75,71 75.0,70 75.0,69 75.0,68 74.0,67 73.0,66 73.0,65 74.0,64 75,62 76,61 77,60 78,59 78.0,58 77.0,57 77,56 76,55 75,54 74,54 73,55 72,56 70,58
40,11 40.0,12 40.0,13 40.0,14 40.0,15 40.0,16 40.0,17 40.0,18 40.0,19 40.0,20 40,21 41,22 41.0,23 41.0,24 42.0,25 42.0,26 42.0,27 42.0,28 43,29 44,30 45,30.0 46,29.0 47,29 48,28 49,27 49,26 48,25 48.0,24 48.0,23 46.0,22 46.0,21 46.0,20 46.0,19 46.0,18 46.0,17 46.0,16 46.0,15 46.0,14 46.0,13 46.0,12 45,11 44,10 43,9 42,9 41,10
92,22 91.0,23 90.0,24 90.0,25 89.0,26 89,27 90,28 91,29 92,30 93,29 94.0,28 95.0,27 96.0,26 97.0,25 97.0,24 97.0,23 97,22 96,21 95,20 94,20 93,21
39,57.0 38,57.0 37,57.0 36,57 35,58 35,59 35,60 35,61 35,62 36,63 37,63.0 38,64.0 39,64.0 40,64.0 41,64.0 42,64 43,63 44,62 44,61 43,60 42,59 41,58 40,57.0
56,81.0 55,81.0 54,81 53,82 52,83 50,85 49,86 48,87 48.0,88 47.0,89 47.0,90 47,91 48,92 49,92 50,92 51,92 52,92 53,92 54,91 55,90 57,88 58,88.0 59,89.0 60,89.0 61,89.0 62,89 63,88 64.0,87 65.0,86 65.0,85 65.0,84 65,83 64,82 63,81 62,81.0 61,81.0 60,81.0 59,81.0 58,81.0 57,81.0
74,37 75,38 76,37 75,36
8,98 9,97 10,96 9,95 8,94 7,93 6,92.0 5,92.0 4,91.0 3,90.0 2,90.0 1,90 0,91 0,92 0,93 0,94 0,95 0,96 0,97 1,98 2,99 3,99 4,99 5,99 6,99 7,99
9,20 8,19 7,19 6,20 6,21 6,22 6,23 7,24 8,25 9,25 10,25 11,25 12,24 12.0,23 11,22 10,21
69,42 68,43 68,44 68,45 69,46 70,47 71,47 72,47 73,46 74,45 75,44 74,43 72,41 71,40 70,41
96,67 96,66 96,65 96,64 96,63 95,62 94,62 93,62 92,62 91,63 91.0,64 92.0,65 92.0,66 93,67 94,68 95,68
64,29 63,28 62,29 63,30
31.0,87 31,86 30,85 29,85.0 28,84.0 27,83.0 26,82.0 25,82.0 24,82 23,83 23,84 21,86 20,85 19,84 18,84 17,84 16,85 16,86 17,87 18,88 19,89.0 21,91 22,92 23,93 24,94 25,94 26,94 27,93 28,92 29,91 30,90 30.0,89 31.0,88
41,30 40,29 39,28 38,28 37,28 36,29 35,30 35.0,31 35.0,32 34.0,33 34.0,34 34.0,35 35,36 36,37 37,37 38,37 39,36 40,35 40.0,34 40.0,33 41.0,32 41.0,31
82,68 81,69 79,71 78,72 77,73 77,74 77,75 78,76 79,76.0 80,76.0 81,76.0 82,76.0 83,76.0 84,76.0 85,75.0 86,74.0 87,74.0 88,73 89,72 89,71 89,70 89,69 88,68 87,68.0 86,68.0 85,68.0 84,68.0 83,68.0
15,23 14,24 13,25 13.0,26 14.0,27 14,28 15,29 16,29.0 17,29.0 18,29.0 19,29.0 20,28.0 21,28.0 22,27.0 23,27 25,29 26,30 27,30 28,30 29,30 30,30 31,29 32,28 32.0,27 33.0,26 32.0,25 32.0,24 32.0,23 32.0,22 32.0,21 31,20 30,19 29,19 28,19 27,19 26,19 25,20 24,22 23,22.0 22,22.0 21,22.0 20,22.0 19,22.0 18,23.0 17,23.0 16,23.0
0,34 0,35 0,36 0,37 0,38 1,39 2,38 2,37 2,36 2,35 2,34 1,33
0,87 1,88 2,87 1,86
21,96 20,96 19,96 18,96 17,97 17,98 18,99 19,99 20,99 21,99 22,98 23,97 22,96
41,77 40,76 39,76.0 38,76.0 37,76.0 36,77.0 35,78.0 34,79.0 33,80 32,81 31.0,82 31.0,83 30.0,84 30,85 31,86 32,87.0 34,88 35.0,89 35.0,90 35.0,91 35,92 36,93 37,93 38,93 39,92 39.0,91 39.0,90 39.0,89 39.0,88 39.0,87 39.0,86 39.0,85 39.0,84 39.0,83 40,80 41,79 42,78
96,14 97,15 98,15 99,14 99,13 99,12 99,11 99,10 99,9 99,8 99,7 99,6 99,5 99,4 98,3 97,3.0 96,2.0 95,2 94,3 94.0,4 94.0,5 94.0,6 94.0,7 94.0,8 94.0,9 96.0,10 96.0,11 96.0,12 96.0,13
39,3.0 40,3.0 41,3.0 42,3.0 43,2 44,1 43,0 42,0 41,0 40,0 39,0 38,0 37,0 36,0 35,1 35,2 36,3 37,3.0 38,3.0
89,43 88,42 87,43 88,44
68,50 68,49 67,48 66,48 65,48 64,48 63,49 62,50 62.0,51 61.0,52 61,53 62,54 63,55 64,56 65,56 66,55 67,54 68,53 68,52 68,51
52,65 51,64 50,65 51,66
54,3 53,2 52,1 51,1 50,1 49,1 48,1 47,2 47,3 48,4 49,5 50,6 51,7 52,7.0 53,7.0 54,6 55,5 54.0,4
34,27 33,28 34,29 35,28
56,42 57,41 57.0,40 58.0,39 59.0,38 61,36 62,35 63,34 64,33 65,32 65,31 64,30 63,30.0 62,30.0 61,30.0 60,30.0 59,31.0 58,31.0 57,32 56,33 55.0,34 55.0,35 55.0,36 54.0,37 54.0,38 54.0,39 54.0,40 55,41
92,78 91,77 90,78 89,79 90,80 91,80 92,79
88,51.0 87,50.0 86,50.0 85,50.0 84,50.0 83,50.0 82,49.0 81,49.0 80,49.0 79,49.0 78,49.0 77,49 76,50 76,51 76,52 77,53 78,53 79,53 81,54 81.0,56.0 81.0,57.0 80.0,58.0 80.0,59.0 80.0,60.0 79.0,61.0 79.0,62.0 79,63 80,64 81,65 82,65 83,65 84,65 85,64 86,63 87,62 87.0,61 87.0,60 87.0,59 86.0,58 88,56 89,55.0 90,55 91,54 92,53 91,52 90,51 89,51.0
77,46 76,47 77,48 78,47
6,69 7,70 8,69 9,68 9,67 9,66 8,65 7,65.0 6,66 5,67 5,68
0,5 0,6 1,7 2,6 2.0,5 3.0,4 4.0,3 4.0,2 5,1 4,0 3,0 2,0 1,0 0,1 0,2 0,3 0,4
1,22 0,23 0,24 0,25 0,26 1,27 2,27 3,26 4,25 3,24 2,23
94.0,87 94.0,88 94.0,89 95,90 96,91 97,92 98,91 99,90 99,89 99,88 99,87 99,86 98,85 97,85 96,85 95,85 94,86
38,55.0 39,55.0 40,55.0 41,55 42,54 42,53 42,52 41,51 40,51.0 39,50.0 38,49 37,50 36,51 35,52 34,53 35,54 36,55.0 37,55.0
96,31 95,32 96,33 97,32
68,84 69,83 68,82 67,83
23,2 24,3 25,3 26,3 27,2 27,1 26,0 25,0 24,0 23,0 22,1
