PRRRRRRRRRRRRRRRPRPRPPPSSSSSSSSS
PRRRRRRRPRRRPRPRPPPPSSSSSSSSSSSS
PRRRRRRRRRRRRRRRPRRRRRSSSSSSSSSS
PRRRRRRRRRRRRRRRPRRRRRRRPPPPPPPS
PRRRRRRRRRRRRRRRPRPRPPPPPSSSSSSS
PRRRRRRRRRRRRRRRPRRRPRPRPPPPPSSS
PRRRRRRRRRRRRRRRPRRRRRRRPRRRPPPS
PRPRPPPPPPPPPPPPPPPSSSSSSSSSSSSS
PRRRRRRRRRRRRRRRPRRRPRPRPPPPPPSS
PRRRRRRRRRRRRRRRPRRRPPPPPSSSSSSS
PRRRRRRRRRRRRRRRPRPRSSSSSSSSSSSS
PRRRRRRRPRRRPRPPPPPPPPPPPSSSSSSS
PRRRRRRRPRRRPRPRPPPPPPPPPPSSSSSS
PRRRRRRRRRRRRRRRPRRRRRRRPRRSSSSS
PRRRRRRRRRRRRRRRPRRRRRRRPRRRPRPS
PRRRRRRRRRRRRRRRPRPRPPPPPSSSSSSS
PRRRRRRRRRRRRRRRPRRRRSSSSSSSSSSS
PRRRRRRRRRRRRRRRPRRRRRRRPRRSSSSS
PRRRRRRRRRRRRRRRPRRRRRRRPRPPPPPS
PRRRRRRRRRRRRRRRPRRRRRRRPRPPPSSS
PRRRPRPRPPPPPPPPSSSSSSSSSSSSSSSS
PRRRRRRRRRRRRRRRPRRRRRRRPPPSSSSS
PRRRRRRRPRPRPPPPPSSSSSSSSSSSSSSS
PRRRRRRRRRRRRRRRPRRRRRRRPPPPPPSS
PRRRRRRRPRRRPRPPPPPSSSSSSSSSSSSS
PRRRRRRRRRRRRRRRPRRRPPPSSSSSSSSS
PRRRRRRRPRRRPPPPPPSSSSSSSSSSSSSS
PRRRPPPPPPPPPSSSSSSSSSSSSSSSSSSS
PRRRRRRRRRRRRRRRPRPRSSSSSSSSSSSS
PRRRRRRRRRRRRRRRPRRRPRRRPSSSSSSS
PRRRPRPRPPPSSSSSSSSSSSSSSSSSSSSS
PRRRRRRRRRRRRRRRPRRRRRRRSSSSSSSS
PRRRRRRRRRRRRRRRPRPRPSSSSSSSSSSS
PRRRRRRRPRRRRRRRPPPPPPPSSSSSSSSS
PRPPPPPPPPPPPPPPPPPPPPPPPPPPPPPS
PRRRRRRRRRRRRRRRPRRRRRRRPRPRPPSS
PRRRRRSSSSSSSSSSSSSSSSSSSSSSSSSS
PRPRPPPPPPPSSSSSSSSSSSSSSSSSSSSS
PRRRRRRRRRRRRRRRPRPRPPSSSSSSSSSS
PRRRRRRRRRRRRRRRPRRRRRRRPRPPPPSS
PRRRRRRRRRRRRRRRPPPPPPPPPPPPPSSS
PRRRRRRRPPPPPPPPPPPPPSSSSSSSSSSS
PRRRRRRRRRRRRRRRPRRRPRPRPPPPPPPS
PRRRRRRRPRRRPRPPPPPPPPPPPPSSSSSS
PRRRRRRRRRRRRRRRPRRRPRRSSSSSSSSS
PRRRRRRRRRRRRRRRPRRRRRRRPRSSSSSS
PRRRRRRRPRRRSSSSSSSSSSSSSSSSSSSS
PRRRRRRRRRRRRRRRPRRRRRRRPRPPPSSS
PRPPPPSSSSSSSSSSSSSSSSSSSSSSSSSS
PRRRRRRRRRRRRRRRPRRRRRRRSSSSSSSS
