PRRRRRRRRRRRRRRRPRRRPRRSSSSSSSSS
PRPPPPPPPPPPPPSSSSSSSSSSSSSSSSSS
PRRRRRRRRRRRRRRRPRRRRRRRPRRRPPSS
PRRRPPPSSSSSSSSSSSSSSSSSSSSSSSSS
PRRRRRRRRRRRRRRRPRRRRRRRPRPRPSSS
PRRRPRRRPPPPPSSSSSSSSSSSSSSSSSSS
PRRRRRRRRRRRRRRRPRRRRRRRPRRRPSSS
PRRRRRRRRRRRRRRRPRPPPPPPPPSSSSSS
PRRRRRRRRRRRRRRRPRPPPPPPSSSSSSSS
PRRRRRRRRRRRRRRRPRRRPRRRPPPPPSSS
PRPPPPPPPPPPPPPPPPSSSSSSSSSSSSSS
PRRRPPPPSSSSSSSSSSSSSSSSSSSSSSSS
PRRRRRRRRSSSSSSSSSSSSSSSSSSSSSSS
PRRRRRRRRRRRRRRRPRRRPRPPPPPPPSSS
PRRRRRRRRRRRRRRRPRRRRRRRPRRRPRSS
PRRRRRRRPRPRPPPPPPPPPPSSSSSSSSSS
PRRRRRRRRRRRSSSSSSSSSSSSSSSSSSSS
PRRRRRRRPRRRPRPPPPPPPPPPPPPPPPSS
PRRRPPPPPPPPPPPSSSSSSSSSSSSSSSSS
PRRRRRRRRRRRRRRRPRRRRRRRPRPRSSSS
PRRRRRRRPRRRPPPPPPPPPPPPPPPPSSSS
PRRRRRRRRRRRRRRRPRPRPPSSSSSSSSSS
PRRRRRRRRRRRRRRRPRRRPRSSSSSSSSSS
PRRRRRRRPRRRPRPRPPPPPPPPPPPPPPPS
PRRRRRRRRRRRRRRRPRPRPPPPPPPPPPSS
PRRRRRRRRRRRRRRRPRRRRRRRPRSSSSSS
PRRRRRRRPRRRRRRRPPPPPPPPPPPPSSSS
PRRRRRRRRRRRRRRRPRRRPRRRPPPPPPPS
PRRRRRRRPRRRPRPPPPPPPPPPPPSSSSSS
PRRRRRRRPRRRRRRRPPPPPSSSSSSSSSSS
PRRRRRRRRRRRRRRRPRPPPSSSSSSSSSSS
PRRRRRRRRRRRRRRRPRRRPRPRPSSSSSSS
PRRRRRRRPRPRPPPPSSSSSSSSSSSSSSSS
PRRRRRRRRRRRRRRRPRRRPRSSSSSSSSSS
PRRRRRRRRRRRRRRRPPPPPPPPPPPPPSSS
PRRRPRPRPPPPPPPPPPPPPPPPPPPSSSSS
PRRRPRPRPPPPPPPPPPPPPPSSSSSSSSSS
PRRRRRRRPRRRPPPPPPPPPPPPPPPPPPPS
PRRRRRRRRRRRRRRRPRPPPPPPPPPPPSSS
PRRRRRRRRRRRRRRRPRRRPRSSSSSSSSSS
PRRRRRRRRRRRRRRRSSSSSSSSSSSSSSSS
PRRRRRRRPRRRPRPPPPPPPPPPPPPPPPPS
PRRRRRRRRRRRRRRRPRRRPRPPSSSSSSSS
PRRRRRRRRRRRRRRRPRPPSSSSSSSSSSSS
PRRRRRRRRRRRRRRRPRRRPRRRPPPSSSSS
PRRRRRRRRRRRRRRRPRRRRRSSSSSSSSSS
PRRRRRRRRRRRRRRRPPPPSSSSSSSSSSSS
PRPRPPPPPPPPPPPPPPPPPPSSSSSSSSSS
PRRRRRRRPRRRPRRRSSSSSSSSSSSSSSSS
PRRRRRRRRRRRRRRRPRRRPRPRPPPPPSSS
