9,28 10,27 11,28 12,27 13,26 14,25 15,24 15,23 14,22 14,21 13,20 12,20 11,20 10,20 9,21 8,21 7,22 6,23 5,24 4,25 4,26 5,27 6,28 7,29 8,28
12,9 11,10 12,11 13,10
0,49 0,50 0,51 1,52 2,51 3,50 3,49 2,48 1,47 0,48
9,96 10,97 11,96 10,95
81,76 82,75 82,74 83,73 83,72 82,71 81,71 80,70 79,69 78,68 77,68 76,67 75,66 74,66 73,65 72,66 71,65 70,65 69,64 68,64 67,64 66,65 66,66 65,67 64,68 64,69 65,70 64,71 64,72 63,73 63,74 64,75 65,76 66,77 67,78 68,79 69,80 70,81 71,81 72,82 73,81 74,82 75,81 76,81 77,80 78,79 79,78 80,77
13,53 13,54 14,55 15,56 15,57 15,58 15,59 16,60 16,61 16,62 17,63 17,64 18,65 18,66 17,67 17,68 18,69 18,70 19,71 20,71 21,70 22,69 23,69 24,68 24,67 23,66 22,65 21,64 22,63 23,62 23,61 23,60 22,59 23,58 22,57 23,56 22,55 23,54 22,53 21,52 21,51 20,50 20,49 19,48 19,47 19,46 18,45 17,44 16,44 15,45 14,45 13,45 12,46 11,45 10,46 9,47 8,48 9,49 10,50 11,51 12,52
12,84 13,85 14,85 15,84 14,83 13,83
49,81 48,80 47,79 46,78 45,78 44,77 43,78 42,79 41,80 40,81 39,82 40,83 40,84 41,85 42,86 43,87 44,88 45,89 46,90 47,91 48,92 49,93 50,94 51,95 52,94 53,93 54,92 55,93 56,92 57,91 58,91 59,90 60,89 61,88 62,87 62,86 61,85 62,84 62,83 61,82 62,81 61,80 60,79 59,79 58,79 57,80 56,80 55,81 54,80 53,79 52,80 51,81 50,82
28,68 27,69 28,70 29,70 30,69 29,68
94,66 93,65 92,65 91,65 90,65 89,66 88,67 87,68 88,69 89,70 90,71 91,71 92,70 93,69 94,68 95,67
16,5 17,6 18,5 17,4
57,42 58,41 57,40 56,41
25,27 24,26 25,25 25,24 24,23 23,23 22,24 21,25 21,26 20,27 19,28 20,29 20,30 21,31 22,32 23,33 24,32 25,31 26,30 25,29 25,28
12,91 12,92 11,93 11,94 12,95 13,96 14,97 15,98 16,99 17,99 18,99 19,99 20,98 20,97 20,96 20,95 19,94 18,93 17,92 16,91 15,90 14,90 13,90
58,99 59,98 60,97 59,96 59,95 58,94 57,94 56,94 55,95 54,96 54,97 53,98 54,99 55,99 56,99 57,99
59,45 58,45 57,45 56,46 55,47 54,48 55,49 55,50 56,51 56,52 57,53 57,54 57,55 58,56 58,57 59,58 60,59 61,60 62,61 63,60 64,59 65,58 66,57 66,56 65,55 65,54 64,53 64,52 63,51 62,50 61,49 61,48 60,47 60,46
80,56 79,57 78,58 77,57 76,58 75,57 74,58 73,59 72,60 71,61 71,62 72,63 73,64 74,65 75,66 76,67 77,66 78,65 79,66 80,65 81,64 82,63 83,62 83,61 84,60 84,59 85,58 85,57 84,56 83,55 82,55 81,55
40,45 39,46 38,46 37,47 38,48 39,49 40,50 41,51 42,51 43,50 44,49 44,48 44,47 43,46 42,45 41,45
34,86 34,85 33,84 32,83 31,82 30,81 29,80 28,79 27,80 26,79 25,80 24,81 23,82 22,82 21,83 20,84 19,85 18,86 18,87 19,88 20,89 20,90 20,91 21,92 22,93 23,94 24,94 25,95 26,94 27,93 28,92 29,91 30,90 31,89 32,88 33,87
95,69 94,70 93,71 92,71 91,72 90,73 89,73 88,73 87,74 86,75 85,75 84,76 85,77 86,78 86,79 87,80 86,81 86,82 87,83 86,84 87,85 87,86 86,87 87,88 88,89 89,89 90,90 91,89 92,89 93,88 94,87 95,86 96,85 96,84 97,83 98,82 99,81 99,80 99,79 99,78 99,77 98,76 99,75 99,74 99,73 98,72 97,71 96,70
89,35 88,36 87,37 86,38 87,39 87,40 88,41 89,42 90,42 91,41 92,40 93,39 94,38 93,37 92,36 91,35 90,35
29,76 30,75 29,74 28,75
79,10 78,9 77,8 78,7 78,6 79,5 79,4 80,3 81,2 80,1 79,0 78,0 77,0 76,0 75,0 74,0 73,0 72,0 71,0 70,0 69,0 68,0 67,0 66,0 65,0 64,0 63,0 62,0 61,0 60,1 61,2 62,3 63,4 64,5 65,6 66,7 66,8 67,9 67,10 66,11 67,12 67,13 68,14 69,15 70,16 71,17 72,18 73,17 74,18 75,17 76,18 77,18 78,17 79,17 80,16 81,15 82,14 82,13 81,12 80,11
5,11 6,10 7,9 8,8 9,7 10,6 9,5 8,4 9,3 8,2 9,1 8,0 7,0 6,0 5,0 4,0 3,0 2,0 1,0 0,1 0,2 0,3 0,4 0,5 0,6 0,7 0,8 0,9 0,10 0,11 0,12 0,13 0,14 0,15 1,16 2,15 3,14 4,13 4,12
39,44 38,43 37,44 38,45
51,81 52,80 53,79 54,78 55,77 56,78 57,78 58,77 59,76 59,75 60,74 59,73 59,72 58,71 57,70 56,69 55,68 54,67 53,66 52,65 51,64 50,63 49,62 48,63 47,62 46,63 45,64 44,65 43,66 42,67 42,68 42,69 41,70 42,71 42,72 43,73 44,74 44,75 45,76 46,77 47,78 48,79 49,80 50,81
67,51 68,51 69,50 70,49 71,48 72,48 73,47 74,46 75,45 74,44 73,43 72,42 71,41 70,42 69,43 68,43 67,44 66,45 65,46 66,47 66,48 65,49 66,50
68,86 69,87 70,86 69,85
48,22 49,21 48,20 47,19 46,20 46,21 47,22
49,25 49,26 48,27 49,28 49,29 48,30 48,31 49,32 50,33 51,34 51,35 52,36 53,37 54,37 55,37 56,36 57,36 58,35 58,34 59,33 59,32 60,31 61,30 61,29 60,28 60,27 59,26 58,25 57,24 57,23 56,22 55,21 54,21 53,20 52,20 51,21 50,21 49,21 48,22 49,23 48,24
36,0 35,0 34,0 33,0 32,0 31,0 30,1 30,2 29,3 28,4 27,5 26,6 27,7 28,8 28,9 29,10 29,11 30,12 31,13 31,14 31,15 32,16 33,17 34,18 34,19 33,20 32,21 33,22 33,23 33,24 34,25 33,26 34,27 34,28 33,29 34,30 34,31 35,32 36,33 37,32 38,31 39,30 40,29 39,28 39,27 39,26 40,25 41,24 42,23 42,22 42,21 41,20 40,19 39,18 40,17 40,16 41,15 40,14 40,13 39,12 39,11 38,10 39,9 40,8 40,7 40,6 41,5 40,4 39,3 38,2 38,1 37,0
91,58 90,57 89,58 90,59
11,15 12,14 13,13 12,12 12,11 11,10 10,9 9,9 8,10 7,11 6,12 7,13 8,14 9,15 10,16
12,40 13,41 14,42 15,43 16,44 17,44 18,43 19,42 19,41 20,40 21,39 20,38 19,37 18,36 17,35 16,35 15,36 14,37 13,38 12,39
23,51 24,52 25,53 26,54 27,55 28,55 29,55 30,54 31,53 32,52 33,51 34,50 35,49 36,48 37,47 38,46 38,45 39,44 38,43 37,42 36,41 35,40 34,40 33,39 32,40 31,41 30,42 29,41 28,42 27,43 26,43 25,44 24,45 23,46 22,47 21,48 21,49 22,50
12,85 11,84 10,83 9,83 8,82 7,81 6,80 5,81 4,81 3,80 2,81 1,82 0,83 0,84 0,85 1,86 2,87 3,88 4,89 5,90 6,91 7,91 8,90 9,89 10,88 11,88 12,87 12,86
0,97 0,98 1,99 2,98 3,97 4,96 5,95 4,94 4,93 4,92 5,91 4,90 4,89 3,88 2,89 1,90 0,91 0,92 0,93 0,94 0,95 0,96
3,71 2,72 1,72 0,73 0,74 0,75 0,76 1,77 2,78 3,78 4,77 5,78 6,77 7,76 7,75 6,74 5,73 4,72
96,93 97,93 98,93 99,92 99,91 99,90 99,89 98,88 97,88 96,88 95,89 94,90 94,91 95,92
44,96 45,95 44,94 43,95
29,31 28,31 27,31 26,32 25,33 26,34 25,35 24,36 25,37 25,38 25,39 26,40 27,40 28,41 29,40 30,39 31,38 32,37 33,36 33,35 33,34 33,33 32,32 31,31 30,30
14,75 13,74 12,73 11,72 10,72 9,72 8,73 7,74 7,75 8,76 9,77 10,78 11,78 12,77 13,76
98,4 99,3 99,2 99,1 98,0 97,0 96,0 95,1 96,2 97,3
77,30 78,29 78,28 78,27 77,26 76,25 75,24 74,24 73,23 72,22 71,21 70,20 69,19 68,18 67,17 66,18 65,19 64,19 63,19 62,19 61,20 61,21 60,22 61,23 61,24 62,25 62,26 63,27 63,28 64,29 65,30 65,31 66,32 67,33 68,34 69,35 70,36 71,35 72,35 73,34 74,33 75,32 76,31
21,15 20,14 19,15 20,16
29,99 30,99 31,99 32,99 33,99 34,98 34,97 33,96 32,95 31,95 30,94 29,95 28,96 28,97 28,98
28,18 29,17 29,16 29,15 28,14 27,14 26,14 25,13 24,14 23,15 22,16 22,17 22,18 23,19 24,20 25,21 26,21 27,20 28,19
85,18 84,17 83,18 82,19 81,20 81,21 82,22 83,23 84,24 85,25 86,26 87,26 88,26 89,25 90,25 91,24 92,23 93,22 92,21 91,20 90,19 89,18 88,17 87,16 86,17
39,59 40,60 41,61 42,60 42,59 43,58 44,57 43,56 42,55 41,56 40,57 39,58
97,28 98,28 99,27 99,26 99,25 99,24 99,23 99,22 98,21 97,22 96,23 95,24 94,25 95,26 96,27
