221,173 220,174 219,174 218,174 217,175 216,176 216,177 215,178 214,179 213,180 214,181 215,182 215,183 214,184 214,185 213,186 212,187 213,188 214,189 215,190 216,191 217,192 218,193 219,194 220,194 221,195 222,196 223,196 224,195 225,195 226,194 227,193 228,192 229,191 230,190 230,189 231,188 231,187 230,186 231,185 230,184 230,183 231,182 232,181 232,180 231,179 230,178 229,177 228,176 227,175 226,174 225,174 224,173 223,172 222,172
198,237 199,236 200,236 201,235 202,234 203,233 204,232 204,231 203,230 202,229 201,228 200,227 199,226 198,225 197,226 196,227 195,227 194,228 193,229 192,229 191,228 190,227 189,228 188,229 187,228 186,229 185,230 184,230 183,231 182,232 181,233 180,234 180,235 181,236 182,237 183,238 184,239 185,240 186,241 187,241 188,242 189,243 190,242 191,241 192,241 193,240 194,239 195,238 196,239 197,238
211,209 210,210 209,211 208,212 208,213 209,214 210,215 211,215 212,214 213,214 214,213 215,212 216,211 217,210 218,209 219,209 220,208 219,207 219,206 218,205 217,204 216,204 215,205 214,206 213,207 212,208
27,61 26,62 26,63 26,64 27,65 27,66 28,67 28,68 29,69 30,70 31,71 32,72 33,73 34,72 35,71 36,70 37,69 38,68 39,67 39,66 39,65 38,64 38,63 37,62 36,61 35,60 34,60 33,59 32,58 31,59 30,60 29,61 28,61
170,168 170,167 169,166 168,165 167,164 166,164 165,164 164,165 163,166 162,167 161,168 160,169 160,170 160,171 159,172 160,173 161,174 162,174 163,175 164,174 165,173 166,173 167,172 168,171 169,170 169,169
110,154 111,155 112,156 113,157 114,158 115,159 116,160 117,159 118,159 119,160 120,159 121,158 122,159 123,159 124,158 125,158 126,159 127,158 128,157 129,156 129,155 128,154 127,153 126,152 125,151 124,150 123,149 122,148 121,147 120,146 119,145 118,145 117,144 116,143 115,142 114,142 113,143 112,144 112,145 112,146 111,147 112,148 112,149 111,150 110,151 109,152 109,153
234,187 233,188 234,189 235,190 236,190 237,190 238,189 239,188 240,187 241,186 241,185 241,184 240,183 239,183 238,183 237,184 236,184 235,185 234,186
130,197 131,198 132,199 133,200 134,201 135,202 136,203 137,203 138,204 139,203 140,203 141,204 142,204 143,203 144,204 145,203 146,202 145,201 144,200 143,199 142,198 141,197 142,196 142,195 143,194 143,193 142,192 142,191 141,190 140,189 139,190 138,190 137,190 136,190 135,190 134,191 133,192 132,193 132,194 131,195 130,196
11,114 12,115 13,115 14,116 15,115 16,114 17,113 18,113 19,114 20,114 21,114 22,113 23,112 24,111 23,110 24,109 23,108 22,107 21,106 20,107 19,107 18,108 17,109 16,109 15,109 14,109 13,109 12,109 11,110 10,111 9,112 10,113
60,28 59,27 58,28 57,28 56,29 55,30 54,31 55,32 54,33 55,34 55,35 55,36 56,37 56,38 57,39 58,40 59,41 59,42 60,43 61,44 61,45 62,46 63,47 64,47 65,48 66,47 67,46 68,45 69,45 70,44 71,43 72,42 73,41 74,40 74,39 74,38 73,37 72,36 71,35 70,34 69,33 68,32 67,31 66,30 65,29 64,28 63,27 62,26 61,27
21,146 22,147 23,148 24,149 25,150 26,151 27,152 28,151 29,150 30,149 30,148 29,147 28,146 27,146 26,145 25,144 24,143 23,142 22,143 21,143 20,144 20,145
89,223 88,222 87,223 86,224 85,225 84,224 83,223 82,224 81,225 80,226 79,225 78,226 77,227 76,226 75,225 74,226 73,226 72,226 71,227 70,228 70,229 71,230 71,231 72,232 73,233 74,234 75,235 76,236 77,237 78,238 79,239 80,240 81,241 82,242 83,243 84,244 85,244 86,245 87,244 88,243 89,244 90,243 91,242 92,241 93,242 94,241 95,242 96,243 97,242 98,242 99,241 100,240 100,239 100,238 100,237 99,236 99,235 99,234 98,233 97,232 96,231 97,230 98,229 99,228 98,227 97,226 96,225 95,224 94,223 93,223 92,222 91,223 90,222
179,96 178,97 177,98 176,99 176,100 175,101 174,102 173,103 173,104 174,105 173,106 174,107 173,108 174,109 175,110 176,111 177,112 178,113 179,114 180,113 181,114 182,115 183,116 184,115 185,114 186,115 187,114 188,114 189,113 190,112 191,111 192,110 193,109 194,108 194,107 193,106 194,105 195,104 196,103 196,102 197,101 198,100 198,99 199,98 200,97 201,96 202,95 203,94 204,93 205,92 206,91 205,90 205,89 206,88 207,87 206,86 207,85 206,84 205,83 204,82 203,81 202,81 201,80 200,81 199,81 198,82 197,83 196,83 195,84 194,85 193,86 192,87 191,87 190,86 189,85 188,86 187,87 186,88 185,89 184,90 183,91 182,92 181,93 180,94 179,95
221,132 221,131 221,130 220,129 219,128 218,127 217,128 216,129 215,130 214,131 213,131 212,132 211,133 210,132 209,131 208,130 207,129 206,128 205,127 204,126 203,125 202,124 201,123 200,124 199,123 198,124 197,125 196,124 195,125 194,126 193,127 192,128 191,129 191,130 190,131 189,132 188,133 187,134 188,135 187,136 188,137 188,138 187,139 188,140 188,141 189,142 190,143 191,144 192,145 193,145 194,144 195,143 196,144 197,145 198,146 199,147 200,146 201,146 202,146 203,145 204,145 205,144 206,143 207,142 208,141 209,140 210,141 211,142 212,141 213,142 214,142 215,141 216,140 217,139 218,139 219,140 220,139 221,139 222,139 223,138 223,137 222,136 221,135 221,134 220,133
30,49 29,50 28,51 28,52 29,53 29,54 30,55 31,56 32,57 33,57 34,56 35,57 36,56 37,55 38,56 39,57 40,57 41,56 42,55 42,54 42,53 41,52 41,51 40,50 41,49 42,48 42,47 43,46 44,45 44,44 44,43 43,42 42,41 41,40 40,41 39,41 38,41 37,42 36,43 35,44 34,44 33,45 32,46 31,47 30,48
137,119 138,120 138,121 139,122 140,123 141,124 142,125 143,124 144,123 145,122 146,121 147,120 148,119 148,118 148,117 147,116 148,115 148,114 149,113 150,112 151,111 151,110 151,109 150,108 150,107 149,106 149,105 148,104 147,103 146,102 145,101 144,100 143,99 142,98 141,99 140,100 139,101 138,102 138,103 137,104 136,105 135,106 134,107 133,108 132,109 131,110 132,111 132,112 133,113 133,114 134,115 135,116 136,117 137,118
246,66 245,65 244,64 243,63 242,62 241,61 240,60 239,59 238,60 237,61 236,62 235,63 236,64 236,65 236,66 237,67 238,68 239,69 239,70 240,71 240,72 240,73 241,74 242,75 243,76 244,75 245,74 246,73 246,72 247,71 248,70 248,69 247,68 246,67
175,187 174,188 173,189 172,190 172,191 171,192 171,193 172,194 172,195 173,196 173,197 174,198 175,199 176,199 177,198 178,198 179,197 180,196 181,197 182,196 183,197 184,196 185,197 186,198 187,197 188,196 189,197 190,196 191,195 192,194 192,193 191,192 191,191 191,190 190,189 189,188 188,187 187,187 186,188 185,187 184,186 183,187 182,187 181,188 180,187 179,187 178,188 177,187 176,188
70,126 69,127 68,128 68,129 69,130 70,131 71,132 72,133 73,134 74,135 75,134 76,133 77,133 78,132 79,133 80,132 81,133 82,132 83,131 84,132 85,133 86,132 87,131 88,130 89,129 90,128 91,127 92,126 93,125 94,124 95,123 94,122 93,121 92,121 91,120 90,120 89,120 88,121 87,121 86,121 85,122 84,121 83,122 82,123 81,123 80,124 79,124 78,123 77,124 76,125 75,124 74,125 73,126 72,126 71,126
35,237 36,237 37,236 38,235 39,234 40,233 41,232 42,231 42,230 43,229 44,228 43,227 42,226 41,225 40,224 39,223 38,222 37,221 36,220 35,220 34,221 33,222 32,223 31,224 30,225 30,226 29,227 28,228 27,229 28,230 29,231 28,232 27,233 28,234 28,235 29,236 28,237 28,238 29,239 30,240 31,241 32,240 33,239 34,238
201,122 201,123 202,124 203,125 204,126 205,127 206,128 207,129 208,129 209,130 210,129 211,128 212,127 212,126 212,125 211,124 211,123 210,122 211,121 210,120 210,119 210,118 211,117 211,116 211,115 212,114 213,113 213,112 213,111 212,110 212,109 211,108 210,107 209,106 208,106 207,105 206,104 205,104 204,103 203,102 202,103 201,102 200,103 199,104 198,105 197,105 196,106 195,107 196,108 196,109 195,110 194,111 195,112 195,113 196,114 196,115 196,116 197,117 198,118 199,119 199,120 200,121
171,39 172,39 173,38 174,37 175,36 176,35 177,34 178,33 179,32 179,31 180,30 180,29 180,28 179,27 178,26 177,26 176,25 175,25 174,24 173,24 172,23 171,23 170,22 169,21 168,22 167,23 166,24 165,25 164,26 164,27 164,28 163,29 164,30 165,31 165,32 165,33 164,34 165,35 165,36 166,37 166,38 167,39 168,40 169,41 170,40
114,222 115,221 116,220 117,219 118,218 119,217 120,216 120,215 120,214 121,213 120,212 120,211 119,210 118,209 117,208 116,207 115,206 114,205 113,204 112,203 111,202 110,203 109,204 109,205 110,206 109,207 109,208 108,209 107,210 108,211 109,212 110,213 109,214 108,215 109,216 110,217 111,218 111,219 111,220 111,221 112,222 113,223
70,141 69,140 68,139 67,138 66,139 65,140 64,141 63,142 62,143 61,144 60,145 59,146 58,147 57,148 57,149 58,150 59,151 59,152 60,153 61,154 62,155 63,156 64,157 65,158 66,159 66,160 66,161 67,162 67,163 67,164 68,165 68,166 68,167 68,168 69,169 70,170 71,171 72,170 73,170 74,169 74,168 74,167 73,166 72,165 72,164 73,163 73,162 72,161 73,160 72,159 72,158 71,157 72,156 71,155 70,154 71,153 71,152 72,151 73,150 72,149 71,148 71,147 72,146 71,145 71,144 71,143 71,142
83,24 83,23 84,22 83,21 84,20 83,19 82,18 81,18 80,17 79,17 78,18 77,19 76,20 75,21 74,22 73,23 74,24 74,25 75,26 76,27 77,28 78,27 79,26 80,27 81,26 82,25
42,166 43,165 44,164 44,163 43,162 42,162 41,161 40,161 39,161 38,162 37,163 37,164 38,165 39,166 40,166 41,167
131,78 130,77 129,76 128,76 127,77 126,78 126,79 126,80 127,81 128,81 129,80 130,79
107,205 106,204 105,205 104,205 103,206 102,207 101,208 101,209 102,210 103,211 104,212 105,212 106,211 107,210 108,209 108,208 107,207 108,206
140,71 141,72 142,72 143,73 144,72 145,71 146,70 147,69 148,68 148,67 147,66 148,65 148,64 149,63 150,62 149,61 149,60 150,59 150,58 149,57 148,56 147,56 146,57 145,58 144,59 143,60 143,61 142,62 141,63 140,64 139,65 138,66 138,67 139,68 139,69 139,70
149,24 150,24 151,23 152,22 151,21 150,20 149,19 148,18 147,17 146,16 145,15 144,14 143,15 142,15 141,16 140,16 139,17 138,18 137,19 136,20 136,21 137,22 138,23 139,24 140,25 141,24 142,25 143,26 144,25 145,26 146,25 147,24 148,24
32,188 31,187 30,186 29,187 28,186 27,187 26,188 25,187 24,187 23,187 22,187 21,188 20,189 19,190 18,191 17,192 16,193 16,194 15,195 14,196 15,197 16,198 17,199 18,200 19,201 20,202 21,203 20,204 21,205 20,206 21,207 21,208 20,209 21,210 21,211 20,212 20,213 20,214 21,215 22,216 23,217 24,216 25,216 26,215 27,214 28,213 29,212 30,211 30,210 29,209 29,208 30,207 29,206 29,205 30,204 30,203 31,202 30,201 29,200 29,199 28,198 28,197 29,196 30,195 31,194 31,193 32,192 33,191 34,190 33,189
21,216 20,215 19,214 18,213 17,213 16,212 15,213 14,213 13,213 12,214 11,215 11,216 10,217 9,218 9,219 10,220 10,221 11,222 12,223 13,224 14,225 15,226 16,227 17,226 18,227 19,226 20,227 21,226 22,227 23,226 24,225 25,224 26,223 27,222 28,221 28,220 27,219 26,218 25,217 24,216 23,217 22,217
219,108 220,109 221,110 222,111 223,111 224,112 225,111 226,110 227,111 228,110 229,109 230,108 231,107 232,106 232,105 233,104 232,103 231,102 230,101 229,100 228,99 227,98 226,97 225,98 224,97 223,98 222,97 221,98 220,97 219,98 218,98 217,98 216,99 216,100 217,101 216,102 217,103 218,104 217,105 217,106 218,107
149,145 150,145 151,146 152,145 153,144 154,143 154,142 153,141 152,140 151,139 150,138 149,137 148,136 147,136 146,135 145,136 144,136 143,137 144,138 145,139 146,140 146,141 147,142 147,143 148,144
239,170 238,169 237,168 236,167 235,166 234,166 233,166 232,167 231,168 230,169 229,170 230,171 231,172 231,173 232,174 233,175 234,175 235,176 236,175 237,174 238,175 239,176 240,175 241,174 241,173 241,172 240,171
220,17 220,16 220,15 220,14 220,13 220,12 220,11 219,10 218,10 217,9 216,10 215,9 214,9 213,10 212,11 211,12 210,13 211,14 212,15 212,16 213,17 214,18 215,19 215,20 216,21 216,22 217,23 218,24 219,24 220,23 221,22 220,21 219,20 218,19 219,18
40,171 39,170 39,169 38,168 37,167 37,166 36,165 37,164 38,163 38,162 39,161 38,160 38,159 39,158 38,157 38,156 38,155 37,154 36,154 35,155 34,156 33,157 32,158 31,159 30,160 29,161 28,162 27,163 26,164 27,165 27,166 26,167 27,168 27,169 26,170 27,171 27,172 28,173 28,174 27,175 26,176 26,177 27,178 28,179 29,179 30,180 31,181 32,180 33,181 34,180 35,179 36,178 37,177 38,176 39,175 40,174 41,173 40,172
176,219 175,218 174,217 173,216 172,215 171,216 170,217 169,218 168,219 167,220 166,221 165,222 164,223 164,224 163,225 164,226 165,227 165,228 166,229 166,230 167,231 168,232 168,233 169,234 170,235 170,236 171,237 171,238 170,239 170,240 170,241 170,242 171,243 172,244 173,244 174,244 175,243 176,242 177,241 178,240 179,239 180,238 180,237 181,236 180,235 180,234 181,233 180,232 180,231 181,230 182,229 182,228 183,227 182,226 182,225 181,224 181,223 180,222 179,221 178,220 177,220
134,147 135,146 134,145 133,144 134,143 135,142 134,141 133,140 132,139 131,140 130,141 129,142 128,143 127,144 127,145 126,146 127,147 128,148 129,149 130,150 131,150 132,149 133,148
224,85 225,84 226,84 227,83 228,84 229,83 230,82 231,82 232,81 233,80 233,79 232,78 231,77 230,76 229,76 228,75 227,75 226,75 225,75 224,76 223,77 222,77 221,78 220,79 219,80 218,81 217,82 217,83 216,84 215,85 214,86 214,87 215,88 216,89 217,89 218,90 219,89 220,89 221,88 222,87 223,86
17,36 18,36 19,36 20,36 21,35 22,34 23,34 24,33 25,32 26,31 27,30 28,29 29,29 30,30 31,30 32,30 33,29 34,28 35,27 36,26 37,25 38,24 39,23 40,22 41,21 42,20 42,19 43,18 44,17 45,16 45,15 44,14 44,13 43,12 42,11 41,10 40,9 39,8 38,7 37,6 36,5 35,4 34,3 33,2 32,2 31,1 30,0 29,1 28,1 27,2 26,1 25,0 24,1 23,1 22,1 21,0 20,1 19,0 18,1 17,0 16,1 15,2 14,1 13,2 12,1 11,1 10,0 9,1 8,0 7,1 6,2 5,1 4,2 3,3 2,4 1,5 0,6 0,7 1,8 1,9 2,10 1,11 1,12 2,13 2,14 1,15 0,16 1,17 0,18 0,19 0,20 1,21 0,22 0,23 0,24 0,25 1,26 2,27 1,28 0,29 0,30 1,31 0,32 1,33 1,34 2,35 3,36 4,37 5,38 6,39 7,38 8,39 9,39 10,39 11,39 12,40 13,39 14,39 15,38 16,37
157,103 156,104 155,105 154,106 155,107 155,108 154,109 153,110 154,111 155,112 156,113 157,113 158,112 159,111 160,110 161,109 162,108 163,107 164,106 165,105 166,104 167,103 168,102 169,101 168,100 167,99 166,100 165,99 164,98 163,99 162,100 161,99 160,100 159,101 158,102
86,220 85,221 86,222 87,221
122,235 121,234 121,233 122,232 123,231 123,230 122,229 122,228 121,227 120,226 119,225 118,225 117,225 116,226 115,227 114,228 114,229 113,230 113,231 112,232 113,233 112,234 113,235 113,236 112,237 111,238 111,239 111,240 110,241 111,242 110,243 111,244 112,245 113,246 114,246 115,245 116,244 117,243 118,242 119,241 120,240 121,239 122,238 121,237 121,236
104,174 105,173 104,172 103,171 102,171 101,172 100,173 99,174 100,175 101,176 102,175 103,175
18,201 17,200 16,201 17,202
95,168 96,168 97,169 98,168 99,167 100,168 101,167 102,167 103,166 104,165 105,164 105,163 104,162 103,161 103,160 102,159 101,158 100,157 99,156 100,155 99,154 98,153 97,152 96,151 95,150 96,149 95,148 94,147 93,146 92,145 91,146 90,147 89,148 88,149 87,150 87,151 88,152 87,153 86,154 87,155 88,156 88,157 88,158 87,159 88,160 88,161 89,162 90,163 91,164 92,165 93,166 94,167
3,69 4,68 4,67 5,66 4,65 3,64 2,63 1,62 0,63 0,64 0,65 0,66 0,67 0,68 0,69 1,70 2,70
173,28 174,27 173,26 172,27
244,230 245,229 246,228 247,227 248,226 248,225 247,224 248,223 248,222 247,221 246,220 245,219 244,218 243,217 242,216 241,217 240,218 239,217 238,218 237,219 236,220 235,221 234,222 233,223 232,224 231,225 230,226 229,225 228,226 227,226 226,227 225,228 224,229 225,230 225,231 226,232 227,233 228,234 229,234 230,235 231,236 232,235 233,234 234,233 235,234 236,233 237,232 238,232 239,233 240,233 241,232 242,231 243,231
128,73 129,72 130,72 131,73 132,72 133,73 134,72 135,71 135,70 136,69 135,68 134,67 133,66 132,65 131,64 130,63 129,63 128,62 127,61 126,62 125,63 124,64 123,65 122,66 122,67 121,68 122,69 122,70 121,71 122,72 123,73 124,74 125,73 126,73 127,72
41,107 42,108 43,109 44,110 45,111 46,112 47,113 48,114 49,114 50,113 51,113 52,112 53,111 52,110 51,109 52,108 51,107 52,106 51,105 52,104 52,103 51,102 51,101 50,100 51,99 52,98 53,97 54,96 54,95 54,94 55,93 56,92 56,91 55,90 56,89 55,88 54,87 53,86 52,85 51,85 50,84 49,83 48,82 47,83 46,84 45,85 44,86 43,87 42,88 41,88 40,88 39,88 38,87 37,87 36,87 35,88 34,89 33,90 32,91 31,92 31,93 32,94 31,95 32,96 31,97 32,98 33,99 34,100 35,101 36,102 37,103 38,104 39,105 40,106
51,15 50,14 49,13 48,14 47,15 47,16 46,17 47,18 48,19 49,20 50,21 51,21 52,20 53,19 54,18 53,17 52,16
204,49 205,50 206,51 207,52 208,53 209,54 210,54 211,53 212,52 213,51 214,50 215,49 216,48 217,47 218,46 219,45 218,44 219,43 219,42 218,41 219,40 218,39 218,38 218,37 219,36 218,35 217,34 216,33 215,32 214,31 213,30 212,31 211,30 210,31 209,30 208,29 207,30 206,31 205,31 204,30 203,29 202,30 201,31 200,31 199,32 198,33 198,34 199,35 200,36 201,37 202,38 203,39 202,40 201,41 201,42 201,43 201,44 202,45 202,46 203,47 203,48
120,137 119,138 118,139 118,140 119,141 120,142 121,143 122,144 123,144 124,143 125,142 126,141 126,140 126,139 125,138 124,137 123,136 122,136 121,136
95,75 96,74 95,73 94,74
23,34 24,33 23,32 22,33
153,108 152,107 151,108 152,109
171,173 172,172 171,171 170,172
185,214 186,213 185,212 184,213
243,148 243,147 243,146 242,145 241,144 240,143 239,142 238,141 237,140 238,139 238,138 238,137 239,136 238,135 237,134 236,135 235,134 234,135 233,136 232,136 231,136 230,137 229,138 228,139 227,140 226,141 225,142 224,143 225,144 225,145 224,146 225,147 226,148 227,149 228,150 229,151 230,151 231,152 232,153 233,152 234,153 235,152 236,151 237,152 238,151 239,152 240,151 241,150 242,149
47,47 46,48 45,49 44,50 44,51 43,52 42,53 42,54 41,55 42,56 42,57 41,58 42,59 42,60 43,61 43,62 44,63 45,64 46,63 47,64 48,63 49,62 50,63 51,62 52,61 53,61 54,60 55,59 56,58 55,57 54,56 55,55 56,54 57,53 56,52 57,51 56,50 55,49 54,48 53,47 52,46 51,45 50,44 49,45 48,46
144,187 143,188 143,189 142,190 143,191 144,192 145,193 146,193 147,192 148,191 149,190 150,189 149,188 150,187 149,186 148,185 148,184 149,183 149,182 150,181 149,180 150,179 151,178 151,177 151,176 152,175 151,174 151,173 152,172 153,171 153,170 152,169 152,168 151,167 150,166 149,167 148,167 147,167 146,167 145,168 145,169 145,170 144,171 143,172 142,173 141,174 140,175 139,176 140,177 139,178 140,179 140,180 141,181 142,182 143,183 144,184 143,185 144,186
178,121 179,120 180,119 181,118 181,117 180,116 179,115 178,115 177,116 176,116 175,116 174,117 173,117 172,116 171,116 170,117 169,118 168,119 169,120 170,121 171,122 172,123 173,122 174,123 175,122 176,121 177,122
106,41 106,40 105,39 104,38 103,39 102,39 101,40 100,41 99,42 98,43 97,44 96,45 95,46 94,46 93,47 92,47 91,47 90,48 89,49 90,50 91,51 92,52 93,53 94,54 95,55 96,55 97,55 98,55 99,54 100,55 101,54 102,55 103,54 104,53 105,52 106,52 107,51 108,50 107,49 108,48 108,47 107,46 107,45 106,44 107,43 107,42
89,110 88,109 87,110 86,110 85,111 84,112 83,113 82,114 82,115 82,116 83,117 84,118 85,118 86,117 87,116 88,117 89,116 90,116 91,115 92,114 93,113 92,112 91,111 90,110
204,18 204,17 203,16 203,15 202,14 201,13 201,12 200,11 199,10 198,9 197,9 196,10 195,11 194,12 193,13 192,14 193,15 194,16 195,17 196,18 197,19 198,20 199,20 200,20 201,21 202,20 203,19
124,34 125,35 126,34 127,35 128,36 129,36 130,36 131,37 132,36 133,35 134,34 135,33 134,32 134,31 133,30 134,29 133,28 132,27 131,27 130,26 129,27 128,26 127,27 126,28 125,29 124,29 123,29 122,30 121,30 120,31 119,32 120,33 121,34 122,35 123,35
179,148 178,147 177,146 176,145 175,144 174,144 173,143 172,144 171,143 170,142 169,142 168,141 167,142 166,141 165,142 164,143 163,143 162,144 161,145 162,146 163,147 163,148 163,149 164,150 165,151 166,152 167,152 168,153 169,154 170,155 171,155 172,155 173,155 174,154 175,153 176,154 177,153 178,153 179,152 180,151 181,150 180,149
185,240 184,239 183,238 182,238 181,239 180,240 179,241 179,242 180,243 181,244 182,244 183,244 184,243 185,242 185,241
16,73 15,72 14,71 13,71 12,70 11,69 10,70 9,71 8,72 8,73 7,74 6,75 5,76 4,77 5,78 6,79 7,80 8,81 9,81 10,81 11,80 12,80 13,81 14,80 15,79 16,78 17,78 18,77 19,76 18,75 17,74
190,245 189,244 188,245 189,246
82,214 81,213 82,212 82,211 81,210 80,209 79,209 78,208 77,209 76,210 75,209 74,210 73,210 72,211 71,212 70,213 71,214 71,215 70,216 71,217 72,218 73,219 74,220 75,221 76,222 77,223 78,223 79,222 79,221 80,220 79,219 79,218 80,217 81,216 82,215
184,78 184,77 183,76 182,75 181,75 180,74 179,73 178,72 177,73 176,72 175,71 174,70 173,69 172,68 171,67 170,66 169,65 168,65 167,66 166,65 165,66 164,67 163,68 162,67 161,68 160,69 160,70 159,71 160,72 160,73 161,74 161,75 162,76 163,77 164,78 165,79 166,80 166,81 167,82 168,83 169,84 170,85 171,86 172,87 173,88 174,89 175,90 176,91 177,92 178,91 179,90 180,89 181,88 182,87 183,86 184,85 185,84 186,83 185,82 186,81 185,80 184,79
211,151 212,150 213,149 214,148 213,147 212,146 211,146 210,146 209,145 208,146 207,146 206,147 207,148 208,149 209,150 210,151
155,94 154,93 153,93 152,94 153,95 154,95
108,114 108,115 109,116 108,117 108,118 107,119 108,120 109,121 109,122 109,123 110,124 111,125 112,125 113,126 114,127 115,128 116,128 117,129 118,128 119,127 120,126 121,125 121,124 121,123 120,122 119,121 118,120 117,119 116,118 117,117 118,116 118,115 119,114 118,113 117,112 116,111 116,110 116,109 115,108 114,107 113,106 112,105 111,104 110,105 109,105 108,105 107,106 106,107 105,108 105,109 105,110 106,111 106,112 107,113
7,145 6,146 5,147 6,148 7,149 7,150 7,151 8,152 9,153 9,154 9,155 10,156 11,157 11,158 10,159 11,160 11,161 10,162 11,163 11,164 12,165 13,166 14,167 15,168 16,169 17,170 18,171 19,170 20,169 21,169 22,168 23,167 22,166 22,165 21,164 20,163 19,162 19,161 18,160 18,159 17,158 18,157 18,156 19,155 18,154 18,153 19,152 20,151 20,150 21,149 21,148 21,147 20,146 19,145 18,144 17,143 16,142 16,141 15,140 14,139 13,138 12,138 11,139 10,140 9,141 9,142 8,143 7,144
121,131 122,130 121,129 120,129 119,130 120,131
52,158 52,159 53,160 53,161 54,162 53,163 54,164 55,165 56,166 57,167 58,168 59,169 59,170 59,171 60,172 61,173 61,174 62,175 63,176 64,176 65,177 66,176 66,175 67,174 66,173 66,172 67,171 66,170 66,169 65,168 65,167 64,166 65,165 65,164 64,163 63,162 62,161 61,160 60,159 59,158 58,158 57,157 56,156 55,156 54,156 53,157
50,241 51,242 52,241 53,240 54,239 53,238 52,237 51,236 50,235 49,235 48,234 47,233 46,233 45,234 44,234 43,235 42,234 41,235 40,236 39,237 38,238 39,239 40,240 41,241 42,242 43,243 44,243 45,242 46,243 47,242 48,243 49,242
97,201 96,202 97,203 98,202
174,52 175,51 176,50 177,49 178,50 179,49 180,48 181,47 182,46 181,45 180,44 179,43 179,42 178,41 177,42 176,43 175,44 174,45 173,46 172,46 171,46 170,46 169,47 168,48 168,49 167,50 167,51 168,52 169,53 170,54 171,55 172,54 173,53
143,5 142,4 141,4 140,3 139,3 138,4 138,5 137,6 137,7 136,8 137,9 138,9 139,10 140,9 141,10 142,9 143,8 144,7 144,6
177,210 176,211 176,212 177,213 178,214 179,215 180,214 181,213 181,212 180,211 179,210 178,210
112,91 111,92 110,93 109,94 108,94 107,95 106,96 105,97 104,98 103,99 102,100 102,101 101,102 102,103 103,104 104,105 105,105 106,104 107,103 108,102 109,101 110,100 111,99 112,98 113,97 114,96 115,95 116,94 117,93 118,92 119,91 120,90 120,89 121,88 120,87 119,86 118,86 117,87 116,88 115,89 114,89 113,90
193,64 192,63 191,62 190,61 189,60 188,59 187,60 186,61 185,62 184,61 183,62 182,61 181,62 180,61 179,62 178,62 177,63 177,64 177,65 177,66 178,67 178,68 179,69 180,70 181,71 182,72 183,73 184,74 185,75 186,76 187,75 188,74 189,75 190,74 191,73 192,73 193,72 194,72 195,71 195,70 196,69 196,68 196,67 195,66 194,65
202,222 203,221 204,220 205,220 206,219 207,218 208,217 208,216 207,215 207,214 206,213 205,212 204,212 203,211 202,210 201,209 200,208 199,209 198,210 197,211 196,212 195,213 194,212 193,213 192,212 191,213 190,214 189,213 188,214 187,213 186,213 185,214 184,215 184,216 183,217 184,218 185,219 186,220 187,221 188,222 189,223 190,224 191,225 192,224 193,225 194,224 195,223 196,222 197,223 198,222 199,222 200,222 201,221
39,182 38,181 37,180 36,181 35,182 34,183 33,184 33,185 32,186 31,187 32,188 33,189 34,190 35,190 36,191 37,192 38,193 39,194 40,194 41,194 42,193 43,192 44,191 45,190 45,189 44,188 44,187 43,186 42,185 42,184 41,183 40,182
200,190 201,189 202,188 203,187 204,186 205,185 206,184 207,183 208,182 207,181 206,181 205,180 204,179 203,178 202,179 201,180 200,181 199,182 198,183 197,184 196,185 197,186 197,187 198,188 199,189
202,249 203,249 204,249 205,249 206,249 207,249 208,249 209,248 210,247 211,246 212,245 213,244 212,243 211,242 210,241 209,240 209,239 208,238 207,237 206,238 205,239 204,240 203,241 202,242 201,243 200,243 199,244 198,245 197,246 197,247 196,248 197,249 198,249 199,249 200,249 201,249
139,186 140,187 141,186 140,185
103,194 102,193 101,194 100,193 99,194 98,194 97,194 96,194 95,195 94,196 94,197 95,198 96,199 97,200 98,201 99,202 100,203 101,203 102,202 103,201 104,202 105,201 106,200 107,201 108,200 109,199 110,198 111,197 112,196 113,195 113,194 112,193 111,192 110,191 109,192 108,193 107,193 106,193 105,192 104,193
107,175 108,174 107,173 106,174
66,241 67,242 68,242 69,242 70,241 69,240 68,240 67,240
128,12 129,13 130,14 131,15 132,14 133,13 134,14 135,13 136,12 136,11 137,10 137,9 136,8 135,7 134,6 133,5 132,4 131,3 130,2 129,3 128,4 127,4 126,4 125,5 124,6 123,7 124,8 125,9 126,10 127,11
83,31 82,32 81,33 82,34 83,35 84,35 85,34 86,33 87,32 87,31 86,30 85,29 84,30
204,76 205,77 205,78 206,79 207,80 208,81 209,82 210,83 211,82 212,82 213,81 214,80 215,79 216,78 217,77 218,76 219,75 218,74 217,73 217,72 216,71 215,70 214,69 213,68 212,67 211,66 210,65 210,64 209,63 210,62 210,61 209,60 209,59 208,58 207,57 206,57 205,56 204,55 203,56 202,57 201,56 200,56 199,56 198,57 197,58 196,59 196,60 195,61 196,62 196,63 197,64 197,65 198,66 199,67 199,68 198,69 199,70 200,71 201,72 202,73 203,74 204,75
19,176 19,175 18,174 17,173 16,172 15,171 14,170 13,169 12,169 11,170 10,171 9,172 9,173 10,174 9,175 8,176 7,177 7,178 8,179 8,180 8,181 9,182 10,183 11,184 12,185 13,186 14,187 15,188 16,187 17,187 18,187 19,186 20,185 21,184 21,183 22,182 22,181 21,180 21,179 20,178 19,177
144,239 143,240 142,241 141,242 140,243 139,244 139,245 140,246 141,247 142,248 143,249 144,249 145,249 146,249 147,249 148,249 149,248 150,247 151,246 151,245 152,244 152,243 151,242 150,241 149,240 148,239 147,239 146,238 145,238
