239,59 240,60 241,61 242,60 243,61 244,60 245,59 246,58 247,58 248,58 249,57 249,56 249,55 249,54 249,53 248,52 247,53 246,53 245,53 244,54 243,55 242,55 241,55 240,56 239,57 238,58
44,5 45,4 46,4 47,4 48,5 49,6 50,5 51,4 52,3 52,2 52,1 51,0 50,0 49,0 48,0 47,0 46,0 45,0 44,0 43,0 42,0 41,0 40,1 40,2 41,3 42,4 43,5
26,239 27,240 28,241 29,242 30,243 31,242 32,241 33,240 34,240 35,239 35,238 36,237 35,236 34,235 33,234 32,233 33,232 33,231 33,230 34,229 33,228 33,227 32,226 31,225 30,224 29,223 28,222 27,223 26,224 25,224 24,225 23,226 22,227 21,228 20,229 20,230 21,231 21,232 22,233 22,234 22,235 23,236 24,237 25,238
10,163 11,164 12,165 13,166 14,166 15,167 16,166 17,167 18,168 19,168 20,169 21,170 22,171 23,172 24,173 25,174 26,175 27,175 28,174 29,175 30,174 31,174 32,175 33,176 34,175 35,174 36,175 37,174 38,174 39,173 40,172 41,171 40,170 39,169 38,168 37,167 36,166 35,165 34,164 33,163 32,162 31,161 30,162 29,161 28,160 27,159 26,158 25,157 24,156 23,155 22,154 21,153 20,153 19,152 18,151 17,151 16,150 15,149 14,150 13,151 12,152 11,153 10,154 10,155 9,156 8,157 7,158 8,159 7,160 8,161 9,162
100,221 99,222 98,223 97,224 96,225 96,226 95,227 94,228 94,229 95,230 96,231 96,232 96,233 97,234 98,235 99,236 99,237 100,238 100,239 99,240 99,241 100,242 101,242 102,242 103,243 104,242 105,241 106,241 107,240 108,239 109,238 110,237 111,236 110,235 109,234 108,233 109,232 109,231 110,230 109,229 109,228 110,227 109,226 109,225 110,224 111,223 111,222 110,221 110,220 109,219 109,218 108,217 107,217 106,218 105,219 104,218 103,219 102,220 101,220
71,4 70,3 69,4 68,5 67,4 66,5 65,6 64,7 63,8 62,9 61,10 60,10 59,9 58,10 57,11 56,10 55,11 54,10 53,11 52,10 51,10 50,9 49,10 48,11 47,12 46,13 46,14 45,15 44,16 44,17 44,18 45,19 46,20 47,21 48,22 49,23 50,23 51,24 52,25 53,26 54,27 55,28 56,29 57,30 58,31 59,32 60,33 61,34 62,35 63,34 64,34 65,33 66,32 67,31 68,31 69,30 70,29 71,28 72,27 73,26 74,26 75,25 76,24 76,23 77,22 78,21 79,20 80,19 81,18 82,17 82,16 83,15 84,14 84,13 83,12 82,11 81,10 80,9 79,8 78,7 77,6 76,5 75,4 74,5 73,4 72,5
228,10 229,9 230,8 231,7 230,6 231,5 232,4 232,3 232,2 232,1 231,0 230,0 229,0 228,0 227,0 226,0 225,0 224,0 223,0 222,0 221,0 220,0 219,0 218,0 217,0 216,0 215,1 214,2 213,3 214,4 213,5 213,6 212,7 212,8 213,9 214,10 215,11 216,12 217,13 218,14 219,15 220,16 221,16 222,17 223,16 224,15 225,14 226,13 226,12 227,11
244,151 245,150 246,149 247,148 248,148 249,147 249,146 249,145 248,144 247,143 246,142 245,141 244,140 243,140 242,141 241,142 240,143 239,144 238,145 237,146 238,147 239,148 240,149 241,150 242,151 243,152
31,5 32,4 33,3 33,2 32,1 31,0 30,1 29,1 28,2 27,3 28,4 29,5 30,6
139,128 140,129 141,130 142,130 143,129 143,128 142,127 141,126 140,127
0,149 0,150 0,151 1,152 2,153 3,153 4,152 5,151 6,150 7,149 8,149 9,149 10,148 11,147 12,146 11,145 12,144 11,143 10,142 9,141 8,140 7,140 6,141 5,142 4,141 3,141 2,142 1,142 0,143 0,144 0,145 0,146 0,147 0,148
151,37 150,36 149,37 148,38 147,39 147,40 146,41 147,42 148,43 149,42 150,42 151,41 152,40 153,39 152,38
148,45 147,45 146,44 145,44 144,45 144,46 144,47 145,48 146,49 147,49 148,49 149,48 150,47 149,46
44,130 45,131 46,132 47,133 48,134 49,135 49,136 49,137 49,138 49,139 50,140 51,141 52,142 53,143 54,144 55,143 56,142 57,143 58,144 59,144 60,143 61,143 62,142 63,141 64,142 65,141 66,140 66,139 66,138 65,137 64,136 64,135 65,134 65,133 64,132 65,131 64,130 63,129 62,128 61,127 60,126 59,125 58,124 57,123 56,122 55,121 54,122 53,123 52,122 51,123 50,124 49,125 48,126 47,127 46,128 45,129
12,236 13,235 12,234 11,235
200,117 199,118 198,119 197,120 196,121 196,122 197,123 198,124 199,125 200,124 201,123 201,122 202,121 202,120 203,119 202,118 201,117
197,34 197,35 198,36 199,37 200,36 201,35 201,34 202,33 203,32 204,31 205,30 206,29 206,28 207,27 208,26 207,25 206,24 206,23 206,22 205,21 204,21 203,20 202,21 201,22 200,23 199,24 198,25 198,26 197,27 196,28 196,29 195,30 196,31 196,32 196,33
105,212 104,212 103,212 102,213 101,214 101,215 102,216 103,217 104,217 105,216 106,215 107,216 108,217 109,218 110,218 111,217 112,216 113,217 114,216 115,215 116,214 115,213 114,212 113,211 112,210 111,210 110,210 109,211 108,211 107,212 106,212
77,50 78,49 79,48 79,47 80,46 79,45 79,44 80,43 80,42 80,41 79,40 78,39 77,38 76,38 75,39 74,40 73,41 72,42 71,43 70,44 69,45 69,46 68,47 68,48 69,49 70,50 71,51 72,52 73,53 74,54 75,54 76,53 77,52 76,51
183,126 184,127 185,127 186,128 187,127 188,126 189,126 190,126 191,125 192,126 193,125 194,124 195,123 196,122 195,121 194,120 194,119 193,118 192,117 191,116 190,116 189,117 188,118 187,119 186,120 185,121 184,122 183,123 182,124 182,125
172,161 171,160 170,159 169,158 168,159 167,158 166,158 165,159 164,159 163,160 162,161 161,161 160,162 160,163 159,164 159,165 159,166 159,167 159,168 158,169 158,170 159,171 160,172 161,173 162,174 163,175 164,176 165,177 166,178 167,178 168,178 169,179 170,178 171,177 172,178 173,177 174,176 175,175 175,174 175,173 176,172 175,171 174,170 173,169 172,168 171,167 172,166 173,165 174,164 173,163 173,162
10,34 11,35 12,36 13,37 14,38 15,39 16,38 17,37 18,36 18,35 18,34 18,33 17,32 16,31 15,30 14,30 13,31 12,31 11,32 10,33
86,107 85,106 84,105 83,104 82,103 81,103 80,104 79,103 78,104 77,105 76,106 77,107 77,108 78,109 79,110 80,111 81,112 80,113 81,114 82,115 83,116 84,116 85,116 86,115 87,114 87,113 88,112 88,111 87,110 87,109 87,108
204,106 203,105 202,105 201,105 200,106 199,107 198,108 197,109 197,110 196,111 196,112 196,113 197,114 198,115 199,116 200,117 201,117 202,118 203,117 204,116 205,115 206,114 207,113 208,112 207,111 206,110 206,109 205,108 205,107
155,207 154,208 153,209 153,210 154,211 154,212 153,213 152,214 151,215 151,216 152,217 153,218 154,219 155,220 156,220 157,219 158,218 159,217 158,216 158,215 159,214 160,213 161,212 161,211 160,210 159,209 158,208 157,207 156,207
111,244 110,243 109,244 108,245 108,246 108,247 109,248 110,249 111,248 112,247 113,246 112,245
158,24 157,25 158,26 158,27 158,28 159,29 160,30 160,31 161,32 162,33 163,34 164,35 165,36 166,37 166,38 167,39 168,40 169,41 170,42 171,43 172,44 173,45 174,46 175,47 176,47 177,46 178,45 179,44 179,43 180,42 180,41 181,40 182,39 182,38 181,37 182,36 183,35 183,34 182,33 181,32 181,31 180,30 179,29 178,28 177,27 176,26 175,26 174,25 173,24 172,23 171,23 170,22 169,21 168,22 167,21 166,22 165,23 164,24 163,23 162,24 161,23 160,22 159,23
237,84 236,85 235,86 236,87 237,88 238,89 238,90 239,91 240,92 241,93 241,94 241,95 240,96 240,97 241,98 242,99 243,100 244,101 245,101 246,100 247,99 248,99 249,98 249,97 249,96 249,95 249,94 249,93 249,92 249,91 249,90 249,89 248,88 247,87 246,86 245,85 244,84 243,83 242,82 241,81 240,82 239,82 238,83
92,156 93,155 94,154 94,153 94,152 93,151 92,150 91,149 90,150 89,151 88,151 87,152 86,153 87,154 88,155 89,155 90,155 91,156
107,80 106,81 107,82 108,81
8,76 7,77 7,78 8,79 9,80 10,80 11,81 12,80 13,79 14,78 14,77 14,76 13,75 12,74 11,74 10,74 9,75
38,199 37,198 36,198 35,199 34,200 34,201 34,202 33,203 34,204 34,205 34,206 35,207 36,208 37,209 38,209 39,210 40,209 41,210 42,209 43,210 44,209 45,210 46,209 47,208 48,207 49,206 49,205 50,204 50,203 51,202 50,201 50,200 49,199 48,199 47,198 46,197 45,197 44,197 43,197 42,197 41,198 40,197 39,198
108,63 107,64 108,65 108,66 109,67 109,68 110,69 109,70 109,71 110,72 111,73 112,74 113,75 114,76 115,77 116,78 117,79 118,80 119,80 120,80 121,79 122,78 123,77 122,76 123,75 123,74 122,73 121,72 121,71 122,70 121,69 121,68 122,67 122,66 121,65 120,64 119,63 118,62 118,61 118,60 118,59 117,58 116,57 115,57 114,56 113,55 112,54 111,55 110,55 109,56 108,57 107,58 107,59 108,60 109,61 109,62
192,73 192,72 191,71 190,70 189,70 188,70 187,70 186,70 185,69 184,70 183,69 182,69 181,70 180,70 179,71 178,72 177,71 176,72 175,72 174,73 173,74 172,75 171,74 170,75 169,76 168,77 167,77 166,77 165,78 164,79 164,80 165,81 165,82 166,83 167,84 167,85 166,86 167,87 167,88 166,89 167,90 168,91 169,92 170,93 171,93 172,93 173,92 174,91 175,90 176,91 177,92 178,91 179,90 180,91 181,91 182,92 183,93 184,93 185,92 186,91 187,90 188,89 189,88 190,87 190,86 191,85 192,84 192,83 193,82 192,81 192,80 193,79 192,78 192,77 193,76 193,75 192,74
125,132 124,133 123,133 122,134 121,135 120,135 119,135 118,136 118,137 117,138 116,139 115,140 115,141 116,142 117,143 118,144 119,145 120,144 121,144 122,143 123,142 124,142 125,142 126,143 127,142 128,141 129,140 130,141 131,141 132,142 133,141 134,140 135,141 136,140 137,139 138,138 139,137 139,136 138,135 137,134 136,133 135,132 134,131 133,131 132,130 131,129 130,130 129,130 128,131 127,131 126,132
140,213 141,212 142,213 143,212 144,213 145,212 146,211 147,210 147,209 146,208 145,207 144,206 143,205 142,204 141,203 140,202 140,201 139,200 139,199 139,198 138,197 137,196 136,195 135,194 134,193 133,192 132,191 131,190 130,190 129,189 128,190 127,189 126,190 125,189 124,190 123,189 122,188 121,187 120,187 119,187 118,186 117,187 116,187 115,187 114,188 113,189 113,190 112,191 113,192 113,193 114,194 115,195 114,196 115,197 115,198 115,199 114,200 115,201 116,202 117,203 118,204 119,205 119,206 119,207 119,208 120,209 119,210 118,211 117,212 117,213 116,214 115,215 115,216 116,217 117,218 116,219 115,220 114,221 113,222 113,223 113,224 114,225 115,226 116,227 117,228 118,229 119,230 120,229 121,228 122,229 123,228 124,229 125,228 126,227 127,226 128,225 129,224 130,223 131,222 132,221 133,220 134,219 135,218 136,217 137,216 138,215 139,214
183,127 183,126 182,125 181,124 181,123 182,122 182,121 181,120 180,119 180,118 181,117 182,116 182,115 182,114 183,113 184,112 185,111 184,110 184,109 183,108 182,107 181,108 180,109 179,110 178,111 177,112 176,113 175,114 174,115 173,116 172,117 171,118 170,119 169,120 168,121 167,122 167,123 167,124 168,125 169,126 169,127 170,128 170,129 170,130 171,131 172,132 173,133 174,132 175,131 176,130 177,129 178,130 179,129 180,128 181,129 182,128
223,239 222,240 221,241 222,242 223,243 224,244 225,245 226,245 227,246 228,247 229,246 230,245 231,246 232,246 233,245 234,244 234,243 233,242 232,241 231,240 231,239 232,238 233,237 232,236 232,235 231,234 230,233 229,233 228,232 227,233 226,234 225,235 225,236 224,237 223,238
164,55 163,54 162,54 161,55 160,56 159,57 158,58 157,59 156,60 155,61 155,62 154,63 153,64 152,65 152,66 153,67 153,68 154,69 155,70 156,70 157,71 158,72 159,73 160,74 161,75 162,76 163,77 164,76 165,75 166,74 167,73 168,72 169,71 170,70 169,69 169,68 170,67 169,66 168,65 168,64 167,63 166,62 166,61 167,60 168,59 168,58 168,57 167,56 166,55 165,55
17,27 18,28 18,29 19,30 20,31 21,32 22,33 23,34 24,35 25,36 26,37 27,38 28,39 29,38 30,37 31,36 32,35 33,34 34,33 33,32 32,31 31,30 30,29 29,28 28,27 27,26 26,25 26,24 26,23 27,22 26,21 26,20 27,19 28,18 29,17 29,16 28,15 28,14 27,13 26,12 25,11 24,10 23,10 22,10 21,9 20,8 19,9 18,10 17,9 16,10 15,11 14,10 13,11 12,10 11,10 10,11 10,12 9,13 9,14 10,15 11,16 12,17 13,18 14,19 14,20 15,21 14,22 14,23 15,24 16,25 16,26
115,82 114,81 113,80 112,79 111,78 110,79 109,78 108,79 107,79 106,79 105,79 104,78 103,78 102,78 101,78 100,77 99,78 98,79 97,80 97,81 97,82 98,83 99,84 100,85 101,86 102,87 103,88 104,89 104,90 105,91 105,92 106,93 105,94 105,95 104,96 103,97 103,98 104,99 105,100 106,100 107,99 108,100 109,101 110,102 111,101 112,100 113,99 114,99 115,100 116,100 117,99 118,100 119,99 120,98 121,97 122,96 122,95 121,94 121,93 120,92 120,91 119,90 120,89 120,88 119,87 119,86 118,85 117,84 116,83
213,157 213,156 212,155 211,155 210,155 209,156 208,157 207,158 207,159 207,160 208,161 209,162 210,162 211,161 212,160 213,159 213,158
152,49 151,50 151,51 152,52 153,53 154,54 155,53 156,52 156,51 156,50 156,49 155,48 154,47 153,48
147,218 146,217 145,217 144,218 144,219 143,220 142,221 141,222 140,223 141,224 141,225 140,226 139,227 138,228 138,229 139,230 139,231 140,232 141,233 141,234 142,235 143,236 144,237 145,238 146,239 147,240 148,241 149,242 150,243 151,244 152,245 153,245 154,246 155,247 156,246 157,246 158,245 159,244 160,243 159,242 158,241 158,240 159,239 159,238 159,237 159,236 159,235 158,234 157,233 156,232 155,231 154,230 153,229 152,228 151,227 150,226 149,225 150,224 149,223 149,222 150,221 149,220 148,219
229,60 230,59 230,58 230,57 231,56 230,55 229,54 228,54 227,53 226,52 225,53 224,54 223,55 222,56 221,55 220,54 219,55 218,56 217,57 218,58 219,59 220,60 221,61 222,62 223,62 224,63 224,64 225,65 226,64 227,63 227,62 228,61
102,120 103,119 104,118 104,117 105,116 105,115 105,114 104,113 104,112 103,111 102,110 101,109 100,108 99,107 98,106 97,105 97,104 96,103 95,102 94,102 93,102 92,103 91,104 90,105 90,106 91,107 92,108 92,109 93,110 93,111 92,112 93,113 93,114 94,115 95,116 96,117 97,117 98,118 99,119 100,120 101,121
134,40 134,41 135,42 136,42 137,42 138,41 139,40 140,39 141,38 142,37 142,36 142,35 141,34 140,34 139,35 138,35 137,36 136,37 135,38 134,39
18,218 19,219 20,220 20,221 20,222 21,223 22,224 23,224 24,223 25,222 25,221 26,220 27,219 28,218 29,217 30,216 31,215 32,214 32,213 32,212 31,211 30,210 29,209 28,209 27,208 26,209 25,209 24,209 23,210 22,211 21,212 20,213 19,214 18,215 17,216 18,217
180,19 181,18 182,18 183,17 184,17 185,17 186,17 187,16 188,15 189,14 190,13 189,12 188,11 187,10 186,9 185,8 184,8 183,7 182,6 181,7 180,6 179,7 178,8 177,7 176,8 175,8 174,9 174,10 174,11 175,12 175,13 174,14 175,15 175,16 174,17 175,18 176,19 177,20 178,20 179,19
216,17 215,16 214,15 213,14 212,13 211,14 210,13 209,13 208,13 207,14 206,14 205,15 204,16 205,17 205,18 206,19 207,20 208,21 208,22 207,23 208,24 208,25 207,26 207,27 208,28 208,29 209,30 208,31 209,32 210,33 209,34 210,35 211,36 211,37 212,38 213,39 214,40 215,41 216,42 217,43 218,44 219,43 220,42 221,41 222,40 223,39 224,38 223,37 224,36 225,35 225,34 226,33 227,32 227,31 226,30 227,29 227,28 227,27 226,26 225,25 224,25 223,24 222,23 221,22 220,21 219,20 218,19 217,18
205,51 206,52 207,51 206,50
108,180 109,180 110,179 111,178 112,177 113,176 114,175 115,174 116,173 117,172 118,171 117,170 116,169 115,168 114,167 113,166 112,166 111,165 110,166 109,166 108,166 107,166 106,167 105,168 104,169 105,170 105,171 104,172 103,173 104,174 104,175 104,176 105,177 106,178 107,179
133,234 132,233 131,232 130,233 129,234 128,235 128,236 129,237 130,238 131,238 132,237 133,236 134,235
183,90 184,89 183,88 182,89
241,132 241,131 242,130 242,129 241,128 240,127 239,128 238,127 237,128 236,129 235,128 234,129 233,129 232,129 231,130 230,129 229,130 228,131 227,132 226,132 225,133 224,134 223,135 222,136 221,137 220,138 220,139 219,140 220,141 220,142 220,143 221,144 221,145 222,146 221,147 221,148 222,149 222,150 223,151 224,152 225,153 226,152 227,152 228,153 229,154 230,154 231,153 232,153 233,152 234,151 235,150 236,149 237,148 238,147 237,146 238,145 238,144 239,143 240,142 240,141 239,140 239,139 240,138 239,137 240,136 239,135 240,134 240,133
59,99 60,98 61,98 62,97 63,96 62,95 61,94 60,93 59,92 58,91 57,90 56,89 56,88 55,87 55,86 54,85 53,84 52,83 51,82 50,81 49,81 48,82 47,82 46,81 45,82 44,83 43,84 42,84 41,85 40,85 39,86 38,87 37,88 38,89 38,90 39,91 40,92 41,93 42,93 43,94 44,94 45,95 46,96 47,97 48,97 49,96 50,97 51,98 52,97 53,98 54,97 55,97 56,98 57,97 58,98
34,94 33,93 33,92 32,91 31,90 30,90 29,90 28,91 27,91 26,91 25,92 24,93 23,94 23,95 24,96 24,97 25,98 25,99 26,100 27,101 28,101 29,100 30,99 31,98 32,97 33,96 34,95
110,10 111,9 110,8 109,7 108,6 107,6 106,7 105,8 105,9 106,10 106,11 107,12 108,12 109,11
237,232 238,233 239,234 240,233 241,232 241,231 241,230 240,229 239,230 238,231
148,101 149,100 148,99 148,98 147,97 147,96 148,95 147,94 146,93 146,92 145,91 144,90 143,90 142,89 141,90 140,91 139,92 138,93 137,94 136,95 135,96 134,96 133,95 132,94 131,94 130,95 129,96 130,97 130,98 130,99 130,100 131,101 132,102 132,103 133,104 134,105 134,106 134,107 135,108 136,109 137,110 138,109 139,108 140,107 141,106 142,106 143,105 144,104 145,103 146,102 147,102
13,206 14,207 15,208 16,208 17,207 18,206 19,205 19,204 18,203 17,202 16,202 15,201 14,202 13,203 12,204 12,205
145,175 146,175 147,174 147,173 148,172 149,171 149,170 150,169 151,168 151,167 150,166 149,165 148,164 147,163 146,162 145,161 144,162 143,163 142,162 141,163 140,162 139,163 138,164 137,164 136,165 136,166 136,167 137,168 138,169 139,170 140,171 141,171 142,172 143,173 144,174
170,47 171,46 170,45 169,44 168,43 167,42 166,41 166,40 165,39 164,39 163,38 162,39 161,40 161,41 160,42 159,43 159,44 160,45 161,46 162,47 163,47 164,48 165,48 166,48 167,48 168,49 169,48
68,195 67,194 66,193 65,192 64,191 63,192 62,192 61,192 60,193 60,194 59,195 58,196 59,197 59,198 59,199 59,200 60,201 61,202 62,203 63,204 64,205 65,206 66,207 67,208 68,209 69,208 70,207 71,207 72,206 73,205 74,204 73,203 72,202 71,201 70,200 69,199 69,198 68,197 69,196
54,69 55,69 56,70 57,69 58,68 59,68 60,67 61,66 61,65 60,64 59,63 58,62 57,61 56,60 55,59 54,58 53,59 52,58 51,59 50,59 49,60 48,61 47,62 47,63 48,64 49,65 50,66 51,66 52,67 53,68
243,43 244,42 243,41 242,40 241,40 240,40 239,39 238,39 237,39 236,39 235,40 234,41 234,42 235,43 236,44 237,45 237,46 237,47 238,48 239,49 240,50 241,51 242,52 243,51 244,50 245,49 244,48 244,47 243,46 244,45 244,44
223,205 224,204 225,203 224,202 223,201 222,200 221,199 220,199 219,198 218,197 217,196 216,197 215,198 214,198 213,197 212,198 211,199 210,199 209,200 208,200 207,201 206,202 205,202 204,201 203,202 202,203 201,202 200,201 199,202 198,203 197,204 196,205 197,206 198,207 199,208 200,209 201,210 202,211 203,212 204,213 205,212 206,212 207,212 208,211 209,210 210,211 211,210 212,210 213,211 214,211 215,210 216,210 217,209 218,208 219,207 220,207 221,206 222,206
229,40 230,41 231,42 232,43 233,42 234,41 235,40 236,39 236,38 236,37 236,36 236,35 235,34 235,33 234,32 233,32 232,31 231,32 230,31 229,32 228,33 227,34 226,35 225,36 226,37 227,38 228,39
33,53 34,52 33,51 32,52
176,82 177,83 178,82 177,81
129,186 130,185 129,184 128,183 127,182 126,182 125,181 124,180 123,179 122,179 121,180 120,181 120,182 120,183 121,184 121,185 122,186 123,187 123,188 124,189 125,189 126,189 127,188 128,187
158,100 157,101 157,102 158,103 158,104 159,105 160,106 161,106 162,105 162,104 163,103 163,102 164,101 164,100 163,99 163,98 162,97 161,98 160,99 159,99
169,10 170,10 171,9 172,9 173,8 174,7 173,6 173,5 172,4 171,3 170,2 169,2 168,3 167,4 167,5 167,6 168,7 167,8 168,9
234,164 233,164 232,165 231,166 230,165 229,164 228,165 227,165 226,166 225,167 225,168 225,169 225,170 226,171 227,172 228,173 229,174 230,175 231,176 232,177 233,176 234,175 235,176 236,175 237,174 238,175 239,176 240,175 241,175 242,174 242,173 242,172 243,171 242,170 241,169 240,168 239,167 238,166 237,165 236,165 235,165
150,108 149,107 148,108 149,109
209,94 210,93 211,92 212,91 211,90 212,89 211,88 211,87 211,86 212,85 213,84 213,83 214,82 213,81 213,80 212,79 211,78 210,78 209,79 208,80 207,80 206,80 205,81 204,81 203,82 203,83 202,84 201,85 201,86 201,87 200,88 201,89 201,90 200,91 201,92 201,93 202,94 203,95 204,96 205,96 206,97 207,96 208,95
168,177 167,176 166,177 167,178
183,39 184,40 185,40 186,41 187,42 188,43 189,42 190,41 191,40 191,39 190,38 189,37 188,36 187,35 186,34 185,35 184,35 183,36 182,37 182,38
9,240 8,239 7,238 6,237 7,236 8,235 9,234 9,233 10,232 10,231 11,230 10,229 11,228 10,227 9,226 8,225 7,224 6,225 5,226 4,227 3,228 2,229 1,230 0,231 0,232 0,233 0,234 0,235 0,236 0,237 0,238 0,239 1,240 2,241 3,242 4,241 5,242 6,243 7,242 8,242 9,241
78,132 77,133 76,134 77,135 76,136 77,137 78,138 79,139 80,140 81,141 82,142 83,143 84,144 85,145 86,145 87,144 88,145 89,145 90,144 91,143 92,142 93,141 93,140 93,139 92,138 91,137 90,136 91,135 91,134 90,133 91,132 91,131 90,130 91,129 91,128 91,127 90,126 89,125 89,124 88,123 87,122 87,121 86,120 86,119 85,118 84,117 83,117 82,118 81,119 80,120 79,121 78,122 78,123 77,124 78,125 78,126 77,127 77,128 76,129 77,130 78,131
102,44 103,45 104,46 105,47 106,48 107,49 108,48 109,49 110,49 111,48 112,47 113,46 112,45 113,44 113,43 113,42 112,41 111,40 110,39 109,38 108,37 107,36 106,35 106,34 105,33 104,32 104,31 103,30 103,29 102,28 101,27 100,27 99,28 98,29 97,30 96,31 95,32 94,33 95,34 96,35 97,36 98,37 98,38 99,39 98,40 99,41 100,42 101,43
178,95 179,94 178,93 177,94
10,63 11,63 12,62 13,62 14,61 15,60 16,59 17,60 18,59 19,58 20,57 20,56 20,55 19,54 18,53 17,52 16,51 15,50 14,49 13,48 12,48 11,47 10,46 9,45 8,46 7,47 6,48 5,47 4,48 3,48 2,49 1,50 2,51 2,52 3,53 4,54 5,55 6,56 7,57 8,58 7,59 8,60 8,61 9,62
246,40 247,41 248,40 249,39 249,38 249,37 249,36 249,35 249,34 248,33 247,32 246,33 245,34 244,35 243,36 243,37 244,38 245,39
69,56 68,55 67,55 66,55 65,56 64,57 63,58 64,59 65,60 66,61 67,62 68,61 69,60 70,59 71,58 70,57
204,132 204,131 203,130 202,130 201,130 200,131 199,131 198,132 199,133 200,134 201,135 202,134 203,133
68,136 67,137 68,138 69,139 70,140 71,140 72,139 73,138 73,137 73,136 72,135 71,134 70,134 69,135
151,185 150,184 149,185 150,186
67,113 68,113 69,112 70,111 70,110 70,109 70,108 69,107 68,106 67,105 67,104 67,103 66,102 65,101 64,100 63,100 62,100 61,101 60,102 59,103 60,104 60,105 61,106 61,107 62,108 63,109 64,110 65,111 66,112
187,192 188,193 188,194 189,195 190,196 191,197 192,198 193,198 194,197 195,198 196,197 197,198 198,198 199,197 200,196 201,195 202,194 201,193 201,192 200,191 199,190 199,189 198,188 197,188 196,187 195,186 194,187 193,188 192,188 191,189 190,188 189,189 188,190 188,191
143,246 143,245 142,244 142,243 142,242 142,241 143,240 142,239 141,238 140,239 139,239 138,240 137,241 136,242 135,243 134,244 135,245 136,246 137,247 137,248 138,249 139,249 140,249 141,249 142,249 143,248 144,247
176,141 175,140 174,139 174,138 173,137 173,136 172,135 171,134 170,133 169,134 168,135 167,136 166,137 165,138 164,139 163,140 162,141 161,142 162,143 163,144 163,145 164,146 165,147 166,148 167,149 168,150 169,149 170,148 171,149 172,148 173,148 174,147 175,146 176,145 176,144 177,143 177,142
81,208 81,209 81,210 82,211 83,212 84,213 85,214 86,215 87,214 88,213 89,213 90,212 91,211 90,210 89,209 88,208 87,207 86,207 85,206 84,206 83,207 82,207
203,236 204,235 205,234 205,233 204,232 203,231 202,232 201,232 200,233 199,234 198,235 199,236 200,237 201,238 202,237
69,99 68,100 69,101 70,102 71,102 72,102 73,102 74,101 75,100 74,99 73,98 72,97 71,97 70,98
75,141 74,142 73,143 72,144 71,145 70,145 69,146 68,147 69,148 70,149 71,149 72,149 73,150 74,149 75,150 76,149 77,148 78,147 79,146 79,145 79,144 78,143 77,142 76,141
5,117 4,118 4,119 3,120 4,121 4,122 3,123 4,124 4,125 5,126 6,127 7,128 8,129 9,130 10,131 11,132 12,132 13,133 14,133 15,133 16,133 17,132 18,131 19,130 20,129 21,128 22,127 23,126 24,125 24,124 25,123 24,122 23,121 22,120 21,119 20,118 19,117 18,116 17,115 16,114 15,114 14,114 13,115 12,116 11,115 10,116 9,115 8,116 7,116 6,116
199,215 198,216 197,217 197,218 198,219 199,220 200,219 201,220 202,219 203,218 203,217 202,216 201,215 200,214
75,222 76,221 77,220 77,219 76,218 75,217 74,216 73,217 72,217 71,218 70,219 70,220 71,221 72,222 73,223 74,223
137,156 138,157 139,157 140,156 141,155 142,154 142,153 142,152 142,151 143,150 142,149 141,148 140,148 139,149 138,150 137,151 136,152 135,153 135,154 136,155
