PSPYRYRPRPRRRRRRRRRRPPPRPRRPPPRP
RYYLLYLSLLYRRYYYYRRRYLYYRYYYYRRR
RLPRLSPPPRPPRRPPPRPPRPRRRRRRRRRR
SLYLRPRRPRRRRRRRRRPRRRRRRRRRRRRR
SLYLRYYLRYLYRYRRRRPRRRRRRRRRRRRR
YYLPSPPPRRPRRRRRRRPPPRRPRRPPRRRR
RYPRSSPPRYPRRRRRPPRRPPPPSPRSSRPP
RYLLLSYLLYYRRYRRYRYYYLRYYYYRRRYY
RPRSSPRPRPRPRRRRPRRRPRPPRPRPRRRR
RRYPLSLLYLYYRYRRYLYYRRYRRRYRRRRR
LSSRRSRRPPPRPPPPSPSSPPSSSSSSSSSS
YLSPRRPPYPYYYYYYYPYPRYYYPRRYRRRR
PLYRPSSSPPYLRYPPPRRRYYYYRRYYRRRR
YLSSYYYPYYRPPLPYYPPRRYYPYRRRRRRR
RRPPYPPSPRRRPRPRRPPPPRPPRRRRRRRR
YRYRYLPPSRSLRLYYPSPRPSLSLLSSSSSS
RLRPPPSPSPPPPRPSPRRPRRRRRRRRRRRR
PYRPPPSPPPPPPPPPPPPPPPPPPPPPPPPP
LYRYYRRRRYLYLLLSYLYYYYYYYYYYYYYY
LSPRYPYYPYRLLRYYRRPYRRRRRRRRRRRR
RPRPPSLYYPRRRRRRPRPPPRRRPRPPRRPP
YLLSRRRPRYRPSRRSRRPYSRRRRRRRRRRR
SSRPRPRPPPPPRRPRPPRRRRRRRRRRRRRR
SLPRLYYYYRYLYRRRRYYYRYLYRYRYRYYY
SRYPSSSSPYYYYSPSYPYSYYYYYYYYYYYY
PYSPPRPYPRRPPRRPPPPPPPPPPPPPPPPP
RYYLLYSLRPRRRRRRRRPRRRRRRRRRRRRR
YLSLRPRRYPRYYRYYRPRRRRRRRRRRRRRR
LLLSLLRYPYYRRRRRPRRRRLRRRRRRRRRR
PRSRRRRRRSPSRPRRPRSSRSRPPPPPPPPP
PRRRRYLLLSSLLLLLLPRLRRRRRPRRRRRR
PYSSRLPPRRYRYPYYYYPPSRSSSRRSSRSS
RPPSPYYYPYYPRRRYPRPRPPPPRPRRRRRR
LYYYLSSSRPRRRRRRYYYRYLLYYRRRRRRR
LYSLRRRPLYRYYSRRLYYYYYRRYYYYRYRR
PRRSSPSPPPPPRRRPPPSRPPPPPPPPPPPP
YLPSRPRYPYRYPPPPPPYYRPPPYYPPYYYY
SPLLRPRSPPSRRSPPLLPPPPPPPPPPPPPP
RRRYPPPRPSRPPRPPPRPRPRPRRRPPRRRR
LSYLYYYLPRRRRRRRRPRRRRRRRRRRRRRR
PLSLYRLYLYRYRYRRRYYLYRRRRYYRRRRR
SRPPPLRLSPPLLSPLPPPPPPPPPPPPPPPP
SSSRPRPPLPRPYPRYPRSYYPPPPSPSPPPP
SLPRYPRLYYPPPPSSYPSYPSPPPPPPYPYY
PLPSPLLSYPRLRYRRRPRRRRRRRRRRRRRR
LPLSYPYYRPLLRPPPPPPPPPPPPPPPPPPP
PPRRLLSRSPPPPPPPRPRPRRRRRRRRRRRR
YRSSPRRPLSSSLLLLSPSPRRPRLLLLLLLL
YLSRPPPPLPYPSPSSPPPPPPPPPPPPPPPP
YRPRSPPPPYPPPPPYPPPPPPPPPPPPPPPP
