RSPRPSSSPRPPRSSRPRRRRRRRRRRRRRRR
PRSSRPPRRRPRRRRRRRPRRRRRRRRRRRRR
LSRPPRRRPYRYRRRRRRRPRRRRRRRRRRRR
PRYRSLLLRYRYRYLYRYLYRYRYRRRYRRRR
RYPYLSSLRPPRRPRRPRRPRRPRRRPPRRRP
PRYYPSPYPPPPPPPPPYYYYYYYYYPPYPPY
YLYRSSYLYRLLYRYRLLRYYYRRRYYYYYYY
YRYLSLYPRYRRLLYYRPRRRRRRRRRRRRRR
YLYSYRRRLYSLLYLYYLLLYRRRYRLRRRRY
YRPLYPSSYPYPYYRRYYPPYYYYPYYPPYPP
LYSSPRRRRSRPPPPPRRPPRPRRPPPPPPPP
LYLSPRRRRYRSYLYYRPYRRRRRRRRRRRRR
SLLPYPPPPPLRRPRRRRRRRPPPRRRRRRRR
SPYLPYPLPRPPRRRRPRPRRPRRRPPPPRRR
YRLLPSRPRPLRPPYYRPRPRRRRRPPPPPPP
SPYPSLLLRRRPRRRPPRPPPRRRRPRPRRRR
RLSYYPRSSSPPRYPYPRYYRRSSRSSRPSSR
SPRPPSSSRPRRPRPPRPRRPRPPRRPPRRRR
LYYYPSSPRLRRPPRYPYRPPPPPYYPPPPPP
LSPLPRRRLLPPPLLLPRRRRRRRPPRRRRRR
YRLYYRRRYLYRSLLLLYYYRYRRYRRRRRRR
SPPRSLSSRPYRRYRRRRRPRYRYRRRRRRRR
SRPRPRPSPRLSPRRPRPRRRRRRRRRRRRRR
PYLLSPPSSLSLLLLLRPRRRRRRRRRRRRRR
SLPYYSLYSRPRRRRRRRYYRYLYRYRRRYYY
SRRPSPLLSSYSRPRRSPRRPSPPPPPPPPPP
RLYPRRLPRRPRPPPPPRSLSPSPRSPPLLPP
SLPRLRRPYPYPPPYYSRSRRYRPRSPPPYPP
SLPSLLSSPRRRRRRRRPRRRRRRRRRRRRRR
LSPRRPRRSRRRPRPPRPRRRRRRRRRRRRRR
LSPPLSLLPRLRRRRSPRRRRRRRRRRRRRRR
RSRRRLRSRPPPRPRRSRRPPPRRRSPRSSSS
YRPRSPPRPYYRYRYYPPPPPPPPPPPPPPPP
LSRPRRPYRPRRRRRRRRRPRRRRRRRRRRRR
PSRPPRYPRPYYYRRRPYYPYPYYPPPPPPPP
SLLYRRRPLYRYYYRRRPRRYRRRRRRRRRRR
YYLYLLSSRRYYYYYLYLYRRYRYYRRRRRRR
RPYRSPSSSRPRRRRRRPRRRRRRRRRRRRRR
YYPSPYYPSSPPRRRPYPYYPYPPPPPPPPPP
YRRPSLSSLLLYPPPPLLPPLLPPLPPPLPPP
YLLSLLYYYYRRPRRRPRYRRRRRRRRRRRRR
PRRYYPPPRSYYPRRPYPSSSPSSYPPPYPPY
PRSLPSLLRPRRSRSPPSRRRRPRRRRRRRRR
LYRYLYSLRRYPRRRRRRPRRRRRRRRRRRRR
PLSSPRPPRPRPPPSSPRRRRPRRRRRRRRRR
LYLSYYLLLYYYYYYYYLYYYRRRYRRRRRRR
RYPPRPRRLLPSSSSPPRSRRLPPPPPPPPPP
YRSPSSSSRSRPPPRRRRPSRPPPRRPPPPSS
RPRRSLYLLYRYYRRRRRRRRRPRRRRRRRRR
YRRYRYPPPRSPYPPPPPPRRYYRRRRRRRRR
