69,56 68,55 67,54 66,53 65,52 65,51 64,50 65,49 66,48 66,47 67,46 68,45 68,44 68,43 69,42 68,41 69,40 68,39
171,7 172,8 173,9 174,10 174,11 175,12 175,13 174,14 173,15 172,16 172,17 171,18 170,19 170,20 169,21 170,22 170,23 169,24 170,25 170,26 169,27 169,28 168,29 167,30 166,31 165,30 164,29
223,129 222,130 221,131 220,132 219,133 218,133 217,132 216,133 215,134 214,135 213,136 212,136 211,137 210,136 209,136 208,137 207,138 206,139 205,138 204,139 203,140 202,141 201,141 200,142 199,143 198,144 197,145
213,241 214,240 215,239 216,238 217,238 218,239 219,238 220,237 221,238 222,239 222,240 221,241 220,242 220,243 219,244
199,129 200,128 201,127 202,126 203,126 204,125 205,124 206,125 207,125 208,126 209,127 210,128 211,128 212,129 213,130 214,131 215,132 216,133 217,134 218,135 219,136 220,136 221,135 222,134 223,135 224,135 225,136 226,136 227,136
164,103 163,102 162,101 161,100 160,99 159,98 158,97 157,96 157,95 156,94 156,93 157,92 158,91 159,90 160,89 161,88 160,87 161,86 160,85 161,84 161,83 160,82 161,81 161,80 162,79
125,24 125,25 125,26 125,27 124,28 125,29 125,30 126,31 125,32 126,33 127,34 128,35 129,36 130,35 131,34 132,33
63,125 62,126 63,127 62,128
26,213 25,213 24,213 23,212 22,211 21,212 20,212 19,212 18,213 18,214 19,215 20,216 21,217 22,218 23,219 24,220 25,221 26,222 27,223 26,224
121,0 122,1 123,2 124,3 125,4 126,5 127,6 128,7 129,8 129,9 130,10 130,11 131,12 130,13 130,14 130,15 131,16 132,17 133,18 134,19 135,20 136,21 137,22 138,21 139,20 140,20 141,21 142,22 143,23
66,107 66,108 65,109 64,110 63,111 62,112 61,113 60,114 59,115 58,116 57,117 56,117 55,117 54,117 53,118 52,119 51,120 50,121 49,122 48,123 47,124 46,125 45,126 46,127 46,128
25,15 24,16 23,17 22,18 21,19 22,20 21,21 21,22 20,23 21,24 21,25 20,26 21,27 21,28 22,29 22,30 21,31
2,209 1,209 0,208 0,207 0,206 0,205 0,204 0,203 1,202 1,201 0,200 0,199 1,198 0,197 0,196 1,195 0,194 0,193 1,192 0,191 0,190 1,189 0,188 0,187 0,186 1,185
245,139 244,138 243,137 242,136 243,135 244,134 244,133 245,132 245,131 244,130 245,129 245,128 244,127 243,126 243,125 243,124 242,123 241,122 240,121 239,120 238,119 238,118 237,117 236,116
122,164 122,163 122,162 121,161 121,160 122,159 121,158 121,157 122,156 121,155 121,154 122,153 121,152 121,151 122,150 122,149 121,148 121,147 121,146 120,145 119,144 119,143 119,142 120,141
169,54 168,55 167,56 166,57 165,58 164,59 163,60 162,61 161,62 160,61 159,62 158,61 157,62 156,62
199,147 198,146 197,145 196,144 195,143 194,142 193,142 192,141 191,140 190,140 189,139 188,138 187,139 186,140 185,139 184,138 183,139 182,138 181,137 180,136 181,135 182,134 182,133 181,132 182,131 181,130 182,129 181,128 182,127 183,126
176,60 177,61 178,62 179,63 180,64 181,65 182,66 183,67 184,67 185,68 186,69 187,69 188,68
58,167 59,167 60,168 61,168 62,168
85,41 84,42 83,43 82,44 81,45 82,46 82,47 83,48 83,49 84,50 85,51 85,52 85,53
9,103 8,102 7,101 7,100 7,99 8,98 8,97 9,96 10,95 10,94 11,93 12,92 13,91 13,90 14,89 14,88 14,87 15,86 16,85 17,84 18,83 19,82 20,81 21,80 21,79 22,78 23,77 23,76 22,75 23,74
83,26 84,25 85,24 86,23 87,22 88,23 89,22 90,23 91,22 92,21 93,22 94,21 95,20 96,21 97,20 98,21 99,21
224,202 225,203 226,204 227,205 228,205 229,206 230,205 231,206 232,205 233,206 234,207 234,208 234,209 235,210 236,211 236,212 235,213 236,214 237,215 238,216 239,217 240,218 240,219 241,220 242,221 242,222 242,223 242,224 242,225 242,226 243,227
25,38 26,37 27,36 28,35 27,34 28,33 28,32 27,31 28,30 29,29 29,28 29,27 29,26 29,25 30,24 31,23 31,22 32,21 32,20 31,19 30,18 31,17 30,16
153,7 152,7 151,7 150,7 149,8 148,9 147,10 146,11 145,12 144,13 143,14 142,15 141,16 140,17 139,17 138,18 137,17 136,17 135,16
32,249 31,248 30,247 29,246 28,245 27,246 26,246 25,247 24,246 23,245 22,246 21,245 20,245 19,246 18,245 17,244 16,245 15,246 14,245 13,246 12,245 11,246 10,246 9,246 8,247 7,248 6,247 5,248 4,247 3,246
22,83 23,84 24,84 25,85 26,86 27,87 28,88 29,89 29,90 30,91 31,92 32,93 33,94 34,95 34,96 35,97 36,98 37,99 38,100 39,101 40,102 41,103 42,104 43,105 44,106 45,107 46,108 46,109 46,110 46,111
198,163 199,164 200,165 201,166 202,167 203,168 204,169 205,170 204,171 205,172 205,173 206,174 207,175 207,176 207,177 207,178 207,179 206,180 205,181 205,182 204,183 205,184
74,65 73,65 72,66 71,67 70,68 69,68 68,69 67,68 66,69 65,70 64,70 63,70 62,71 61,70 60,71 59,70 58,71 57,70 56,71 55,72 54,72 53,73 52,74 51,73 50,73 49,74 48,75 47,76 47,77 46,78 46,79 47,80 48,81 47,82 48,83 47,84 48,85 48,86 49,87 48,88 47,89 48,90 47,91 48,92 48,93 47,94
108,156 109,155 110,154 111,155 112,155 113,156 114,156 115,157 116,158 117,159 118,159 119,159
103,34 102,33 101,32 100,31 101,30 101,29 100,28 100,27 101,26 102,25 103,24 104,23 104,22 104,21 103,20 102,19 101,20 100,19 99,20 98,19
196,104 197,103 198,102 199,101 200,100 201,99 202,99 203,98 204,97 205,96 205,95 204,94 203,93 203,92 204,91
23,110 24,111 25,112 26,113 27,114 28,115 29,116 30,117 31,118 32,119 33,118 34,119
10,61 11,61 12,61 13,60 14,59 15,60 16,59 17,58 18,58 19,57 20,56 21,55 21,54 22,53 21,52 20,51 19,50
100,185 99,184 98,183 97,182 96,181 95,180 94,179 93,178 92,177 92,176 91,175 91,174 92,173 92,172 93,171 94,170 95,169 96,168 97,168 98,169 99,170 100,170 101,171 102,172 103,173 104,173 105,173
228,153 229,154 230,155 231,156 232,157 233,158 234,159 235,160 236,161 237,162 238,162 239,161 240,160 241,160 242,160 243,160 244,161 245,162 245,163
51,179 50,180 49,181 48,182 47,183 47,184 47,185 46,186 45,187 44,188 43,189 42,190 41,191 40,190 39,189 38,190 37,189 36,190 35,190 34,190 33,191 32,190 31,191 30,190
197,101 196,102 196,103 197,104 196,105 196,106 195,107 196,108 196,109 195,110 196,111 196,112 197,113 198,114 198,115 199,116 199,117 200,118 201,118 202,118 203,119 204,118 205,117 206,116 207,115 208,114 209,113 209,112 209,111 210,110
8,88 9,87 10,88 11,87 12,88 13,87 14,86 15,85 16,85
182,242 183,243 184,244 185,243 186,243 187,244 188,243 189,242 189,241 190,240 190,239 191,238 191,237 191,236 192,235 193,234 193,233 194,232 193,231 192,230 192,229 193,228 194,227 195,226 196,225 197,224 198,223 199,222 200,221 201,220 202,219 203,218 204,217 204,216 205,215 206,214 207,213 206,212
16,215 17,216 18,217 19,218 20,219 21,220 22,221 23,222 24,223 25,224 26,225 27,226 27,227 27,228 27,229 27,230 28,231 28,232 27,233 26,234 26,235 25,236 25,237
239,143 238,142 237,141 236,140 235,139 234,138 233,137 232,136 231,135 230,134 229,133 230,132 230,131 231,130 230,129 230,128 231,127 230,126 230,125 231,124 231,123 230,122
31,185 30,184 29,184 28,184 27,183 26,182 25,181 24,180 23,179 22,178 21,177 20,177 19,176 18,175 17,174 16,175 15,174 14,175 13,176 12,177
71,192 72,191 72,190 73,189 72,188 71,187 70,186 69,186 68,185 67,184 66,185 65,185 64,186 63,187 62,188 63,189 64,190 64,191 64,192 63,193
246,41 245,40 244,41 243,41 242,42 241,43 240,44 239,45 238,46 237,46 236,47 235,48 234,49 233,50 232,51 231,50 230,49 229,48 228,49 227,50 226,49 225,50 224,51 223,52 222,51 221,50 220,51 219,52 218,52
51,167 52,168 53,169 54,170 54,171 54,172 53,173 53,174 54,175 55,176 56,177 56,178 57,179 58,180 59,180 60,181 61,180 62,181 63,182 64,183 65,182 66,183 67,184 68,185
222,88 223,89 224,90 224,91 225,92 225,93 226,94 227,95 227,96 228,97 228,98 227,99 226,100 225,101 224,102 223,103 222,104 221,105 220,106 219,107 219,108 219,109 219,110 220,111 219,112
87,110 88,109 89,110 90,111 91,112 92,113 93,114 93,115 94,116 95,117 96,118 97,119 98,120 99,121 100,122 100,123 101,124 102,125 103,126 104,126 105,125 106,125 107,126
65,183 64,184 63,185 62,186 61,187 60,188 59,189 58,190 57,191 56,190 55,191 54,190 53,190 52,189 51,190 50,191 49,191 48,191 47,190 46,189 45,190 44,191 43,190 42,189 41,190 40,191 39,192 38,193 37,194 36,195 36,196 36,197 37,198 36,199 37,200 38,201 39,202 40,203 39,204 38,205 38,206 37,207 38,208 39,209 39,210 40,211
183,96 184,95 184,94 185,93 185,92 186,91 185,90 186,89 186,88 186,87 187,86 186,85 185,84 185,83 186,82 185,81 184,80 184,79 184,78 183,77 182,76 181,75 182,74 181,73 182,72 181,71 182,70 183,69
236,20 235,21 234,22 233,23 232,24 232,25 231,26 230,27 230,28 229,29 228,30 227,31 226,32 225,33 224,33 223,34 222,33 221,34 220,35 219,34 218,35 217,34
64,50 65,49 66,48 67,48 68,47 69,46 70,45 71,46 72,45 73,46
54,76 55,75 56,74 57,75 58,75 59,74
0,152 0,153 1,154 2,155 3,156 4,157 5,158 6,159 7,160 8,159 9,158 10,159 11,158 12,159 13,158 14,159 15,160 16,161 17,162 18,163 19,162 20,163
141,74 142,75 143,76 144,77 145,78 146,79 147,80 148,81 149,82 150,83 151,84 152,84 153,83 154,84 155,85 156,86 157,87 158,88 159,89 160,90 161,91 162,92 163,93 164,94 165,95 166,96 167,97 168,98 169,99 170,99
67,157 68,158 69,159 70,160 71,160 72,161 73,160 74,159 75,160 76,159 77,160 78,159 79,158 80,159 81,158 82,157 83,158 84,159 85,159 86,159 87,160
69,184 70,183 71,183 72,182 73,183 74,183 75,182 76,183 77,182 78,183 79,182 80,181 81,182 82,183 83,183 84,184 85,183 86,184 87,185 88,186 89,187 90,188 91,187 92,188 93,189 94,190 95,189 96,190 97,190 98,189 99,188
71,3 70,4 69,5 68,6 67,7 66,8 65,9 64,10 63,11 62,11 61,12 60,13 59,12 58,13 57,14 56,13 55,14 54,15 54,16 53,17
103,157 102,156 102,155 101,154 100,153 99,152 98,151 97,150 96,149 97,148 97,147 98,146 99,145 100,144 100,143 100,142
83,4 84,5 85,6 86,7 87,8 88,9 89,10 90,11 91,12 92,13 93,14 94,15 95,16 96,17 97,18 98,19 99,20 100,19 101,20 102,19 103,20 104,21 105,22 106,23 107,24 108,24 109,24 110,24 111,25 112,26
128,125 127,124 126,123 125,122 125,121 124,120 125,119 125,118 126,117 127,116
119,240 120,239 121,238 122,238 123,238
22,148 23,147 23,146 24,145 25,144 26,143 26,142 27,141 28,140 29,139 29,138 28,137 28,136 27,135 28,134 29,133 30,132 31,131 30,130 31,129 32,128 32,127 32,126 33,125 34,124 35,123 36,123 37,122 38,121 39,121 40,122
87,55 86,54 85,53 84,52 85,51 86,50 87,49 88,48 89,49 90,50 91,50 92,51 93,50 94,49 95,50 96,49 97,50 98,49 99,48 100,49 101,50 102,51 103,52 104,53 103,54 104,55 103,56 102,57 103,58 102,59 101,60 100,61 100,62 99,63 98,64 97,65 98,66 97,67 98,68 98,69 98,70 98,71 97,72 96,73 97,74 97,75 98,76 98,77 98,78 98,79 98,80 99,81 99,82 100,83 99,84 99,85
18,234 19,235 20,236 21,237 22,238 23,238 24,239 25,240 26,241 27,242 28,243 29,244 30,245 31,246 32,247 33,248 34,248 35,249 36,249 37,249 38,249 39,249 40,248 41,249
157,169 156,170 155,171 154,170 153,171 152,172 151,171 150,172 149,171 148,172 147,173 146,172 145,173 144,173 143,174 142,175 141,175 140,176 139,176 138,177 137,178 137,179 136,180 135,181 134,182
87,166 88,167 89,168 90,169 91,170 92,170 93,169 94,168 95,169 96,168 97,169 98,170 99,170 100,170 101,171 102,172 103,173 103,174 103,175 104,176 103,177 104,178
126,67 125,66 124,65 123,64 122,63 121,63 120,64 119,65 118,64 117,65 116,65 115,65 114,65 113,64 112,63 111,62 110,62 109,61 108,60 107,59 106,58 105,57 105,56 104,55 105,54 105,53 105,52 105,51 105,50
26,77 25,76 24,75 23,74 22,75 21,74 20,74 19,73 18,74 17,74 16,75 15,75 14,74 13,75 12,74 11,75 10,76 9,77
86,57 85,58 84,59 83,60 82,61 81,61 80,62 79,62 78,62 77,62 76,61 75,62 74,63 75,64 76,65 77,66 78,67 78,68 77,69 78,70 78,71 77,72 78,73 78,74
21,179 22,178 23,177 24,176 25,175 25,174 26,173 27,172 28,171 28,170 29,169 30,168 31,167 32,166 33,165 34,164 35,163 36,162 37,161 38,160 39,159 40,158 41,157 42,157 43,156 44,155 45,156
96,106 95,107 94,107 93,108 92,109 91,110 90,109 89,110 88,111 87,112 86,113 85,114 84,115 83,116 82,117 81,118 80,119 80,120 81,121
144,78 145,79 146,80 147,81 148,82 149,83 150,84 151,84 152,84 153,84 154,85 154,86 155,87 156,88 157,89 158,90 159,91 160,92 161,93 161,94 162,95 163,96 164,97 165,98 166,99 167,100 166,101 167,102 166,103 167,104 168,105
179,117 180,116 181,115 182,116 183,117 184,118
87,25 86,24 85,23 84,22 83,21 82,20 81,21 80,22 79,21 78,20 77,19 76,18 75,17 74,16 73,15 72,14 71,13 70,12 69,11 68,10 67,9 66,8 65,7 64,6 63,5 62,4 61,3 60,2 59,2
167,64 166,63 165,62 164,61 163,60 163,59 164,58 163,57 163,56 162,55 163,54 163,53 162,52 161,51 160,50 159,49 158,48 157,47 156,46 155,45 154,44 153,43 152,42 152,41 151,40 150,39 149,38 148,37 147,36 146,36 145,37
39,238 40,239 41,239 42,240 43,240 44,241 45,240 46,239 47,238 48,237 49,236 50,235 49,234 48,233 47,232 46,231 45,230 44,229 43,228 42,227 41,226 40,225 40,224 40,223 39,222 38,221 38,220 39,219 40,218 41,217
173,15 172,16 172,17 171,18 170,19 170,20 169,21 170,22 170,23 169,24 170,25 170,26 169,27 170,28 170,29 171,30 172,31 172,32
66,49 65,50 64,51 64,52 63,53 62,54 61,55 60,56 59,57 59,58 58,59 57,60 56,61 56,62 55,63 54,64 54,65 53,66 52,67 52,68 51,69 50,70 49,71 48,72 47,73 46,74 45,75 44,76 43,76 42,75 41,74 40,74 39,75
36,10 37,10 38,10 39,11 40,10 41,11 42,11 43,11 44,11 45,10 46,11 47,10 48,11 49,10 50,11 51,12 52,13 53,14 54,15 55,14 56,14 57,15 58,16 59,17 59,18 60,19 61,20 62,21 63,22 64,23 63,24 63,25
55,73 56,74 57,75 58,76 59,77 60,78 61,79 62,80 63,81 64,81 65,82 66,83 67,84 68,85 69,86 70,87 71,88 72,89 73,90 74,89 75,90 76,90 77,90 78,90
126,42 127,43 126,44 125,45 126,46 126,47 127,48 127,49 126,50 125,51 125,52 125,53 124,54 125,55 124,56 125,57 125,58 124,59 125,60 125,61 124,62 125,63 125,64 125,65 126,66 127,67 126,68 127,69 127,70
247,102 246,101 245,100 244,99 243,98 242,97 241,96 240,96 239,97 238,96 237,97 236,96 235,96 234,96 233,97 232,98 231,99 230,98 229,97 228,96 227,95 226,94
98,150 97,149 96,148 97,147 98,146 98,145 97,144 98,143 99,142 99,141 98,140 99,139 99,138 98,137 97,136 97,135 98,134 97,133 98,132 97,131 98,130 99,129 100,128 99,127 100,126 100,125 100,124
125,74 124,75 123,76 122,77 121,78 120,77 119,78 118,79 117,78 116,79 115,79 114,78 113,77 112,77 111,76 110,75 109,74 108,75 107,76 106,75 105,74 104,75 103,76 102,77 101,78 100,78 99,78 98,78 97,78 96,79
8,178 9,179 10,180 11,180 12,181 13,182 14,183 15,184 16,185 17,186 18,187 19,188 20,189 21,190 22,191 23,192 23,193 22,194 23,195 23,196 22,197 23,198 23,199
52,115 51,114 50,113 49,112 48,111 47,110 46,109 45,108 44,107 43,106 42,105 41,104 40,104 39,103 38,103 37,102
216,201 216,202 216,203 215,204 214,205 213,205 212,204 211,205 210,205 209,205 208,205 207,206 206,207 205,206 204,207 203,206 202,205 201,205 200,206 199,207 198,208 197,207
78,31 77,31 76,30 75,29 74,29 73,28 72,27 71,26 70,26 69,25 68,26 67,27 66,26 65,27 64,26 63,25 62,26 61,27 60,27
59,8 59,9 59,10 59,11 59,12 58,13 59,14 59,15 58,16 59,17 59,18 58,19 57,20 56,21 56,22 57,23 57,24 58,25 57,26 56,27 56,28 55,29 54,30 54,31 55,32 55,33
27,50 27,49 28,48 27,47 27,46 26,45 26,44 27,43 26,42 26,41 27,40 26,39 26,38 27,37 27,36 27,35 27,34 27,33 28,32 27,31 26,30 27,29 27,28 26,27 27,26 26,25 27,24 26,23 27,22
204,71 203,70 202,69 201,68 201,67 200,66 199,65 198,64
213,85 214,86 215,87 216,88 217,89 218,90 219,91 220,92 221,93 222,94 223,95 224,96 225,97 226,98 227,99 228,100 229,101 230,102 231,103 232,104 233,105 234,106 235,107 236,108 237,109 238,110 239,111 240,112 241,113 242,114
224,117 224,118 225,119 225,120 224,121 224,122
108,120 107,119 108,118 109,117 110,117 111,116 112,117 113,117 114,118 115,117 116,116 117,117 118,116 119,117 120,117
74,61 73,62 74,63 75,64 76,65 77,66 78,67 78,68 77,69 78,70 78,71 77,72 78,73 78,74 77,75 77,76 78,77 77,78 78,79 78,80 79,81 80,82 81,83 82,84 81,85 82,86 83,87
93,132 92,133 91,134 90,135 89,136 88,137 87,138 86,139 85,140 84,141 83,142 82,143 81,144 80,145 79,146 78,147 77,148 76,149 75,150 74,151 73,151 72,152 71,152 70,152 69,152 68,153
203,75 204,74 205,73 206,72 207,71 208,70 209,69 210,68 211,67 212,66 213,65 214,64 215,63 216,62 217,61 217,60 217,59 218,58 219,57 220,56 221,55 222,54 223,53 224,52 225,51 226,50 227,49 228,49
236,41 235,42 234,43 233,44 232,45 231,46 230,46 229,45 228,46 227,47 226,46 225,46 224,45 223,44 223,43 222,42 222,41
54,94 55,95 56,96 57,97 58,98 59,99 60,100 61,101 62,102 63,103 64,104 65,105 66,106 67,107 67,108 68,109 69,110 70,110 71,110 72,109 73,108 74,107 75,106 76,107 77,108 78,109 79,110 80,110 81,111
