60,109 61,108 62,107 63,106 64,105 65,104 65,103 64,102 65,101 65,100 64,99 65,98 66,97 66,96 67,95 68,94 69,93 70,93 71,92 72,91 73,90 74,91 75,90 76,90 77,89 78,88 79,87 80,86 81,85 82,86 83,85 84,84 85,84 86,85 87,86 88,86 89,85
48,15 47,14 46,14 45,13 44,14 43,15 42,16 41,17 40,17 39,18 38,19 37,20 36,21 35,22 34,23 33,24 32,25 31,26 30,27 29,27 28,27 27,28 26,27 25,27 24,28 23,28 22,28
51,17 50,18 49,19 49,20 48,21 49,22 49,23 48,24 48,25
245,249 244,248 243,248 242,248 241,248 240,249 239,249 238,249 237,249 236,249 235,249 234,248
152,112 151,111 150,110 149,109 148,108 147,107 146,106 145,105 144,104 143,103 142,102 141,101 140,100 139,99 138,99 137,98 136,97 135,96 134,95 133,94 132,93 131,92 132,91 133,90 134,89 134,88 135,87 136,86 136,85 136,84 137,83
66,70 65,69 64,68 63,67 62,67 61,66 60,65 59,64 58,65 57,66 56,65 55,66 54,65
0,86 0,87 0,88 1,89 2,88 3,88 4,88 5,89 6,90 7,89
180,190 181,191 182,191 183,192 184,193 185,194 186,195 187,196 188,197 189,198 190,199 191,200 191,201 192,202 192,203 192,204 191,205 190,206 189,207 188,208 187,209 186,210 185,211 185,212 186,213 186,214 185,215 186,216 185,217 186,218 186,219
124,0 125,0 126,1 127,2 128,3 129,4 130,5 131,6 132,7 133,8 134,9 135,9 136,8 137,8 138,9 139,9 140,10 141,11 141,12 142,13 141,14 142,15 142,16 142,17
18,85 19,84 20,83 21,82 21,81 21,80 21,79 22,78
126,6 127,7 128,8 129,9 130,10 130,11 131,12 130,13 130,14 131,15 132,16 133,17 134,18 135,19 136,20 136,21 137,22 137,23 138,24 139,25 139,26 140,27 140,28
59,177 58,176 57,175 56,174 55,173 54,172 53,171 52,170 51,169 50,168 49,167 48,166 47,165 46,164 45,165 44,164 43,163 42,162 41,161 40,161 39,160 38,159 37,158 36,159 35,160
0,35 1,36 2,36 3,36 4,35 5,36 6,37 7,36 8,36 9,35 10,34 11,35 12,34 13,33 14,34 15,33 16,32 17,33 18,32 19,33 20,32 21,31 22,32 23,31 24,30 25,29 26,30 27,29
150,215 149,216 148,217 147,218 147,219 146,220 146,221 146,222 147,223 148,224 149,225 150,226 151,227 152,228 153,229 154,230 155,231 156,232 157,233 156,234 155,235
216,109 215,110 214,111 213,112 213,113 212,114 213,115 213,116 214,117 215,118
128,13 129,14 130,15 131,16 132,17 133,18 134,19 135,20 136,21 135,22 136,23
102,205 102,204 101,203 100,202 100,201 99,200 100,199 100,198 99,197 99,196 98,195 97,194 96,193 96,192 95,191 94,190 93,189 92,188 93,187
34,18 35,17 36,17 37,16 38,16 39,15 40,14 41,15 42,16 43,17 44,17 45,16 46,17 47,16 48,15 49,16 50,15 51,15 52,15
148,249 148,248 149,247 148,246 149,245 148,244 147,243 148,242 148,241 147,240 148,239 148,238 147,237 148,236 149,235 149,234 148,233 149,232 149,231 150,230 151,229 151,228 152,227 153,226 154,225 153,224
138,80 137,79 137,78 136,77 135,76 136,75 137,74 137,73 138,72 139,71
130,78 131,79 132,78 133,78 134,79 135,78 136,77 137,78 138,79 139,78 140,79 141,78 142,77 143,78 144,79 145,80 146,81 147,81
5,244 6,243 5,242 5,241 6,240 7,239 7,238 6,237 6,236 5,235 6,234 5,233 5,232 6,231 7,230 8,229 9,228 9,227 10,226 10,225
8,244 9,244 10,244 11,243 12,242 13,243 14,242 15,243 16,242 17,241 18,242 19,241 20,242 21,241 22,240 23,241 24,240 25,239 26,240 27,239 28,238 29,239
23,121 22,120 21,119 20,119 19,118 18,117 17,118 16,117 15,116 14,115 13,114 12,113 11,112 10,111 9,110 8,109 8,108 7,107 6,106 5,105 4,105 3,104 2,105 1,104 0,103 0,102 0,101 0,100
67,37 67,38 68,39 69,40 70,41 70,42 70,43 71,44 72,45 71,46 71,47 72,48 71,49 71,50 71,51 72,52 73,53 74,54 74,55 74,56 74,57 74,58 74,59 73,60 72,61 73,62 72,63 72,64
210,12 209,13 208,14 207,15 206,16 205,16 204,17 203,16 202,17 201,16 200,17 199,16
41,47 40,48 40,49 40,50 41,51 41,52 42,53 42,54 41,55 42,56 42,57 43,58 44,59 44,60 45,61 45,62 44,63 43,64 44,65 44,66 45,67 45,68 46,69 47,70 48,71 49,71 50,72 51,73 52,74 53,73 54,74 55,75 56,76 57,75 58,76
203,190 204,189 205,188 206,187 206,186 206,185 207,184 206,183 206,182 207,181 208,180 209,179 209,178 210,177 211,176 212,175 213,174 214,175 215,174 216,173 216,172 217,171 216,170 215,169 214,168 213,167 212,166 211,165 212,164
114,84 113,83 112,82 111,81 110,80 109,79 108,78 108,77 107,76 106,75 106,74 105,73 104,72 103,71 102,70 102,69 101,68 100,67 99,66 98,65 97,64 96,63 95,62 95,61 94,60
204,116 205,117 206,118 207,119 208,120 208,121 208,122 208,123 207,124 206,125 205,126 205,127 204,128 203,129 202,130 202,131
123,240 124,239 125,238 126,237 127,236 128,235 129,234 130,233 131,232 132,231 133,230 134,229 135,228 136,227 135,226 136,225 136,224 135,223 136,222 137,221 136,220 135,219 134,218 133,218 132,217 131,216 130,215 129,214 128,215 127,216 126,215
178,167 177,166 176,165 175,164 174,163 173,162 172,161 171,160 170,159 169,158 169,157 168,156 167,155 166,154 165,153 164,152 164,151 164,150 165,149 164,148 165,147 164,146 163,145 162,144 162,143 161,142 160,141 159,140 158,139 157,138 156,137 155,137 154,136 153,137
191,111 191,110 192,109 193,108 194,107 195,106 196,105 197,104 197,103 198,102 199,101 200,100 200,99 200,98 201,97 202,96 203,95 204,94 204,93 205,92 206,91 207,90 208,89 209,89 210,88 211,87 212,88
246,139 246,140 246,141 246,142 246,143 246,144 246,145 247,146 246,147 246,148 246,149 245,150 244,151 243,152 242,153 241,154 240,153 239,154 238,154 237,155 236,154 235,155 234,154 233,153 232,152 231,151 230,150 229,151 228,150 227,151 226,152 225,151 224,152 223,153 222,153 221,153 220,154 219,155 218,156 217,156
124,41 125,42 126,43 127,43 128,43 129,43 130,42 131,42 132,42 133,43 134,44 135,45 136,46 137,47 138,48 139,48 140,49 141,49 142,50 143,51 144,52
76,99 76,98 76,97 75,96 74,95 74,94 73,93 72,93 71,92 70,91 69,92 68,91 67,92 66,91 65,91 64,90 63,89
143,228 142,227 141,226 140,225 139,224 138,223 138,222 137,221 136,220 135,219 134,218 133,217 132,216 131,216 130,215 129,214 128,213 127,212 126,211 125,210 124,209 123,208 122,208 121,208 120,209 119,210 118,210
154,141 153,140 152,139 151,138 150,137 149,136 148,135 147,136 146,135 145,136 144,135 143,136 142,135 141,134 140,133 139,132 138,131 137,130 136,129 135,128 134,127 133,126 132,125 131,124 130,123 129,122 129,121 129,120 128,119 127,118
62,78 63,77 62,76 61,75 60,74 59,73 58,72 57,71 56,70 55,69 56,68 56,67 57,66 58,65 59,64 59,63 60,62 61,61 61,60 60,59 61,58 60,57 59,56 58,55 57,54 57,53 56,52 55,51 55,50 54,49
155,70 156,71 157,70 158,70 159,71 160,72 161,71 162,72 163,71 164,70 165,69 166,68 167,69 168,68 169,69 170,70 171,70 172,70 173,71 174,72 175,71 176,71 177,71 178,70 179,70 180,69 181,68 182,69
200,188 199,189 198,190 197,191 196,191 195,192 194,191 193,191
246,0 247,0 248,0 249,1 249,2 249,3 248,4 247,5 246,6 247,7 248,8 248,9 249,10 249,11 248,12 249,13 249,14 248,15 249,16 249,17 248,18 249,19 249,20 249,21 249,22 249,23 248,24 249,25 248,26
50,23 51,24 52,25 53,26 54,27 55,28 56,29 57,30 58,31 59,32 60,33 61,34 62,35 63,36 64,35 65,36 66,37 67,38 68,39 69,40 70,41 71,41 72,40 73,41 74,41 75,42 76,42
114,206 113,205 112,204 112,203 113,202 114,201 114,200 115,199 116,198 117,197 117,196 118,195 119,194 120,193 121,192 121,191 121,190 122,189 121,188 121,187 122,186 123,185 124,184 125,183 125,182
173,210 174,211 175,212 176,213 177,214 178,213 179,212 180,212 181,211 182,210 183,209 184,208 185,209 186,210 187,210 188,211 189,210 190,211 191,212 192,213 193,214
205,29 204,28 203,27 202,26 201,25 200,24 199,23 198,22 197,23 196,22 195,21 194,20 193,21 192,21
151,69 150,68 149,68 148,67 147,66 146,65 145,66 144,67 143,66 142,65 141,64 140,63 139,62 138,61 137,60 136,59 135,58 134,57 133,56 132,55 131,54 130,53 129,52 128,53 127,52 126,51 125,50 125,49 124,48 123,47 122,46 123,45 122,44 121,43
167,201 166,200 165,199 164,198 163,197 162,196 161,195 160,194 159,193 158,192 157,191 156,190 155,189 154,188 153,187 152,187 151,186 150,187 149,187 148,187 147,187 146,187 145,188 144,187 143,186
182,145 181,145 180,144 179,143 178,142 177,141 176,140 175,139 174,138 173,137 174,136 175,135 174,134 174,133 173,132 172,131 171,130 170,129 169,128 168,127 167,126 166,125 165,124 164,125 163,125 162,124 161,123 160,123 159,122 159,121 159,120 160,119 161,118 162,117 163,116 164,115
135,130 134,131 133,132 132,133 131,134 130,133 129,134 128,133 127,134 126,135 125,134 124,135 123,136 122,137 121,137 120,138 119,137 118,137 117,137 116,136 115,137 114,138 113,138 112,139 111,140 110,139 109,138 108,139 107,138
148,218 147,217 146,216 145,215 144,214 143,213 142,212 141,211 140,210 139,209 138,208 137,207 136,206 135,205 136,204 136,203 135,202 136,201 136,200 135,199 136,198 135,197 136,196 135,195 136,194 135,193 134,192 133,191 132,190 131,189 130,188 129,189 128,190 127,189
57,35 58,34 58,33 59,32 60,31 61,30 62,29 63,28 64,28 65,27 66,26 67,25 68,24 69,24 70,23 71,22 72,21 73,20 74,19 75,18 76,17 77,16 78,15 79,14 80,14 81,13 82,12 83,11 84,10 85,11 86,12
67,201 68,200 69,200 70,201 71,200 72,201 73,202 74,201 75,200 76,201 77,200 78,199 79,198 80,197 81,196 82,195 83,194 84,193 85,192 86,191 87,192 88,193 89,193 90,194 91,194 92,195 93,196 94,197 95,196 96,196
172,110 171,109 170,108 169,107 168,106 167,105 166,104 165,103 164,102 163,101 162,100 161,99 161,98 160,97 159,96 158,95 157,94 156,93 155,92 154,91 153,90 152,89 151,88
6,229 7,229 8,229 9,230 10,231 11,231 12,232 13,233 14,234 15,235 16,236 17,235 18,236 19,235 20,236 21,235 22,236 23,235 24,234 25,233 26,234 27,233 28,232 29,233 30,232 31,233 32,233
169,159 170,160 171,161 172,162 173,163 174,164 175,165 176,166 177,167 178,168 179,169 180,170 181,171 182,172 183,173 184,174 185,175 186,176 187,176 188,175 189,176 190,177 191,177 192,177 193,177 194,178 195,179
182,191 183,192 184,193 185,194 186,195 187,196 188,197 189,198 190,199 191,200 191,201 192,202 192,203 192,204 191,205 190,206 189,207 188,208 187,209 186,210 185,211 184,211 183,212 182,211 181,212 180,212 179,213 178,213 177,212 176,211 175,211 174,212 173,213 172,212 171,211 170,212 169,213 168,213 167,214 166,213 165,213 164,212 163,212 162,213 161,214 160,215 159,215 158,215 157,216
219,108 220,107 221,106 222,105 223,104 224,103 225,102 226,101 227,101 228,100 229,99 230,98 231,99 232,100
78,39 77,38 76,37 76,36 75,35 74,34 73,33 72,32 71,31 70,30 69,29 68,28 67,27 66,26 65,26 64,25 63,24 62,23 61,22 60,21 59,20 58,19 57,18 56,17 55,16 54,15 53,14 53,13
19,20 20,21 21,22 22,23 23,24 24,25 25,26 26,27 27,28 28,29 29,29 30,30 31,29 32,30 33,30 34,31 35,32 36,33 37,34 38,35 39,36 40,37 40,38 41,39 41,40 41,41 42,42 43,43 44,44 45,43 46,44 47,43 48,42 49,41 49,40 49,39 48,38 48,37 49,36
26,89 27,90 28,91 29,92 30,93 31,94 32,95 33,96 34,95 35,94 36,93 37,93 38,92 39,91 40,90 41,91 42,90 43,89 44,88 45,88 46,87 47,86
2,172 1,171 0,170 1,169 1,168 0,167 0,166 1,165 0,164 0,163 1,162 0,161 0,160 1,159 0,158 0,157 1,156 0,155 0,154 1,153 1,152 0,151 1,150 0,149 0,148 1,147 1,146 0,145 0,144 1,143 1,142
62,14 61,14 60,15 59,16 59,17 59,18 58,19 59,20 59,21 60,22 59,23 60,24
27,134 26,133 25,133 24,132 23,131 22,130 21,129 20,130 19,131 18,131 17,130 16,130 15,129 14,128 13,127 12,126 11,125 11,124 11,123 10,122 11,121 12,120 12,119
1,123 0,122 1,121 0,120 0,119 1,118 0,117 1,116 0,115 0,114 0,113 0,112 0,111 0,110
243,10 242,10 241,10 240,11 239,12 238,13 238,14 237,15 236,16 235,17 234,18 233,19 232,20 231,21 230,22 231,23 230,24 230,25 229,26 228,27 227,28 228,29 227,30 226,31 225,32 224,33 223,34 222,35 221,36 220,36 219,37 218,38
201,105 200,104 199,103 198,102 197,101 196,101 195,100 194,99 193,98 192,97 191,96 190,95 189,94 188,94 187,93 186,92
103,218 102,219 101,220 100,221 99,222 98,223 97,224 96,225 95,226 94,227 93,228 92,228 91,229 90,228 89,227 88,228 87,229 86,230 85,229 84,230 83,231 82,232 82,233 83,234 84,235 85,234
109,70 108,69 107,68 106,67 105,66 104,65 104,64 103,63 102,62 102,61 103,60 104,59 105,58 105,57 106,56 107,55 107,54
114,59 115,58 116,57 117,56 118,55 119,54 120,53 121,52 122,51 123,50 123,49 124,48 125,47 125,46 126,45 127,44 128,43 129,43 130,42
221,177 220,178 219,179 218,180 217,181 216,182 215,183 214,183 213,183 212,184 211,185 210,184 209,185 208,184 207,184 206,183 205,182 204,183 203,184 202,185 201,184 200,185 199,186 198,187 197,188 196,188 195,189 194,190 193,191 192,190 191,190
54,4 55,5 56,4 57,4 58,5 59,5 60,6 60,7 59,8 58,9 57,10 56,11 55,12 54,13 53,14 54,15 54,16 53,17 52,18 53,19 53,20 54,21
159,40 160,39 161,40 162,40 163,41 164,40 165,40 166,41 167,42 168,43 169,44 170,44 171,45 172,44 173,43 174,44 175,44 176,45 177,46 178,47 179,48 180,49 181,49 182,50 183,51 184,52 185,53 186,54 186,55 186,56 187,57 187,58
176,223 177,224 178,224 179,223 180,222 181,221 182,220 183,219 184,218 185,217 186,216 187,215 188,214 189,215
137,3 138,4 139,5 140,6 141,7 142,8 143,9 144,10 145,11 145,12 146,13 147,14 148,15 149,16 150,17 151,18 152,19 153,19 154,20 155,19 156,20 157,19
236,224 236,225 237,226 236,227 237,228 238,229 239,230 240,231 241,232 242,233 243,234 244,235 245,236 246,237 246,238 245,239 246,240 246,241 247,242 248,243 249,244 249,245 249,246
200,14 199,15 199,16 199,17 199,18 199,19 200,20 201,21 201,22 201,23 202,24 201,25 201,26 200,27 201,28 201,29 202,30 203,31 203,32 204,33 203,34 203,35 204,36 205,37
115,164 116,165 117,165 118,166 119,167 120,168 121,169 122,169 123,170 124,170 125,171 126,172 127,171 128,172 129,171 130,170 131,171 132,170 133,170 134,169 135,168 136,169 137,170 138,171 139,172 140,171 141,172 142,172
194,240 193,240 192,241 191,242 190,243 189,244 188,245 187,246 186,247 185,247 184,246 183,245 182,244 181,243 180,242 179,241 178,240 177,239 177,238 178,237 179,236 178,235
72,25 72,24 71,23 71,22 70,21 70,20 69,19 68,18 67,17 66,16 65,15 64,14 63,13 62,12 62,11 61,10 60,9 61,8 60,7 61,6 60,5 59,4 58,3 57,2 58,1
23,121 22,120 21,119 21,118 20,117 19,116 19,115 20,114 19,113 19,112 20,111 19,110 19,109 19,108 18,107
145,240 145,239 146,238 147,237 148,236 149,235 149,234 148,233 148,232 147,231 146,230
202,76 202,77 201,78 200,79 199,80 198,81 197,82 196,83 195,84 194,85 193,86 192,87 191,88 190,89 189,90 188,91 187,91 186,91
138,51 138,52 139,53 140,54 141,55 142,56 143,57 144,58 145,59 146,60 147,61 148,62 149,61 150,62 151,61 152,60 153,61 154,60 155,60
166,141 167,142 168,143 169,144 170,145 171,146 172,147 173,148 174,148 175,149 176,150 177,151 178,152 179,153 180,154 181,155 182,156 183,157 184,158 185,159 186,160 187,161 188,162 189,163 190,164 191,165 192,166 193,167 194,168 195,169
245,122 244,121 243,120 242,119 242,118 242,117 241,116 240,116 239,115 238,114 237,113 236,112 235,111 234,110 233,109 232,109 231,108 230,107 229,106 228,107 227,107 226,106 225,105 224,105
33,227 33,226 33,225 34,224 35,223 36,222 37,221 38,220 39,219 40,218 41,217 42,216 43,215 44,214 45,215 46,216 47,217 48,218 49,219 50,220 51,221 52,220 53,221 54,220 55,221 56,222 57,223 58,224
134,108 133,107 132,106 131,105 130,104 129,103 128,102 129,101 129,100 130,99 131,98 132,97 132,96 133,95 132,94 132,93 131,92 131,91 130,90 129,89 128,88 127,87 126,87 125,86 124,87 123,87 122,86 121,85 120,84 119,83 118,82 117,81 116,80 115,79 114,78 113,78 112,77 111,76 110,77 109,78 108,78
178,6 177,6 176,6 175,6 174,6 173,6 172,7 171,6 170,7 169,8 168,7 167,8 166,7 165,6
101,10 100,11 99,12 98,12 97,11 96,12 95,13 94,14
212,243 213,244 214,245 215,246 216,247 217,248 218,249 219,249 220,249 221,248 222,249 223,248 224,249 225,248 226,247 227,248 228,249 229,249 230,248 231,249 232,248 233,249 234,248
66,223 67,223 68,223 69,223 70,222 71,221 72,222 73,221 74,222 75,222 76,223 77,224 78,223 79,224 80,223 81,222 82,223 83,222 84,222 85,221 86,220 87,220
173,205 174,206 175,207 176,208 177,208 178,207 179,208 180,209 181,210 182,210 183,209 184,208 185,209 186,210 187,209 188,208 189,207 190,206 191,205 192,204 193,203 192,202 191,201 190,200 189,199 188,198 187,197 186,196 185,196 184,195 183,194 182,193 181,192 180,191 179,190 178,189 177,188 176,187
241,157 240,157 239,156 238,155 237,155 236,154 235,155 234,154 233,153 232,152 231,151 230,150 229,149 228,148 227,147 226,146 225,145 224,144 223,143 222,142 221,141 221,140 220,139 220,138 219,137 218,136 217,135 216,134 215,133 214,132 213,131 212,131
49,48 50,49 51,50 52,51 53,52 54,52 55,53 56,52 57,53 58,54 59,55 60,56 61,55 62,56 63,55 64,54 65,54 66,55 67,56 68,57 69,58 70,59 71,60 72,61 73,60 74,61 75,62 76,63 77,64
100,131 99,131 98,130 97,130 96,131 95,132 94,131 93,132 92,131 91,132 90,133 89,132 88,133 87,132 86,131 85,130 84,129 83,128 82,127 81,126 80,125 79,124 78,123 78,122 77,121 76,120 77,119 76,118 77,117 76,116 76,115 77,114
138,152 137,151 136,150 135,149 135,148 135,147 136,146 137,145 136,144 135,143 134,142 133,141 132,142 131,143 130,142 129,143 128,142 127,143 126,144 125,143 124,142 123,141 122,142 121,142 120,142 119,142 118,142 117,142 116,143 115,142 114,141
30,44 29,43 28,42 27,43 26,42 25,41 24,42 23,42 22,41 21,40 20,41 19,40 18,41 17,42 16,42
45,110 44,109 44,108 45,107 46,106 46,105 45,104 46,103 46,102 47,101 48,100 48,99 48,98
166,178 167,177 168,176 169,175 170,174 171,174 172,175 173,176 174,175 175,174 176,173 177,172 177,171 176,170 176,169 175,168 176,167 176,166 177,165 178,164 178,163 177,162 178,161 179,160 178,159 177,158 178,157 177,156 178,155 178,154 177,153
