76,90 77,89 78,88 79,87 80,86 79,85 80,84 80,83 81,82 82,81 83,80 84,79 85,78 86,77 87,76 88,75 87,74 87,73 86,72 85,71
47,12 48,13
36,6 35,7 34,8 33,9 32,10 31,11 30,12 30,13 29,14 30,15 31,16 32,17 33,18 34,19 35,20 36,21 37,22 38,23 39,24 38,25 38,26 39,27 40,28 41,28 42,27 42,26 43,25
27,7 26,8 25,9 24,10 23,10 22,10 21,10 20,11 19,11 18,12 17,13 16,14 15,15 14,16 13,17 12,16 11,17 10,18 9,19 8,20 7,20 6,21 5,22 4,23 3,24 2,25 1,25 0,26 0,27 0,28 0,29 0,30
48,57 47,56 46,55 45,54 44,53 45,52 46,51 46,50 46,49 47,48 48,47 49,46
91,39 92,38 93,37 94,36 94,35 95,34 96,33 97,32 98,31 98,30 99,29 99,28 99,27 99,26 99,25 99,24 99,23 99,22 99,21 99,20 99,19 99,18 99,17 99,16 98,15 99,14 98,13 98,12 97,11 96,10 95,9
12,28 11,29 10,30 9,31 9,32 10,33 10,34 11,35 11,36 10,37 9,38 9,39 9,40 9,41 9,42 8,43 9,44 9,45 8,46 9,47 9,48 10,49 10,50
91,18 90,19 89,20 88,21 87,22 86,23 85,24 84,23 83,23 82,23 81,24 80,25 79,26 78,27 77,28 76,29 75,29 74,30 73,29 72,30 71,29 70,30 69,31 68,30 67,31 66,32 65,31 64,32 63,31 62,32 61,31
52,97 52,96 51,95 50,94 50,93 51,92 52,91 53,90 54,89 54,88 53,87 54,86 54,85 55,84 56,83 57,82 58,81 59,81 60,80 61,79 62,78 63,77 64,78 65,78 66,77 67,76 67,75 67,74 67,73 68,72 69,71 68,70
97,90 96,89 95,88 94,87 93,86 94,85 93,84 92,83 91,82 90,81 89,80 88,79 87,78 86,77 85,76 84,75 83,74 82,73 81,72 80,71 79,72 78,71 77,72 76,73 75,72 74,71
22,7 21,8 20,8 19,9 18,9 17,9
99,23 99,24 99,25 99,26 99,27 99,28 99,29 98,30 97,31 96,32 95,32 94,31 93,30 92,29 91,28 90,27 89,26 88,25 87,24 86,23 85,24
27,18 26,19 25,20 24,21 23,22 22,23 21,24 20,25 19,26 18,27 17,28 16,29 17,30 18,31 18,32 19,33 19,34 18,35 17,36
97,61 96,62 95,62 94,63 93,64 92,65 91,66 90,67 89,68 88,68 87,68 86,69 85,70 84,69 83,70 82,71 81,72 80,71 79,71 78,70 77,69 76,70 75,70
42,99 41,98 40,97 39,96 38,95 37,94 36,93 35,92 34,91 33,90 32,89 31,88 30,87 29,86 28,85 27,84 26,83 25,82 24,81 23,80 23,79 24,78 23,77 23,76
45,52 44,51 44,50 45,49 45,48 44,47 43,46 42,45 41,44 40,43 39,42 38,41 37,42 36,41
87,71 88,72 89,73 90,74 91,75 92,76 93,77 94,78 94,79 95,80 95,81 96,82
36,33 35,32 34,31 33,30 32,29 31,28 30,27 29,26 29,25 28,24 28,23 27,22 26,21 26,20 27,19 26,18 27,17 28,16 29,15 29,14 30,13 31,12 30,11 31,10 30,9 31,8 32,7 33,6 32,5 32,4 32,3
1,73 2,72 3,71 4,70 5,69 6,68 7,67 6,66 7,65 8,64 9,63 10,62 11,61 12,60 13,59 14,58 15,57 16,56 17,55 18,54 19,53 20,52 21,51 22,50 23,49 24,48 25,48
23,56 22,56 21,55 20,54 21,53 22,52 23,51 24,50 25,49 26,48 27,47 28,46 28,45 29,44 30,43 31,42 32,41 33,40 34,39 35,38 36,37 37,36 38,35 39,35 40,34 41,33 42,32 43,32 44,32 45,33 46,34 47,33
18,11 19,10 20,11 21,10 22,10 23,10 24,10 25,11 25,12 25,13 25,14 24,15 24,16 23,17 22,18 21,19 20,20 19,21 18,22 18,23 19,24 18,25 18,26 17,27 16,28 16,29 15,30 14,31 14,32 13,33 12,34 12,35
76,44 75,44 74,45 73,45 72,46 71,46 70,46 69,47 68,48 67,49 66,50 66,51 65,52 64,53 63,54 62,55 61,56 60,57 61,58 62,59 62,60 61,61 61,62 60,63 59,64 58,65 57,66 56,67 55,66 54,66 53,65 52,64 51,64 50,63 49,64 48,65
54,8 54,9 54,10 55,11 56,12 56,13 57,14 58,15 58,16 59,17 60,18 61,19 62,20 63,19 64,20 65,21 66,20 67,19 68,19 69,19 70,20 71,20 72,20 73,20 74,21 75,22 76,23 77,23 78,24 79,25 80,26
3,11 4,12 5,12 6,12 7,13 8,12 9,13 10,12 11,11 12,12 13,11 14,10 15,11 16,10 17,9 18,9 19,10 20,11 21,10 22,10 23,10 24,10 25,11 26,12 27,13 28,14 28,15 29,16 29,17 28,18 27,19 26,20 26,21 25,22 25,23 26,24 26,25
72,19 72,18 73,17 74,16 74,15 73,14 73,13 73,12
6,42 7,43 8,44 9,45 8,46 9,47 9,48 10,49 10,50 11,51 12,52 13,53 14,54 15,55 16,56 17,57 18,57
0,89 1,90 2,91 3,91 4,90 5,90 6,89 7,88 8,87 9,86 8,85 7,84 8,83
72,57 71,56 70,55 69,54 68,53 67,52 66,51 66,50 65,49 65,48 64,47 63,46 63,45 62,44 63,43 63,42 64,41 65,40 66,39 66,38 67,37 68,36 69,35 70,34 69,33 70,32
57,37 56,36 55,35 54,34 53,34 52,33 51,34 50,33 49,32 48,32 47,31 46,30 45,30 44,29 43,30 42,29 41,28 40,28 39,27 38,26 37,25 36,24 35,23 34,22 33,21 32,20 31,19 30,18 29,17 28,16 27,15 26,14 27,13
61,58 62,59 61,60 61,61 61,62 60,63 59,64 58,65 57,66 56,67 56,68 55,69 54,70 54,71 53,72 54,73 54,74 53,75 54,76 55,77 56,78 55,79 56,80 55,81 56,82 56,83 55,84 56,85 55,86
80,10 81,11 82,12 83,13 84,14 83,15 82,16 82,17 82,18 83,19 84,20 85,21 86,22 87,21
55,42 54,43 53,44 52,45 51,46 50,46 49,46 48,47 47,48 46,49 46,50 46,51 47,52 47,53 46,54 45,55 46,56 46,57 46,58 46,59 45,60 46,61 47,62 48,63 49,64
8,53 9,54 9,55 9,56 9,57 10,58 9,59 9,60 8,61 7,62 6,63 5,62 4,63 3,62 2,63 1,63
19,21 20,22 21,23 22,24 23,23 24,23 25,23
30,76 29,75 28,74 28,73 29,72 29,71 30,70 31,69 31,68 30,67 30,66 31,65 30,64 30,63 31,62 30,61 31,60 30,59 31,58 30,57 31,56 32,55 33,54 32,53 32,52 33,51
46,11 45,12 44,13 43,14 42,15 41,16 40,17 39,18 38,19 37,18 36,19 35,20 34,19 33,18 32,17 31,16 30,15 29,14 28,13 27,12 26,11 25,12
69,46 68,46 67,45 66,44 65,43 64,43 63,42 62,41 61,40 60,39 59,38 58,37 57,36 56,35 55,34 54,33 53,32 52,33 51,34 50,33 49,32 48,32 47,31 46,30 45,29 44,28 43,27 44,26 44,25
63,39 64,40 65,41 66,42 67,42 68,43 69,44 70,45 71,44 72,45 73,44 74,45 75,45 76,44 77,44 78,45 79,46 80,47 81,48 82,49 83,50 83,51 84,52 84,53 84,54 85,55 86,56 85,57 86,58 85,59 86,60 87,61
19,48 20,49 21,50 22,49 23,48 23,47 22,46 21,45 22,44 23,43 24,42 25,41 25,40 26,39 27,38 28,37 29,36 29,35 30,34 31,33 31,32
89,21 88,22 87,23 86,22 85,21 84,20 83,19 82,18 81,17 80,16 79,15 78,14 77,13 76,12 77,11 76,10
51,70 50,69 49,68 48,67 47,66 46,65 45,64 44,63 43,63 42,62 41,61 40,62 39,63 38,62 37,63 36,62 35,62 34,62 33,63 32,64 31,65 30,66 29,66
34,99 35,99 36,99 37,98 36,97 36,96 35,95 34,94 33,93 32,92 31,91 30,90 29,89 28,88 27,87 26,86 25,85 24,84 23,83 23,82 22,81 23,80 23,79 24,78 23,77 24,76 24,75 24,74
80,42 81,43 82,42 83,42 84,41 85,40 86,41 87,40 88,41 89,40 90,39 91,38 92,37 93,36 94,35 95,34 96,33 96,32 97,31 98,30 99,29 99,28 99,27 99,26 99,25 99,24 99,23 99,22 99,21 99,20 99,19 99,18 98,17
15,64 16,63 17,62 18,61 19,60 20,59 21,58 22,59 23,58 24,57 25,56 26,57 27,56 28,55 29,54 30,53 31,52 32,51
14,36 15,37 16,38 15,39 16,40 16,41 15,42 16,43 16,44 15,45 16,46 16,47 15,48 16,49 16,50 17,51 17,52 17,53 18,54
70,93 71,92 72,91 73,90 73,89 74,88 75,87 76,86 77,85 78,84 79,83 80,82 81,81 82,80 83,79 84,78 85,77 86,76 87,75 88,74 89,73 90,72 91,71 92,70 92,69 93,68 93,67
84,37 83,36 82,35 81,34 80,33 79,32 78,31 77,30 76,29 75,28 74,27 73,26 72,27 71,28 70,27 69,28 68,29 67,28 66,28 65,27 64,26 63,25 62,24 61,23 60,22 59,21 58,20 57,19 56,18 55,17 56,16 55,15 56,14 56,13
25,3 26,4 27,5 28,6 29,7 30,8 31,8 32,9
58,99 57,99 56,99 55,98 54,97 53,97 52,98 51,98 50,97 49,96 48,97 47,98 46,97 45,98 44,97 43,98 42,99 41,98 40,99 39,99 38,99 37,99 36,99 35,99 34,99 33,99 32,99 31,99 30,99 29,99 28,98 29,97
71,68 70,69 69,69 68,69 67,68 66,69 65,70 64,69 63,70 62,71 61,70 60,71 59,72 58,73
