stringstring33



somethingnothingasdftest1frogdonkeymonkeycathorsedogducktruemoresomethingstringstring33truestringstring33truesomethingstringstring33true
somethingnothingasdftest
frogdonkeymonkeycathorsedogduck
stringstring33
somethingstringstring33
moresomethingstringstring33
stringstring33a
k
3somethingnothingasdftest1frogdonkeymonkeycathorsedogducktruemoresomethingstringstring33truestringstring33truesomethingstringstring33truetruetruestringstring33truesomethingnothingasdftest1stringfrogdonkeymonkeycathorsedogducktrue
bvfg0



oj6
xx7


lt11
x13
gwti14
ww15
ocpp17
w19
dua20
mg21

