RRRPRRRPRRRPRRRPRRRPRRRPRPSSSSSS
RRRPRRRPRRRPRRRPRRRPRRRPRRRPRPPS
RRRPRRRPRRRPRRRPRRRPRRRPPRRSSSSS
RRRPRRRPRRRPRRRPRRRPRRRPPPPPPPPS
PRPRPRPRPRPRPRPRPRPRPRPRPRPPPPSS
RRRPRRRPRRRPRRRPRRRPRRRPRRRPRPPS
RRRPRRRPRRRPPRRPPPPPPPSSSSSSSSSS
PRPRPPPPPPPPPPPPPPPSSSSSSSSSSSSS
PRPRPPPPPPPPPPPPPPSSSSSSSSSSSSSS
PRPRPRPRPRPRPSSSSSSSSSSSSSSSSSSS
RRRPRRRPRRRPRRRPRRRPPRRPPPPSSSSS
PRPRPRPRPRPRPRPRPRPRPRPRPRPSSSSS
PRPRPPPPSSSSSSSSSSSSSSSSSSSSSSSS
RRRPRRRPRRRPRRRPRRRPRPPPPPPSSSSS
RRRPRRRPRRRPRRRPRRRPRRRPPRRSSSSS
PRPRPRPRPRPPPPPPPPSSSSSSSSSSSSSS
PRPRPRPPPPPSSSSSSSSSSSSSSSSSSSSS
RRRPRRRPRRRPRRRPSSSSSSSSSSSSSSSS
PRPRPRPRPRPPPPPPPPPPPPPPPPPPPSSS
PRPPPPPPPPPPPPPPPPPPPPPSSSSSSSSS
RRRPRRRPRRRPRRRPRRRPRRRPRRRPPPSS
RRRPRRRPRRRPRRRPRRRPRRRPPPPSSSSS
RRRPPRRPPSSSSSSSSSSSSSSSSSSSSSSS
RRRPRRRPPRRPPPSSSSSSSSSSSSSSSSSS
PRPPPPPPPPPPPPPPPPPPPPPPPPPPPSSS
RRRPRRRPRRRPRRRPPRRPPPPPPSSSSSSS
RRRPRRRPRRRPRPPPPPSSSSSSSSSSSSSS
PRPRPRPPPPPPPSSSSSSSSSSSSSSSSSSS
RRRPRRRPRRRPRRRPRRRPRRRPRPPSSSSS
PRPRPRPRPRPRPRPRPRPRPRPPSSSSSSSS
PRPRPRPRPRPRPRPRPRPRPRPRPRPPPSSS
RRRPRRRPPPPSSSSSSSSSSSSSSSSSSSSS
RRRPRRRPRRRPRRRPRRRPPRRPPPPPSSSS
PRPRPRPRPPPPPPPPPPPPPPSSSSSSSSSS
RRRPRRRPRRRPRRRPRRRPRRRPRPPPPPPS
PRPRPRPRPRPRPRPRPPPPPPPPPPPSSSSS
RRRPRRRPRRRPRRRPRRRPPRRPPPPPPSSS
RRRPRRRPRRRPRRRPPRRPPSSSSSSSSSSS
RRRPRRRPRRRPRRRPRRRPPPPPPPSSSSSS
RRRPRRRPRRRPRRRPRRRPRRRPRPPPPPSS
PRPRPRPRPRPRPRPRPRPRPRPPSSSSSSSS
PRPRPRPRPRPRPRPSSSSSSSSSSSSSSSSS
PRPRPPPPPPPPPPPPPPPSSSSSSSSSSSSS
RRRPRRRPRRRPRRRPRRRPPPSSSSSSSSSS
RRRPRRRPRRRPRRRPPRRPPPPSSSSSSSSS
PRPRPRPRPRPPPPSSSSSSSSSSSSSSSSSS
RRRPRRRPPRRPSSSSSSSSSSSSSSSSSSSS
RRRPRRRPRRRPRRRPRRRPPPPSSSSSSSSS
RRRPRRRPRRRPRRRPRRRPPPPPPPPPPPSS
RRRPRRRPRRRPRRRPSSSSSSSSSSSSSSSS
