RRRPRRRPPRRPPSSSSSSSSSSSSSSSSSSS
RRRPRRRPRRRPRRRPRRRPRRRPRRRPPSSS
PRPRPRPRPRPRPRPRPRPRPRPRPRPRPRPS
RRRPRRRPRRRPRRRPRPPPPSSSSSSSSSSS
PRPRPRPRPRPRPRPRPPPPPPPPPPPPPSSS
PRPRPPPPPPPSSSSSSSSSSSSSSSSSSSSS
RRRPRRRPRRRPRRRPRRRPRRRPRRRPPSSS
RRRPRRRPRRRPRRRPRRRPRRRPPSSSSSSS
PRPRPRPRPRPRPPPPPPSSSSSSSSSSSSSS
RRRPRRRPRRRPRRRPRRRPPPPSSSSSSSSS
PRPRPRPPPPPPPPPPPPPPPPPPPPPPPPSS
RRRPRRRPRRRPRRRPRRRPRRRPRRRPPSSS
RRRPRRRPPRRPSSSSSSSSSSSSSSSSSSSS
RRRPRRRPRRRPRRRPRPPSSSSSSSSSSSSS
RRRPRRRPRRRPRRRPRRRPRRRPPRRPPSSS
RRRPRRRPRRRPRRRPRRRPPPPPPPPPPPSS
RRRPRRRPRRRPPRRSSSSSSSSSSSSSSSSS
PRPRPRPPPPPPPPPPPPPPPPPPPPSSSSSS
PRPRPRPRPRPRPRPRPRPRPRPRPRPRPRPS
RRRPRRRPRRRPRRRPRRRPRRRPRRRPRPPS
PRPRPRPRPRPRPSSSSSSSSSSSSSSSSSSS
PRPRPRPRPRPPPPPPPPPPPPPPSSSSSSSS
PRPPPPPPPPSSSSSSSSSSSSSSSSSSSSSS
RRRPRRRPRRRPRRRPRRRPRRRPPPPPSSSS
RRRPRRRPRRRPRRRPRRRPPPSSSSSSSSSS
PRPRPRPRPRPSSSSSSSSSSSSSSSSSSSSS
RRRPRRRPRRRPRRRPPRRPPPSSSSSSSSSS
PRPRPRPRPRPPPPPPPSSSSSSSSSSSSSSS
RRRPRRRPRRRPRRRPRPPPPPSSSSSSSSSS
RRRPRRRPRRRPRRRPRRRPRRRPPRRPPPSS
PRPRPRPRPRPRPPPSSSSSSSSSSSSSSSSS
PRPRPRPRPPPPPPPPPPPPPPPSSSSSSSSS
PRPRPRPPPPSSSSSSSSSSSSSSSSSSSSSS
RRRPRRRPRRRPRRRPRRRPPRRPPPPPPSSS
PRPRPRPRPRPRPRPSSSSSSSSSSSSSSSSS
PRPRPRPPPPPPPPPPPPPPPPPPPPPPPSSS
PRPRPRPRPRPPPPPPPPPPPPPPSSSSSSSS
PRPRPRPRPRPRPRPRPPPPPPPPPPPPPPPS
RRRPRRRPRRRPRRRPRRRPRPPPPSSSSSSS
PRPRPRPPPPPPPPPPPPPPPPPPPPPPSSSS
RRRPRRRPRRRPRRRPRPPPPPSSSSSSSSSS
RRRPRRRPRRRPRRRPRRRPRRRPRPPPPSSS
PRPRPRPRPRPRPRPRPRPRPRPPPSSSSSSS
PRPRPPPPPPPPPPPPPPPPSSSSSSSSSSSS
PRPPPPPPPSSSSSSSSSSSSSSSSSSSSSSS
RRRPRRRPRRRPRRRPPPPPPPPSSSSSSSSS
PRPPPPPPPPPPPPPPPPPPPPPPPSSSSSSS
PRPRPRPRPRPRPPPPPPPPPPPPPPPPSSSS
RRRPRRRPRRRPRRRPRRRPRRRPRPPPSSSS
PRPRPPPPPPPPPPPPPPPPPPPPPPSSSSSS
